:Monkey: seed=1663746972410 count=500
:AllowPackage: com.litatom.app
:IncludeCategory: android.intent.category.LAUNCHER
:IncludeCategory: android.intent.category.MONKEY
// Selecting main activities from category android.intent.category.LAUNCHER
//   - NOT USING main activity com.google.android.apps.chrome.Main (from package com.android.chrome)
//   - NOT USING main activity com.android.contacts.activities.PeopleActivity (from package com.android.contacts)
//   - NOT USING main activity com.android.gallery3d.app.GalleryActivity (from package com.android.gallery3d)
//   - NOT USING main activity com.android.settings.Settings (from package com.android.settings)
//   - NOT USING main activity com.cyanogenmod.filemanager.activities.NavigationActivity (from package com.cyanogenmod.filemanager)
//   - NOT USING main activity com.android.documentsui.LauncherActivity (from package com.android.documentsui)
//   - NOT USING main activity com.android.flysilkworm.app.activity.FrameworkActivity (from package com.android.flysilkworm)
//   - NOT USING main activity ldmnq.ldapp.MainActivity (from package com.android.googleinstaller)
//   + Using main activity com.lit.app.ui.SplashActivity (from package com.litatom.app)
// Selecting main activities from category android.intent.category.MONKEY
//   - NOT USING main activity com.android.launcher3.Launcher (from package com.android.launcher3)
//   - NOT USING main activity com.android.settings.Settings$RunningServicesActivity (from package com.android.settings)
//   - NOT USING main activity com.android.settings.Settings$StorageUseActivity (from package com.android.settings)
// Seeded: 1663746972410
// Event percentages:
//   0: 15.0%
//   1: 10.0%
//   2: 2.0%
//   3: 15.0%
//   4: -0.0%
//   5: -0.0%
//   6: 25.0%
//   7: 15.0%
//   8: 2.0%
//   9: 2.0%
//   10: 1.0%
//   11: 13.0%
:Switch: #Intent;action=android.intent.action.MAIN;category=android.intent.category.LAUNCHER;launchFlags=0x10200000;component=com.litatom.app/com.lit.app.ui.SplashActivity;end
    // Allowing start of Intent { act=android.intent.action.MAIN cat=[android.intent.category.LAUNCHER] cmp=com.litatom.app/com.lit.app.ui.SplashActivity } in package com.litatom.app
Sleeping for 500 milliseconds
:Sending Key (ACTION_DOWN): 20    // KEYCODE_DPAD_DOWN
:Sending Key (ACTION_UP): 20    // KEYCODE_DPAD_DOWN
Sleeping for 500 milliseconds
:Sending Key (ACTION_DOWN): 20    // KEYCODE_DPAD_DOWN
:Sending Key (ACTION_UP): 20    // KEYCODE_DPAD_DOWN
Sleeping for 500 milliseconds
:Sending Key (ACTION_DOWN): 20    // KEYCODE_DPAD_DOWN
:Sending Key (ACTION_UP): 20    // KEYCODE_DPAD_DOWN
Sleeping for 500 milliseconds
:Sending Key (ACTION_DOWN): 23    // KEYCODE_DPAD_CENTER
:Sending Key (ACTION_UP): 23    // KEYCODE_DPAD_CENTER
Sleeping for 500 milliseconds
:Sending Trackball (ACTION_MOVE): 0:(-2.0,3.0)
:Sending Trackball (ACTION_MOVE): 0:(-2.0,-2.0)
:Sending Trackball (ACTION_MOVE): 0:(2.0,-2.0)
:Sending Trackball (ACTION_MOVE): 0:(-4.0,-4.0)
:Sending Trackball (ACTION_MOVE): 0:(0.0,-2.0)
:Sending Trackball (ACTION_MOVE): 0:(-5.0,-5.0)
:Sending Trackball (ACTION_MOVE): 0:(-5.0,2.0)
:Sending Trackball (ACTION_MOVE): 0:(2.0,1.0)
:Sending Trackball (ACTION_MOVE): 0:(-3.0,2.0)
:Sending Trackball (ACTION_MOVE): 0:(1.0,3.0)
:Sending Key (ACTION_DOWN): 59    // KEYCODE_SHIFT_LEFT
:Sending Key (ACTION_UP): 59    // KEYCODE_SHIFT_LEFT
Sleeping for 500 milliseconds
:Sending Key (ACTION_DOWN): 21    // KEYCODE_DPAD_LEFT
:Sending Key (ACTION_UP): 21    // KEYCODE_DPAD_LEFT
Sleeping for 500 milliseconds
:Sending Touch (ACTION_DOWN): 0:(1062.0,1160.0)
:Sending Touch (ACTION_POINTER_DOWN 1): 0:(1064.8514,1162.624) 1:(660.0,333.0)
:Sending Touch (ACTION_MOVE): 0:(1067.9076,1166.8851) 1:(663.6291,332.22916)
:Sending Touch (ACTION_MOVE): 0:(1070.7275,1171.4105) 1:(664.3686,329.59924)
:Sending Touch (ACTION_MOVE): 0:(1074.3014,1176.6296) 1:(670.51794,328.84067)
:Sending Touch (ACTION_POINTER_UP 1): 0:(1076.024,1179.9518) 1:(685.045,324.84393)
:Sending Touch (ACTION_UP): 0:(1077.9469,1182.908)
Sleeping for 500 milliseconds
:Sending Key (ACTION_DOWN): 23    // KEYCODE_DPAD_CENTER
:Sending Key (ACTION_UP): 23    // KEYCODE_DPAD_CENTER
Sleeping for 500 milliseconds
:Sending Touch (ACTION_DOWN): 0:(9.0,391.0)
:Sending Touch (ACTION_UP): 0:(30.018013,388.22006)
Sleeping for 500 milliseconds
:Sending Key (ACTION_DOWN): 82    // KEYCODE_MENU
:Sending Key (ACTION_UP): 82    // KEYCODE_MENU
Sleeping for 500 milliseconds
:Sending Touch (ACTION_DOWN): 0:(515.0,1867.0)
:Sending Touch (ACTION_MOVE): 0:(508.04077,1870.238)
:Sending Touch (ACTION_MOVE): 0:(506.44263,1871.1451)
:Sending Touch (ACTION_MOVE): 0:(496.7885,1873.4603)
:Sending Touch (ACTION_UP): 0:(494.66846,1874.2064)
Sleeping for 500 milliseconds
:Switch: #Intent;action=android.intent.action.MAIN;category=android.intent.category.LAUNCHER;launchFlags=0x10200000;component=com.litatom.app/com.lit.app.ui.SplashActivity;end
    // Allowing start of Intent { act=android.intent.action.MAIN cat=[android.intent.category.LAUNCHER] cmp=com.litatom.app/com.lit.app.ui.SplashActivity } in package com.litatom.app
Sleeping for 500 milliseconds
:Sending Key (ACTION_DOWN): 82    // KEYCODE_MENU
:Sending Key (ACTION_UP): 82    // KEYCODE_MENU
Sleeping for 500 milliseconds
:Sending Key (ACTION_DOWN): 21    // KEYCODE_DPAD_LEFT
:Sending Key (ACTION_UP): 21    // KEYCODE_DPAD_LEFT
Sleeping for 500 milliseconds
:Sending Touch (ACTION_DOWN): 0:(654.0,385.0)
:Sending Touch (ACTION_UP): 0:(642.85156,376.30334)
Sleeping for 500 milliseconds
:Sending Touch (ACTION_DOWN): 0:(128.0,922.0)
:Sending Touch (ACTION_POINTER_DOWN 1): 0:(143.45238,904.0719) 1:(451.0,802.0)
:Sending Touch (ACTION_MOVE): 0:(161.71692,886.14984) 1:(438.52524,803.82526)
:Sending Touch (ACTION_MOVE): 0:(162.46793,869.42676) 1:(434.37878,805.13306)
:Sending Touch (ACTION_MOVE): 0:(172.62099,863.1293) 1:(424.77225,806.0076)
:Sending Touch (ACTION_MOVE): 0:(174.16748,857.32245) 1:(417.9439,808.0063)
:Sending Touch (ACTION_MOVE): 0:(193.27113,840.17487) 1:(415.97845,810.56616)
:Sending Touch (ACTION_MOVE): 0:(200.90712,836.43036) 1:(404.27933,812.64014)
:Sending Touch (ACTION_MOVE): 0:(215.94893,824.45105) 1:(390.24142,813.1423)
:Sending Touch (ACTION_MOVE): 0:(229.7364,821.84344) 1:(386.0777,816.23816)
:Sending Touch (ACTION_POINTER_UP 1): 0:(248.18002,801.9549) 1:(370.99664,819.64355)
:Sending Touch (ACTION_UP): 0:(265.68457,797.9751)
Sleeping for 500 milliseconds
:Sending Trackball (ACTION_MOVE): 0:(-5.0,-2.0)
:Sending Trackball (ACTION_MOVE): 0:(4.0,-3.0)
:Sending Trackball (ACTION_MOVE): 0:(-4.0,-4.0)
:Sending Trackball (ACTION_MOVE): 0:(-2.0,4.0)
:Sending Trackball (ACTION_MOVE): 0:(4.0,-5.0)
:Sending Trackball (ACTION_MOVE): 0:(2.0,-4.0)
:Sending Trackball (ACTION_MOVE): 0:(-1.0,0.0)
:Sending Trackball (ACTION_MOVE): 0:(3.0,-4.0)
:Sending Trackball (ACTION_MOVE): 0:(-2.0,-2.0)
:Sending Trackball (ACTION_MOVE): 0:(3.0,-5.0)
:Sending Key (ACTION_DOWN): 23    // KEYCODE_DPAD_CENTER
:Sending Key (ACTION_UP): 23    // KEYCODE_DPAD_CENTER
Sleeping for 500 milliseconds
:Sending Touch (ACTION_DOWN): 0:(1038.0,1246.0)
:Sending Touch (ACTION_UP): 0:(1030.1515,1243.3545)
Sleeping for 500 milliseconds
:Sending Key (ACTION_DOWN): 68    // KEYCODE_GRAVE
:Sending Key (ACTION_UP): 68    // KEYCODE_GRAVE
Sleeping for 500 milliseconds
:Sending Key (ACTION_DOWN): 19    // KEYCODE_DPAD_UP
:Sending Key (ACTION_UP): 19    // KEYCODE_DPAD_UP
Sleeping for 500 milliseconds
:Sending Touch (ACTION_DOWN): 0:(309.0,385.0)
:Sending Touch (ACTION_UP): 0:(290.2859,377.10773)
Sleeping for 500 milliseconds
:Sending Key (ACTION_DOWN): 23    // KEYCODE_DPAD_CENTER
:Sending Key (ACTION_UP): 23    // KEYCODE_DPAD_CENTER
Sleeping for 500 milliseconds
:Sending Key (ACTION_DOWN): 19    // KEYCODE_DPAD_UP
:Sending Key (ACTION_UP): 19    // KEYCODE_DPAD_UP
Sleeping for 500 milliseconds
:Sending Touch (ACTION_DOWN): 0:(742.0,708.0)
:Sending Touch (ACTION_UP): 0:(741.48486,694.0273)
Sleeping for 500 milliseconds
:Sending Key (ACTION_DOWN): 82    // KEYCODE_MENU
:Sending Key (ACTION_UP): 82    // KEYCODE_MENU
Sleeping for 500 milliseconds
:Sending Key (ACTION_DOWN): 3    // KEYCODE_HOME
:Sending Key (ACTION_UP): 3    // KEYCODE_HOME
    // Rejecting start of Intent { act=android.intent.action.MAIN cat=[android.intent.category.HOME] cmp=com.android.launcher3/.Launcher } in package com.android.launcher3
Sleeping for 500 milliseconds
:Sending Key (ACTION_DOWN): 20    // KEYCODE_DPAD_DOWN
:Sending Key (ACTION_UP): 20    // KEYCODE_DPAD_DOWN
Sleeping for 500 milliseconds
:Sending Key (ACTION_DOWN): 82    // KEYCODE_MENU
:Sending Key (ACTION_UP): 82    // KEYCODE_MENU
Sleeping for 500 milliseconds
:Sending Touch (ACTION_DOWN): 0:(389.0,900.0)
:Sending Touch (ACTION_UP): 0:(370.76926,890.18744)
Sleeping for 500 milliseconds
:Sending Key (ACTION_DOWN): 23    // KEYCODE_DPAD_CENTER
:Sending Key (ACTION_UP): 23    // KEYCODE_DPAD_CENTER
Sleeping for 500 milliseconds
:Sending Key (ACTION_DOWN): 20    // KEYCODE_DPAD_DOWN
:Sending Key (ACTION_UP): 20    // KEYCODE_DPAD_DOWN
    //[calendar_time:2022-09-19 11:34:24.721  system_uptime:511453]
    // Sending event #100
Sleeping for 500 milliseconds
    //[calendar_time:2022-09-19 11:34:25.226  system_uptime:511959]
    // Sending event #100
:Sending Touch (ACTION_DOWN): 0:(249.0,555.0)
:Sending Touch (ACTION_UP): 0:(243.97983,542.54877)
Sleeping for 500 milliseconds
:Sending Key (ACTION_DOWN): 22    // KEYCODE_DPAD_RIGHT
:Sending Key (ACTION_UP): 22    // KEYCODE_DPAD_RIGHT
Sleeping for 500 milliseconds
:Sending Touch (ACTION_DOWN): 0:(989.0,352.0)
:Sending Touch (ACTION_UP): 0:(1004.61084,341.20023)
Sleeping for 500 milliseconds
:Sending Key (ACTION_DOWN): 213    // KEYCODE_MUHENKAN
:Sending Key (ACTION_UP): 213    // KEYCODE_MUHENKAN
Sleeping for 500 milliseconds
:Sending Key (ACTION_DOWN): 19    // KEYCODE_DPAD_UP
:Sending Key (ACTION_UP): 19    // KEYCODE_DPAD_UP
Sleeping for 500 milliseconds
:Sending Key (ACTION_DOWN): 20    // KEYCODE_DPAD_DOWN
:Sending Key (ACTION_UP): 20    // KEYCODE_DPAD_DOWN
Sleeping for 500 milliseconds
:Sending Key (ACTION_DOWN): 82    // KEYCODE_MENU
:Sending Key (ACTION_UP): 82    // KEYCODE_MENU
Sleeping for 500 milliseconds
:Sending Touch (ACTION_DOWN): 0:(609.0,681.0)
:Sending Touch (ACTION_UP): 0:(608.03766,701.2033)
Sleeping for 500 milliseconds
:Sending Key (ACTION_DOWN): 65    // KEYCODE_ENVELOPE
:Sending Key (ACTION_UP): 65    // KEYCODE_ENVELOPE
Sleeping for 500 milliseconds
:Sending Key (ACTION_DOWN): 82    // KEYCODE_MENU
:Sending Key (ACTION_UP): 82    // KEYCODE_MENU
Sleeping for 500 milliseconds
:Sending Key (ACTION_DOWN): 23    // KEYCODE_DPAD_CENTER
:Sending Key (ACTION_UP): 23    // KEYCODE_DPAD_CENTER
Sleeping for 500 milliseconds
:Sending Touch (ACTION_DOWN): 0:(945.0,1293.0)
:Sending Touch (ACTION_MOVE): 0:(942.7811,1306.4486)
:Sending Touch (ACTION_MOVE): 0:(942.05853,1311.0)
:Sending Touch (ACTION_MOVE): 0:(939.64014,1323.9259)
:Sending Touch (ACTION_MOVE): 0:(937.22394,1330.3812)
:Sending Touch (ACTION_MOVE): 0:(929.2689,1338.1246)
    // Injection Failed
:Sending Touch (ACTION_MOVE): 0:(920.9345,1341.6674)
    // Injection Failed
:Sending Touch (ACTION_MOVE): 0:(914.6404,1353.2064)
    // Injection Failed
:Sending Touch (ACTION_MOVE): 0:(909.5746,1367.5183)
    // Injection Failed
:Sending Touch (ACTION_UP): 0:(906.5696,1381.0605)
    // Injection Failed
Sleeping for 500 milliseconds
:Sending Trackball (ACTION_MOVE): 0:(3.0,-4.0)
:Sending Trackball (ACTION_MOVE): 0:(1.0,-1.0)
:Sending Trackball (ACTION_MOVE): 0:(-3.0,1.0)
:Sending Trackball (ACTION_MOVE): 0:(-2.0,-2.0)
:Sending Trackball (ACTION_MOVE): 0:(0.0,0.0)
:Sending Trackball (ACTION_MOVE): 0:(1.0,-5.0)
:Sending Trackball (ACTION_MOVE): 0:(-3.0,-4.0)
:Sending Trackball (ACTION_MOVE): 0:(3.0,1.0)
:Sending Trackball (ACTION_MOVE): 0:(2.0,-5.0)
:Sending Trackball (ACTION_MOVE): 0:(2.0,-2.0)
:Sending Touch (ACTION_DOWN): 0:(1006.0,1668.0)
:Sending Touch (ACTION_UP): 0:(1005.90485,1668.0881)
Sleeping for 500 milliseconds
:Sending Touch (ACTION_DOWN): 0:(952.0,27.0)
:Sending Touch (ACTION_UP): 0:(971.0187,13.709821)
Sleeping for 500 milliseconds
:Sending Key (ACTION_DOWN): 20    // KEYCODE_DPAD_DOWN
:Sending Key (ACTION_UP): 20    // KEYCODE_DPAD_DOWN
Sleeping for 500 milliseconds
:Sending Touch (ACTION_DOWN): 0:(1032.0,1624.0)
:Sending Touch (ACTION_UP): 0:(1041.0537,1624.6469)
Sleeping for 500 milliseconds
:Sending Touch (ACTION_DOWN): 0:(814.0,982.0)
:Sending Touch (ACTION_UP): 0:(807.4071,970.8268)
Sleeping for 500 milliseconds
:Sending Key (ACTION_DOWN): 20    // KEYCODE_DPAD_DOWN
:Sending Key (ACTION_UP): 20    // KEYCODE_DPAD_DOWN
Sleeping for 500 milliseconds
:Sending Key (ACTION_DOWN): 23    // KEYCODE_DPAD_CENTER
:Sending Key (ACTION_UP): 23    // KEYCODE_DPAD_CENTER
Sleeping for 500 milliseconds
:Sending Touch (ACTION_DOWN): 0:(507.0,1012.0)
:Sending Touch (ACTION_UP): 0:(515.9592,991.184)
Sleeping for 500 milliseconds
:Sending Key (ACTION_DOWN): 21    // KEYCODE_DPAD_LEFT
:Sending Key (ACTION_UP): 21    // KEYCODE_DPAD_LEFT
Sleeping for 500 milliseconds
:Sending Key (ACTION_DOWN): 82    // KEYCODE_MENU
:Sending Key (ACTION_UP): 82    // KEYCODE_MENU
Sleeping for 500 milliseconds
:Sending Key (ACTION_DOWN): 23    // KEYCODE_DPAD_CENTER
:Sending Key (ACTION_UP): 23    // KEYCODE_DPAD_CENTER
Sleeping for 500 milliseconds
:Sending Trackball (ACTION_MOVE): 0:(-3.0,-4.0)
:Sending Trackball (ACTION_MOVE): 0:(0.0,-4.0)
:Sending Trackball (ACTION_MOVE): 0:(1.0,0.0)
:Sending Trackball (ACTION_MOVE): 0:(3.0,3.0)
:Sending Trackball (ACTION_MOVE): 0:(-2.0,-3.0)
:Sending Trackball (ACTION_MOVE): 0:(-2.0,-2.0)
:Sending Trackball (ACTION_MOVE): 0:(-5.0,2.0)
:Sending Trackball (ACTION_MOVE): 0:(-2.0,-5.0)
:Sending Trackball (ACTION_MOVE): 0:(0.0,-2.0)
:Sending Trackball (ACTION_MOVE): 0:(-2.0,0.0)
:Sending Flip keyboardOpen=false
Sleeping for 500 milliseconds
:Sending Key (ACTION_DOWN): 82    // KEYCODE_MENU
:Sending Key (ACTION_UP): 82    // KEYCODE_MENU
Sleeping for 500 milliseconds
:Sending Key (ACTION_DOWN): 20    // KEYCODE_DPAD_DOWN
:Sending Key (ACTION_UP): 20    // KEYCODE_DPAD_DOWN
Sleeping for 500 milliseconds
:Sending Key (ACTION_DOWN): 224    // KEYCODE_WAKEUP
:Sending Key (ACTION_UP): 224    // KEYCODE_WAKEUP
Sleeping for 500 milliseconds
:Sending Key (ACTION_DOWN): 20    // KEYCODE_DPAD_DOWN
:Sending Key (ACTION_UP): 20    // KEYCODE_DPAD_DOWN
Sleeping for 500 milliseconds
:Sending Touch (ACTION_DOWN): 0:(718.0,938.0)
:Sending Touch (ACTION_UP): 0:(712.80927,934.9291)
Sleeping for 500 milliseconds
:Sending Key (ACTION_DOWN): 269    // KEYCODE_DPAD_DOWN_LEFT
:Sending Key (ACTION_UP): 269    // KEYCODE_DPAD_DOWN_LEFT
Sleeping for 500 milliseconds
:Sending Key (ACTION_DOWN): 19    // KEYCODE_DPAD_UP
:Sending Key (ACTION_UP): 19    // KEYCODE_DPAD_UP
Sleeping for 500 milliseconds
:Sending Key (ACTION_DOWN): 20    // KEYCODE_DPAD_DOWN
:Sending Key (ACTION_UP): 20    // KEYCODE_DPAD_DOWN
Sleeping for 500 milliseconds
:Sending Touch (ACTION_DOWN): 0:(382.0,910.0)
:Sending Touch (ACTION_MOVE): 0:(392.0973,898.30646)
:Sending Touch (ACTION_MOVE): 0:(398.58618,892.69586)
:Sending Touch (ACTION_UP): 0:(407.08694,887.49646)
Sleeping for 500 milliseconds
:Sending Key (ACTION_DOWN): 192    // KEYCODE_BUTTON_5
:Sending Key (ACTION_UP): 192    // KEYCODE_BUTTON_5
Sleeping for 500 milliseconds
:Sending Key (ACTION_DOWN): 22    // KEYCODE_DPAD_RIGHT
:Sending Key (ACTION_UP): 22    // KEYCODE_DPAD_RIGHT
Sleeping for 500 milliseconds
:Sending Key (ACTION_DOWN): 263    // KEYCODE_NAVIGATE_OUT
    //[calendar_time:2022-09-19 11:34:42.889  system_uptime:529621]
    // Sending event #200
:Sending Key (ACTION_UP): 263    // KEYCODE_NAVIGATE_OUT
Sleeping for 500 milliseconds
:Sending Key (ACTION_DOWN): 131    // KEYCODE_F1
:Sending Key (ACTION_UP): 131    // KEYCODE_F1
Sleeping for 500 milliseconds
:Sending Trackball (ACTION_MOVE): 0:(3.0,-3.0)
:Sending Trackball (ACTION_MOVE): 0:(3.0,2.0)
:Sending Trackball (ACTION_MOVE): 0:(2.0,-1.0)
:Sending Trackball (ACTION_MOVE): 0:(-2.0,-4.0)
:Sending Trackball (ACTION_MOVE): 0:(-1.0,-2.0)
:Sending Trackball (ACTION_MOVE): 0:(0.0,3.0)
:Sending Trackball (ACTION_MOVE): 0:(-2.0,2.0)
:Sending Trackball (ACTION_MOVE): 0:(1.0,1.0)
:Sending Trackball (ACTION_MOVE): 0:(-2.0,-2.0)
:Sending Trackball (ACTION_MOVE): 0:(-1.0,-1.0)
:Sending Touch (ACTION_DOWN): 0:(827.0,32.0)
:Sending Touch (ACTION_POINTER_DOWN 1): 0:(826.1781,31.54774) 1:(92.0,1520.0)
:Sending Touch (ACTION_MOVE): 0:(823.8054,27.610415) 1:(102.29142,1531.2649)
:Sending Touch (ACTION_MOVE): 0:(822.32837,27.147223) 1:(105.512985,1533.2251)
:Sending Touch (ACTION_MOVE): 0:(820.6149,22.196487) 1:(108.06271,1533.859)
:Sending Touch (ACTION_MOVE): 0:(818.5599,20.04419) 1:(121.36036,1540.2578)
:Sending Touch (ACTION_MOVE): 0:(817.4116,19.862244) 1:(123.087585,1547.8445)
:Sending Touch (ACTION_MOVE): 0:(817.2864,15.219453) 1:(132.51865,1553.5409)
:Sending Touch (ACTION_POINTER_UP 1): 0:(815.3881,15.214015) 1:(145.96402,1554.2416)
:Sending Touch (ACTION_UP): 0:(812.87335,10.625633)
Sleeping for 500 milliseconds
:Sending Key (ACTION_DOWN): 19    // KEYCODE_DPAD_UP
:Sending Key (ACTION_UP): 19    // KEYCODE_DPAD_UP
Sleeping for 500 milliseconds
:Sending Touch (ACTION_DOWN): 0:(1030.0,1396.0)
:Sending Touch (ACTION_MOVE): 0:(1019.8338,1400.7606)
:Sending Touch (ACTION_MOVE): 0:(1015.434,1400.8323)
:Sending Touch (ACTION_MOVE): 0:(1014.2332,1408.9967)
:Sending Touch (ACTION_UP): 0:(1006.6014,1413.405)
Sleeping for 500 milliseconds
:Sending Touch (ACTION_DOWN): 0:(433.0,1155.0)
:Sending Touch (ACTION_UP): 0:(434.49783,1151.4083)
Sleeping for 500 milliseconds
:Sending Touch (ACTION_DOWN): 0:(780.0,1118.0)
:Sending Touch (ACTION_MOVE): 0:(796.47015,1119.096)
:Sending Touch (ACTION_UP): 0:(813.179,1119.8943)
Sleeping for 500 milliseconds
:Sending Key (ACTION_DOWN): 82    // KEYCODE_MENU
:Sending Key (ACTION_UP): 82    // KEYCODE_MENU
Sleeping for 500 milliseconds
:Sending Trackball (ACTION_MOVE): 0:(3.0,-5.0)
:Sending Trackball (ACTION_MOVE): 0:(-4.0,-3.0)
:Sending Trackball (ACTION_MOVE): 0:(-5.0,2.0)
:Sending Trackball (ACTION_MOVE): 0:(2.0,0.0)
:Sending Trackball (ACTION_MOVE): 0:(4.0,3.0)
:Sending Trackball (ACTION_MOVE): 0:(0.0,-5.0)
:Sending Trackball (ACTION_MOVE): 0:(-1.0,1.0)
:Sending Trackball (ACTION_MOVE): 0:(3.0,-3.0)
:Sending Trackball (ACTION_MOVE): 0:(-1.0,2.0)
:Sending Trackball (ACTION_MOVE): 0:(4.0,-4.0)
:Sending Key (ACTION_DOWN): 22    // KEYCODE_DPAD_RIGHT
:Sending Key (ACTION_UP): 22    // KEYCODE_DPAD_RIGHT
Sleeping for 500 milliseconds
:Sending Key (ACTION_DOWN): 21    // KEYCODE_DPAD_LEFT
:Sending Key (ACTION_UP): 21    // KEYCODE_DPAD_LEFT
Sleeping for 500 milliseconds
:Sending Touch (ACTION_DOWN): 0:(761.0,956.0)
:Sending Touch (ACTION_MOVE): 0:(758.7507,960.9314)
:Sending Touch (ACTION_MOVE): 0:(753.3012,963.0473)
:Sending Touch (ACTION_MOVE): 0:(751.8147,963.553)
:Sending Touch (ACTION_MOVE): 0:(751.0456,971.5647)
:Sending Touch (ACTION_MOVE): 0:(748.3256,980.1231)
:Sending Touch (ACTION_MOVE): 0:(744.145,980.2231)
:Sending Touch (ACTION_MOVE): 0:(742.02515,984.1683)
:Sending Touch (ACTION_MOVE): 0:(739.8884,984.90594)
:Sending Touch (ACTION_MOVE): 0:(736.4081,985.4776)
:Sending Touch (ACTION_UP): 0:(731.31354,988.1124)
Sleeping for 500 milliseconds
:Sending Key (ACTION_DOWN): 173    // KEYCODE_DVR
:Sending Key (ACTION_UP): 173    // KEYCODE_DVR
Sleeping for 500 milliseconds
:Sending Touch (ACTION_DOWN): 0:(274.0,1725.0)
:Sending Touch (ACTION_UP): 0:(279.4845,1717.4984)
Sleeping for 500 milliseconds
    // Rejecting start of Intent { cmp=com.android.flysilkworm/.app.activity.FrameworkActivity } in package com.android.flysilkworm
:Sending Key (ACTION_DOWN): 82    // KEYCODE_MENU
:Sending Key (ACTION_UP): 82    // KEYCODE_MENU
Sleeping for 500 milliseconds
:Sending Key (ACTION_DOWN): 252    // KEYCODE_TV_AUDIO_DESCRIPTION
:Sending Key (ACTION_UP): 252    // KEYCODE_TV_AUDIO_DESCRIPTION
Sleeping for 500 milliseconds
:Sending Touch (ACTION_DOWN): 0:(473.0,562.0)
:Sending Touch (ACTION_UP): 0:(474.9357,565.85126)
Sleeping for 500 milliseconds
:Sending Key (ACTION_DOWN): 23    // KEYCODE_DPAD_CENTER
:Sending Key (ACTION_UP): 23    // KEYCODE_DPAD_CENTER
Sleeping for 500 milliseconds
:Sending Touch (ACTION_DOWN): 0:(258.0,1028.0)
:Sending Touch (ACTION_UP): 0:(257.92767,1018.97845)
Sleeping for 500 milliseconds
:Sending Key (ACTION_DOWN): 21    // KEYCODE_DPAD_LEFT
:Sending Key (ACTION_UP): 21    // KEYCODE_DPAD_LEFT
Sleeping for 500 milliseconds
:Sending Touch (ACTION_DOWN): 0:(945.0,233.0)
:Sending Touch (ACTION_UP): 0:(952.00055,237.5671)
Sleeping for 500 milliseconds
    // Allowing start of Intent { act=android.intent.action.MAIN cat=[android.intent.category.LAUNCHER] cmp=com.litatom.app/com.lit.app.ui.SplashActivity } in package com.litatom.app
:Sending Key (ACTION_DOWN): 82    // KEYCODE_MENU
:Sending Key (ACTION_UP): 82    // KEYCODE_MENU
Sleeping for 500 milliseconds
:Sending Trackball (ACTION_MOVE): 0:(3.0,3.0)
:Sending Trackball (ACTION_MOVE): 0:(3.0,3.0)
:Sending Trackball (ACTION_MOVE): 0:(-4.0,0.0)
:Sending Trackball (ACTION_MOVE): 0:(-3.0,3.0)
:Sending Trackball (ACTION_MOVE): 0:(2.0,3.0)
:Sending Trackball (ACTION_MOVE): 0:(-2.0,-5.0)
:Sending Trackball (ACTION_MOVE): 0:(1.0,-1.0)
:Sending Trackball (ACTION_MOVE): 0:(-3.0,4.0)
:Sending Trackball (ACTION_MOVE): 0:(-4.0,-4.0)
:Sending Trackball (ACTION_MOVE): 0:(-5.0,0.0)
:Sending Key (ACTION_DOWN): 82    // KEYCODE_MENU
:Sending Key (ACTION_UP): 82    // KEYCODE_MENU
Sleeping for 500 milliseconds
:Sending Key (ACTION_DOWN): 20    // KEYCODE_DPAD_DOWN
:Sending Key (ACTION_UP): 20    // KEYCODE_DPAD_DOWN
Sleeping for 500 milliseconds
:Sending Key (ACTION_DOWN): 21    // KEYCODE_DPAD_LEFT
:Sending Key (ACTION_UP): 21    // KEYCODE_DPAD_LEFT
Sleeping for 500 milliseconds
:Sending Touch (ACTION_DOWN): 0:(237.0,84.0)
:Sending Touch (ACTION_MOVE): 0:(240.4012,89.97166)
    //[calendar_time:2022-09-19 11:34:57.230  system_uptime:543962]
    // Sending event #300
:Sending Touch (ACTION_MOVE): 0:(242.73633,94.58396)
:Sending Touch (ACTION_MOVE): 0:(243.47292,98.68177)
:Sending Touch (ACTION_MOVE): 0:(245.1478,101.523575)
:Sending Touch (ACTION_MOVE): 0:(248.36385,109.13582)
:Sending Touch (ACTION_UP): 0:(249.02905,113.146835)
Sleeping for 500 milliseconds
:Sending Key (ACTION_DOWN): 19    // KEYCODE_DPAD_UP
:Sending Key (ACTION_UP): 19    // KEYCODE_DPAD_UP
Sleeping for 500 milliseconds
:Sending Touch (ACTION_DOWN): 0:(408.0,1242.0)
:Sending Touch (ACTION_UP): 0:(411.5081,1262.4937)
Sleeping for 500 milliseconds
:Sending Touch (ACTION_DOWN): 0:(291.0,1013.0)
:Sending Touch (ACTION_UP): 0:(292.62003,1012.7241)
Sleeping for 500 milliseconds
:Sending Key (ACTION_DOWN): 154    // KEYCODE_NUMPAD_DIVIDE
:Sending Key (ACTION_UP): 154    // KEYCODE_NUMPAD_DIVIDE
Sleeping for 500 milliseconds
:Sending Flip keyboardOpen=true
Sleeping for 500 milliseconds
:Sending Touch (ACTION_DOWN): 0:(994.0,1827.0)
:Sending Touch (ACTION_UP): 0:(1003.5469,1815.915)
Sleeping for 500 milliseconds
:Sending Key (ACTION_DOWN): 82    // KEYCODE_MENU
:Sending Key (ACTION_UP): 82    // KEYCODE_MENU
Sleeping for 500 milliseconds
:Sending Trackball (ACTION_MOVE): 0:(4.0,3.0)
:Sending Trackball (ACTION_MOVE): 0:(-1.0,1.0)
:Sending Trackball (ACTION_MOVE): 0:(3.0,-5.0)
:Sending Trackball (ACTION_MOVE): 0:(3.0,-2.0)
:Sending Trackball (ACTION_MOVE): 0:(-3.0,2.0)
:Sending Trackball (ACTION_MOVE): 0:(2.0,0.0)
:Sending Trackball (ACTION_MOVE): 0:(0.0,-4.0)
:Sending Trackball (ACTION_MOVE): 0:(-3.0,4.0)
:Sending Trackball (ACTION_MOVE): 0:(2.0,-5.0)
:Sending Trackball (ACTION_MOVE): 0:(1.0,-2.0)
:Sending Touch (ACTION_DOWN): 0:(1069.0,147.0)
:Sending Touch (ACTION_UP): 0:(1073.1028,144.9215)
Sleeping for 500 milliseconds
:Switch: #Intent;action=android.intent.action.MAIN;category=android.intent.category.LAUNCHER;launchFlags=0x10200000;component=com.litatom.app/com.lit.app.ui.SplashActivity;end
    // Allowing start of Intent { act=android.intent.action.MAIN cat=[android.intent.category.LAUNCHER] cmp=com.litatom.app/com.lit.app.ui.SplashActivity } in package com.litatom.app
Sleeping for 500 milliseconds
:Sending Touch (ACTION_DOWN): 0:(535.0,1342.0)
:Sending Touch (ACTION_MOVE): 0:(551.62427,1342.9244)
:Sending Touch (ACTION_MOVE): 0:(560.139,1345.6764)
:Sending Touch (ACTION_MOVE): 0:(567.26495,1348.306)
:Sending Touch (ACTION_UP): 0:(581.5592,1349.7617)
Sleeping for 500 milliseconds
:Sending Key (ACTION_DOWN): 23    // KEYCODE_DPAD_CENTER
:Sending Key (ACTION_UP): 23    // KEYCODE_DPAD_CENTER
Sleeping for 500 milliseconds
:Sending Key (ACTION_DOWN): 82    // KEYCODE_MENU
:Sending Key (ACTION_UP): 82    // KEYCODE_MENU
Sleeping for 500 milliseconds
:Sending Trackball (ACTION_MOVE): 0:(2.0,-5.0)
:Sending Trackball (ACTION_MOVE): 0:(3.0,3.0)
:Sending Trackball (ACTION_MOVE): 0:(-4.0,-2.0)
:Sending Trackball (ACTION_MOVE): 0:(-4.0,0.0)
:Sending Trackball (ACTION_MOVE): 0:(2.0,-1.0)
:Sending Trackball (ACTION_MOVE): 0:(-1.0,-3.0)
:Sending Trackball (ACTION_MOVE): 0:(0.0,-3.0)
:Sending Trackball (ACTION_MOVE): 0:(-5.0,3.0)
:Sending Trackball (ACTION_MOVE): 0:(-4.0,2.0)
:Sending Trackball (ACTION_MOVE): 0:(-3.0,-5.0)
:Sending Key (ACTION_DOWN): 82    // KEYCODE_MENU
:Sending Key (ACTION_UP): 82    // KEYCODE_MENU
Sleeping for 500 milliseconds
:Sending Touch (ACTION_DOWN): 0:(495.0,384.0)
:Sending Touch (ACTION_UP): 0:(492.6003,377.47897)
Sleeping for 500 milliseconds
:Sending Key (ACTION_DOWN): 23    // KEYCODE_DPAD_CENTER
:Sending Key (ACTION_UP): 23    // KEYCODE_DPAD_CENTER
Sleeping for 500 milliseconds
:Sending Trackball (ACTION_MOVE): 0:(2.0,1.0)
:Sending Trackball (ACTION_MOVE): 0:(-1.0,-3.0)
:Sending Trackball (ACTION_MOVE): 0:(0.0,0.0)
:Sending Trackball (ACTION_MOVE): 0:(1.0,3.0)
:Sending Trackball (ACTION_MOVE): 0:(1.0,-5.0)
:Sending Trackball (ACTION_MOVE): 0:(-2.0,2.0)
:Sending Trackball (ACTION_MOVE): 0:(2.0,-1.0)
:Sending Trackball (ACTION_MOVE): 0:(1.0,-5.0)
:Sending Trackball (ACTION_MOVE): 0:(2.0,-5.0)
:Sending Trackball (ACTION_MOVE): 0:(-4.0,-2.0)
:Sending Trackball (ACTION_MOVE): 0:(-5.0,-4.0)
:Sending Trackball (ACTION_MOVE): 0:(1.0,-2.0)
:Sending Trackball (ACTION_MOVE): 0:(-1.0,3.0)
:Sending Trackball (ACTION_MOVE): 0:(-5.0,-1.0)
:Sending Trackball (ACTION_MOVE): 0:(-3.0,0.0)
:Sending Trackball (ACTION_MOVE): 0:(-2.0,1.0)
:Sending Trackball (ACTION_MOVE): 0:(1.0,2.0)
:Sending Trackball (ACTION_MOVE): 0:(4.0,1.0)
:Sending Trackball (ACTION_MOVE): 0:(-1.0,-3.0)
:Sending Trackball (ACTION_MOVE): 0:(0.0,-4.0)
:Sending Touch (ACTION_DOWN): 0:(250.0,949.0)
:Sending Touch (ACTION_MOVE): 0:(252.38103,967.66187)
:Sending Touch (ACTION_MOVE): 0:(253.44588,989.8841)
:Sending Touch (ACTION_MOVE): 0:(254.27003,1004.4441)
:Sending Touch (ACTION_MOVE): 0:(256.4729,1022.1389)
:Sending Touch (ACTION_MOVE): 0:(256.878,1035.2109)
:Sending Touch (ACTION_MOVE): 0:(258.49805,1042.8604)
:Sending Touch (ACTION_MOVE): 0:(261.14316,1059.0741)
:Sending Touch (ACTION_MOVE): 0:(262.74704,1075.2716)
:Sending Touch (ACTION_MOVE): 0:(263.85144,1083.7249)
:Sending Touch (ACTION_UP): 0:(265.95224,1091.527)
Sleeping for 500 milliseconds
:Sending Trackball (ACTION_MOVE): 0:(1.0,4.0)
:Sending Trackball (ACTION_MOVE): 0:(-5.0,-2.0)
:Sending Trackball (ACTION_MOVE): 0:(-2.0,1.0)
:Sending Trackball (ACTION_MOVE): 0:(-1.0,4.0)
:Sending Trackball (ACTION_MOVE): 0:(-4.0,3.0)
:Sending Trackball (ACTION_MOVE): 0:(-4.0,3.0)
:Sending Trackball (ACTION_MOVE): 0:(-4.0,3.0)
:Sending Trackball (ACTION_MOVE): 0:(1.0,1.0)
:Sending Trackball (ACTION_MOVE): 0:(-2.0,-2.0)
:Sending Trackball (ACTION_MOVE): 0:(-1.0,2.0)
:Sending Trackball (ACTION_MOVE): 0:(-3.0,0.0)
:Sending Trackball (ACTION_MOVE): 0:(-3.0,-1.0)
:Sending Trackball (ACTION_MOVE): 0:(-4.0,-2.0)
    //[calendar_time:2022-09-19 11:35:05.856  system_uptime:552588]
    // Sending event #400
:Sending Trackball (ACTION_MOVE): 0:(-5.0,1.0)
:Sending Trackball (ACTION_MOVE): 0:(4.0,-5.0)
:Sending Trackball (ACTION_MOVE): 0:(2.0,4.0)
:Sending Trackball (ACTION_MOVE): 0:(-1.0,-2.0)
:Sending Trackball (ACTION_MOVE): 0:(1.0,-4.0)
:Sending Trackball (ACTION_MOVE): 0:(1.0,2.0)
:Sending Trackball (ACTION_MOVE): 0:(-1.0,-1.0)
:Sending Touch (ACTION_DOWN): 0:(743.0,1420.0)
:Sending Touch (ACTION_UP): 0:(746.7191,1417.0906)
Sleeping for 500 milliseconds
:Sending Key (ACTION_DOWN): 19    // KEYCODE_DPAD_UP
:Sending Key (ACTION_UP): 19    // KEYCODE_DPAD_UP
Sleeping for 500 milliseconds
:Sending Key (ACTION_DOWN): 21    // KEYCODE_DPAD_LEFT
:Sending Key (ACTION_UP): 21    // KEYCODE_DPAD_LEFT
Sleeping for 500 milliseconds
:Sending Touch (ACTION_DOWN): 0:(1007.0,557.0)
:Sending Touch (ACTION_UP): 0:(1006.4999,555.09186)
Sleeping for 500 milliseconds
:Sending Key (ACTION_DOWN): 20    // KEYCODE_DPAD_DOWN
:Sending Key (ACTION_UP): 20    // KEYCODE_DPAD_DOWN
Sleeping for 500 milliseconds
:Sending Key (ACTION_DOWN): 20    // KEYCODE_DPAD_DOWN
:Sending Key (ACTION_UP): 20    // KEYCODE_DPAD_DOWN
Sleeping for 500 milliseconds
:Sending Touch (ACTION_DOWN): 0:(268.0,1177.0)
:Sending Touch (ACTION_MOVE): 0:(283.5863,1182.1794)
:Sending Touch (ACTION_UP): 0:(295.82245,1198.7213)
Sleeping for 500 milliseconds
    // Allowing start of Intent { cmp=com.litatom.app/com.lit.app.ui.login.FacebookLoginActivity } in package com.litatom.app
    // Allowing start of Intent { act=NATIVE_WITH_FALLBACK cmp=com.litatom.app/com.facebook.FacebookActivity } in package com.litatom.app
    // Allowing start of Intent { cmp=com.litatom.app/com.facebook.CustomTabMainActivity } in package com.litatom.app
    // Rejecting start of Intent { act=android.intent.action.VIEW dat=https://m.facebook.com/... pkg=com.android.chrome cmp=com.android.chrome/com.google.android.apps.chrome.IntentDispatcher } in package com.android.chrome
:Sending Key (ACTION_DOWN): 82    // KEYCODE_MENU
:Sending Key (ACTION_UP): 82    // KEYCODE_MENU
Sleeping for 500 milliseconds
:Sending Key (ACTION_DOWN): 193    // KEYCODE_BUTTON_6
:Sending Key (ACTION_UP): 193    // KEYCODE_BUTTON_6
Sleeping for 500 milliseconds
:Sending Key (ACTION_DOWN): 23    // KEYCODE_DPAD_CENTER
:Sending Key (ACTION_UP): 23    // KEYCODE_DPAD_CENTER
Sleeping for 500 milliseconds
:Sending Key (ACTION_DOWN): 21    // KEYCODE_DPAD_LEFT
:Sending Key (ACTION_UP): 21    // KEYCODE_DPAD_LEFT
Sleeping for 500 milliseconds
:Switch: #Intent;action=android.intent.action.MAIN;category=android.intent.category.LAUNCHER;launchFlags=0x10200000;component=com.litatom.app/com.lit.app.ui.SplashActivity;end
    // Allowing start of Intent { act=android.intent.action.MAIN cat=[android.intent.category.LAUNCHER] cmp=com.litatom.app/com.lit.app.ui.SplashActivity } in package com.litatom.app
Sleeping for 500 milliseconds
:Sending Touch (ACTION_DOWN): 0:(188.0,13.0)
:Sending Touch (ACTION_UP): 0:(193.16754,0.0)
Sleeping for 500 milliseconds
:Sending Trackball (ACTION_MOVE): 0:(-4.0,-2.0)
:Sending Trackball (ACTION_MOVE): 0:(3.0,-5.0)
:Sending Trackball (ACTION_MOVE): 0:(-1.0,0.0)
:Sending Trackball (ACTION_MOVE): 0:(-5.0,0.0)
:Sending Trackball (ACTION_MOVE): 0:(-5.0,-2.0)
:Sending Trackball (ACTION_MOVE): 0:(-1.0,3.0)
:Sending Trackball (ACTION_MOVE): 0:(-3.0,0.0)
:Sending Trackball (ACTION_MOVE): 0:(-1.0,-2.0)
:Sending Trackball (ACTION_MOVE): 0:(0.0,-1.0)
:Sending Trackball (ACTION_MOVE): 0:(-1.0,-1.0)
:Sending Trackball (ACTION_MOVE): 0:(2.0,3.0)
:Sending Trackball (ACTION_MOVE): 0:(2.0,-3.0)
:Sending Trackball (ACTION_MOVE): 0:(2.0,0.0)
:Sending Trackball (ACTION_MOVE): 0:(1.0,-1.0)
:Sending Trackball (ACTION_MOVE): 0:(3.0,4.0)
:Sending Trackball (ACTION_MOVE): 0:(0.0,-3.0)
:Sending Trackball (ACTION_MOVE): 0:(-3.0,3.0)
:Sending Trackball (ACTION_MOVE): 0:(0.0,2.0)
:Sending Trackball (ACTION_MOVE): 0:(2.0,2.0)
:Sending Trackball (ACTION_MOVE): 0:(4.0,-4.0)
:Sending Touch (ACTION_DOWN): 0:(57.0,1543.0)
:Sending Touch (ACTION_UP): 0:(53.44131,1541.5352)
Sleeping for 500 milliseconds
:Sending Touch (ACTION_DOWN): 0:(987.0,1762.0)
:Sending Touch (ACTION_UP): 0:(984.08997,1776.5104)
Sleeping for 500 milliseconds
:Sending Key (ACTION_DOWN): 82    // KEYCODE_MENU
:Sending Key (ACTION_UP): 82    // KEYCODE_MENU
Sleeping for 500 milliseconds
:Sending Touch (ACTION_DOWN): 0:(21.0,1746.0)
:Sending Touch (ACTION_UP): 0:(17.757908,1735.6963)
Sleeping for 500 milliseconds
:Sending Key (ACTION_DOWN): 105    // KEYCODE_BUTTON_R2
:Sending Key (ACTION_UP): 105    // KEYCODE_BUTTON_R2
Sleeping for 500 milliseconds
:Sending Key (ACTION_DOWN): 245    // KEYCODE_TV_INPUT_HDMI_3
:Sending Key (ACTION_UP): 245    // KEYCODE_TV_INPUT_HDMI_3
Sleeping for 500 milliseconds
:Sending Key (ACTION_DOWN): 82    // KEYCODE_MENU
:Sending Key (ACTION_UP): 82    // KEYCODE_MENU
Sleeping for 500 milliseconds
:Sending Touch (ACTION_DOWN): 0:(487.0,437.0)
:Sending Touch (ACTION_UP): 0:(471.32306,436.82346)
Sleeping for 500 milliseconds
:Sending Key (ACTION_DOWN): 25    // KEYCODE_VOLUME_DOWN
:Sending Key (ACTION_UP): 25    // KEYCODE_VOLUME_DOWN
Sleeping for 500 milliseconds
:Sending Key (ACTION_DOWN): 21    // KEYCODE_DPAD_LEFT
:Sending Key (ACTION_UP): 21    // KEYCODE_DPAD_LEFT
Sleeping for 500 milliseconds
:Sending Key (ACTION_DOWN): 24    // KEYCODE_VOLUME_UP
:Sending Key (ACTION_UP): 24    // KEYCODE_VOLUME_UP
Sleeping for 500 milliseconds
:Sending Touch (ACTION_DOWN): 0:(1033.0,293.0)
:Sending Touch (ACTION_POINTER_DOWN 1): 0:(1037.5768,287.15024) 1:(774.0,12.0)
:Sending Touch (ACTION_MOVE): 0:(1040.6519,287.12573) 1:(772.2156,11.233106)
:Sending Touch (ACTION_MOVE): 0:(1043.5049,279.6272) 1:(771.5426,7.129006)
:Sending Touch (ACTION_MOVE): 0:(1046.2057,274.34067) 1:(769.8831,5.266521)
:Sending Touch (ACTION_POINTER_UP 1): 0:(1048.6427,272.09244) 1:(768.76166,0.0)
:Sending Touch (ACTION_UP): 0:(1052.4648,265.77887)
Sleeping for 500 milliseconds
:Sending Key (ACTION_DOWN): 22    // KEYCODE_DPAD_RIGHT
:Sending Key (ACTION_UP): 22    // KEYCODE_DPAD_RIGHT
Sleeping for 500 milliseconds
:Sending Key (ACTION_DOWN): 82    // KEYCODE_MENU
:Sending Key (ACTION_UP): 82    // KEYCODE_MENU
Sleeping for 500 milliseconds
:Sending Key (ACTION_DOWN): 19    // KEYCODE_DPAD_UP
:Sending Key (ACTION_UP): 19    // KEYCODE_DPAD_UP
Sleeping for 500 milliseconds
:Sending Key (ACTION_DOWN): 23    // KEYCODE_DPAD_CENTER
:Sending Key (ACTION_UP): 23    // KEYCODE_DPAD_CENTER
Sleeping for 500 milliseconds
:Sending Key (ACTION_DOWN): 20    // KEYCODE_DPAD_DOWN
:Sending Key (ACTION_UP): 20    // KEYCODE_DPAD_DOWN
Sleeping for 500 milliseconds
:Sending Touch (ACTION_DOWN): 0:(200.0,1842.0)
:Sending Touch (ACTION_UP): 0:(197.90663,1849.3044)
Sleeping for 500 milliseconds
:Sending Touch (ACTION_DOWN): 0:(817.0,495.0)
:Sending Touch (ACTION_UP): 0:(816.5028,494.8709)
Sleeping for 500 milliseconds
:Sending Key (ACTION_DOWN): 19    // KEYCODE_DPAD_UP
:Sending Key (ACTION_UP): 19    // KEYCODE_DPAD_UP
Sleeping for 500 milliseconds
:Sending Trackball (ACTION_MOVE): 0:(0.0,1.0)
:Sending Trackball (ACTION_MOVE): 0:(2.0,-1.0)
Events injected: 500
:Sending rotation degree=0, persist=false
:Dropped: keys=0 pointers=5 trackballs=0 flips=0 rotations=0
## Network stats: elapsed time=73611ms (0ms mobile, 0ms wifi, 73611ms not connected)
// Monkey finished
