:Monkey: seed=1663590208761 count=50000
:AllowPackage: com.litatom.app
:IncludeCategory: android.intent.category.LAUNCHER
:IncludeCategory: android.intent.category.MONKEY
// Selecting main activities from category android.intent.category.LAUNCHER
//   - NOT USING main activity com.google.android.apps.chrome.Main (from package com.android.chrome)
//   - NOT USING main activity com.android.contacts.activities.PeopleActivity (from package com.android.contacts)
//   - NOT USING main activity com.android.gallery3d.app.GalleryActivity (from package com.android.gallery3d)
//   - NOT USING main activity com.android.settings.Settings (from package com.android.settings)
//   - NOT USING main activity com.cyanogenmod.filemanager.activities.NavigationActivity (from package com.cyanogenmod.filemanager)
//   - NOT USING main activity com.android.documentsui.LauncherActivity (from package com.android.documentsui)
//   - NOT USING main activity com.android.flysilkworm.app.activity.FrameworkActivity (from package com.android.flysilkworm)
//   - NOT USING main activity ldmnq.ldapp.MainActivity (from package com.android.googleinstaller)
//   + Using main activity com.lit.app.ui.SplashActivity (from package com.litatom.app)
// Selecting main activities from category android.intent.category.MONKEY
//   - NOT USING main activity com.android.launcher3.Launcher (from package com.android.launcher3)
//   - NOT USING main activity com.android.settings.Settings$RunningServicesActivity (from package com.android.settings)
//   - NOT USING main activity com.android.settings.Settings$StorageUseActivity (from package com.android.settings)
// Seeded: 1663590208761
// Event percentages:
//   0: 15.0%
//   1: 10.0%
//   2: 2.0%
//   3: 15.0%
//   4: -0.0%
//   5: -0.0%
//   6: 25.0%
//   7: 15.0%
//   8: 2.0%
//   9: 2.0%
//   10: 1.0%
//   11: 13.0%
:Switch: #Intent;action=android.intent.action.MAIN;category=android.intent.category.LAUNCHER;launchFlags=0x10200000;component=com.litatom.app/com.lit.app.ui.SplashActivity;end
    // Allowing start of Intent { act=android.intent.action.MAIN cat=[android.intent.category.LAUNCHER] cmp=com.litatom.app/com.lit.app.ui.SplashActivity } in package com.litatom.app
Sleeping for 500 milliseconds
:Sending Touch (ACTION_DOWN): 0:(393.0,272.0)
:Sending Touch (ACTION_UP): 0:(391.6189,279.69336)
Sleeping for 500 milliseconds
:Sending Touch (ACTION_DOWN): 0:(776.0,444.0)
:Sending Touch (ACTION_POINTER_DOWN 1): 0:(781.88074,441.38834) 1:(835.0,774.0)
:Sending Touch (ACTION_MOVE): 0:(788.2995,439.72424) 1:(841.39264,767.9279)
:Sending Touch (ACTION_MOVE): 0:(790.62384,438.25833) 1:(844.6658,761.95154)
:Sending Touch (ACTION_MOVE): 0:(793.2189,437.2094) 1:(856.04047,757.4563)
:Sending Touch (ACTION_MOVE): 0:(799.31647,435.05228) 1:(867.9592,753.8313)
:Sending Touch (ACTION_MOVE): 0:(804.3026,432.7596) 1:(875.8476,751.1884)
:Sending Touch (ACTION_MOVE): 0:(811.4816,432.3402) 1:(887.46906,745.13794)
:Sending Touch (ACTION_MOVE): 0:(816.30634,430.26315) 1:(898.3318,745.1009)
:Sending Touch (ACTION_POINTER_UP 1): 0:(819.90564,429.01196) 1:(912.90076,739.3772)
:Sending Touch (ACTION_UP): 0:(820.169,426.7645)
Sleeping for 500 milliseconds
:Sending Key (ACTION_DOWN): 144    // KEYCODE_NUMPAD_0
:Sending Key (ACTION_UP): 144    // KEYCODE_NUMPAD_0
Sleeping for 500 milliseconds
:Sending Key (ACTION_DOWN): 82    // KEYCODE_MENU
:Sending Key (ACTION_UP): 82    // KEYCODE_MENU
Sleeping for 500 milliseconds
:Sending Key (ACTION_DOWN): 23    // KEYCODE_DPAD_CENTER
:Sending Key (ACTION_UP): 23    // KEYCODE_DPAD_CENTER
Sleeping for 500 milliseconds
:Sending Touch (ACTION_DOWN): 0:(545.0,1788.0)
:Sending Touch (ACTION_UP): 0:(526.30426,1802.1184)
Sleeping for 500 milliseconds
:Sending Key (ACTION_DOWN): 63    // KEYCODE_SYM
:Sending Key (ACTION_UP): 63    // KEYCODE_SYM
Sleeping for 500 milliseconds
:Sending Key (ACTION_DOWN): 21    // KEYCODE_DPAD_LEFT
:Sending Key (ACTION_UP): 21    // KEYCODE_DPAD_LEFT
Sleeping for 500 milliseconds
:Sending Touch (ACTION_DOWN): 0:(140.0,1384.0)
:Sending Touch (ACTION_UP): 0:(160.28554,1385.7339)
Sleeping for 500 milliseconds
:Sending Key (ACTION_DOWN): 21    // KEYCODE_DPAD_LEFT
:Sending Key (ACTION_UP): 21    // KEYCODE_DPAD_LEFT
Sleeping for 500 milliseconds
:Sending Key (ACTION_DOWN): 82    // KEYCODE_MENU
:Sending Key (ACTION_UP): 82    // KEYCODE_MENU
Sleeping for 500 milliseconds
:Sending Key (ACTION_DOWN): 19    // KEYCODE_DPAD_UP
:Sending Key (ACTION_UP): 19    // KEYCODE_DPAD_UP
Sleeping for 500 milliseconds
:Sending Key (ACTION_DOWN): 20    // KEYCODE_DPAD_DOWN
:Sending Key (ACTION_UP): 20    // KEYCODE_DPAD_DOWN
Sleeping for 500 milliseconds
:Sending Key (ACTION_DOWN): 130    // KEYCODE_MEDIA_RECORD
:Sending Key (ACTION_UP): 130    // KEYCODE_MEDIA_RECORD
Sleeping for 500 milliseconds
    // Allowing start of Intent { act=android.intent.action.MAIN cat=[android.intent.category.LAUNCHER] cmp=com.litatom.app/com.lit.app.ui.SplashActivity } in package com.litatom.app
:Sending Touch (ACTION_DOWN): 0:(461.0,1526.0)
:Sending Touch (ACTION_MOVE): 0:(466.36005,1534.5813)
:Sending Touch (ACTION_MOVE): 0:(466.76782,1542.647)
:Sending Touch (ACTION_MOVE): 0:(482.52655,1552.8845)
:Sending Touch (ACTION_MOVE): 0:(486.6385,1553.9886)
:Sending Touch (ACTION_MOVE): 0:(497.73166,1560.8502)
:Sending Touch (ACTION_MOVE): 0:(507.9801,1565.07)
:Sending Touch (ACTION_MOVE): 0:(518.103,1575.4977)
:Sending Touch (ACTION_UP): 0:(525.776,1580.3025)
Sleeping for 500 milliseconds
:Sending Trackball (ACTION_MOVE): 0:(3.0,1.0)
:Sending Trackball (ACTION_MOVE): 0:(-2.0,2.0)
:Sending Trackball (ACTION_MOVE): 0:(-4.0,-1.0)
:Sending Trackball (ACTION_MOVE): 0:(-3.0,-5.0)
:Sending Trackball (ACTION_MOVE): 0:(-5.0,-4.0)
:Sending Trackball (ACTION_MOVE): 0:(-3.0,-5.0)
:Sending Trackball (ACTION_MOVE): 0:(-4.0,3.0)
:Sending Trackball (ACTION_MOVE): 0:(4.0,-1.0)
:Sending Trackball (ACTION_MOVE): 0:(-4.0,0.0)
:Sending Trackball (ACTION_MOVE): 0:(4.0,2.0)
:Sending Key (ACTION_DOWN): 23    // KEYCODE_DPAD_CENTER
:Sending Key (ACTION_UP): 23    // KEYCODE_DPAD_CENTER
Sleeping for 500 milliseconds
:Sending Touch (ACTION_DOWN): 0:(695.0,1709.0)
:Sending Touch (ACTION_UP): 0:(696.67053,1710.5059)
Sleeping for 500 milliseconds
:Sending Touch (ACTION_DOWN): 0:(96.0,1052.0)
:Sending Touch (ACTION_UP): 0:(91.2422,1033.9604)
Sleeping for 500 milliseconds
:Sending Key (ACTION_DOWN): 82    // KEYCODE_MENU
:Sending Key (ACTION_UP): 82    // KEYCODE_MENU
Sleeping for 500 milliseconds
:Sending Touch (ACTION_DOWN): 0:(523.0,631.0)
:Sending Touch (ACTION_UP): 0:(511.8499,643.4239)
Sleeping for 500 milliseconds
:Sending Trackball (ACTION_MOVE): 0:(1.0,4.0)
:Sending Trackball (ACTION_MOVE): 0:(0.0,0.0)
:Sending Trackball (ACTION_MOVE): 0:(-1.0,2.0)
:Sending Trackball (ACTION_MOVE): 0:(1.0,-5.0)
:Sending Trackball (ACTION_MOVE): 0:(-4.0,-5.0)
:Sending Trackball (ACTION_MOVE): 0:(2.0,-3.0)
:Sending Trackball (ACTION_MOVE): 0:(4.0,3.0)
:Sending Trackball (ACTION_MOVE): 0:(-4.0,3.0)
:Sending Trackball (ACTION_MOVE): 0:(-2.0,-5.0)
:Sending Trackball (ACTION_MOVE): 0:(-5.0,0.0)
:Sending Touch (ACTION_DOWN): 0:(249.0,1716.0)
:Sending Touch (ACTION_UP): 0:(252.08856,1716.0652)
Sleeping for 500 milliseconds
:Sending Key (ACTION_DOWN): 23    // KEYCODE_DPAD_CENTER
:Sending Key (ACTION_UP): 23    // KEYCODE_DPAD_CENTER
Sleeping for 500 milliseconds
:Sending Touch (ACTION_DOWN): 0:(923.0,113.0)
:Sending Touch (ACTION_UP): 0:(926.26556,116.0441)
Sleeping for 500 milliseconds
:Sending Touch (ACTION_DOWN): 0:(596.0,335.0)
:Sending Touch (ACTION_MOVE): 0:(595.17114,331.6426)
:Sending Touch (ACTION_UP): 0:(593.49036,328.39728)
Sleeping for 500 milliseconds
:Sending Key (ACTION_DOWN): 22    // KEYCODE_DPAD_RIGHT
:Sending Key (ACTION_UP): 22    // KEYCODE_DPAD_RIGHT
Sleeping for 500 milliseconds
:Sending Touch (ACTION_DOWN): 0:(529.0,1670.0)
:Sending Touch (ACTION_MOVE): 0:(523.3899,1667.8782)
:Sending Touch (ACTION_MOVE): 0:(521.4712,1665.0322)
:Sending Touch (ACTION_MOVE): 0:(520.9961,1653.8326)
:Sending Touch (ACTION_MOVE): 0:(519.57086,1651.9236)
:Sending Touch (ACTION_MOVE): 0:(517.8798,1637.5493)
:Sending Touch (ACTION_MOVE): 0:(513.35626,1636.4915)
:Sending Touch (ACTION_MOVE): 0:(509.39206,1616.8118)
:Sending Touch (ACTION_MOVE): 0:(501.72452,1603.0793)
:Sending Touch (ACTION_MOVE): 0:(495.4887,1587.4626)
:Sending Touch (ACTION_UP): 0:(494.43765,1579.2959)
Sleeping for 500 milliseconds
:Sending Key (ACTION_DOWN): 252    // KEYCODE_TV_AUDIO_DESCRIPTION
    //[calendar_time:2022-09-19 16:24:04.736  system_uptime:17891469]
    // Sending event #100
:Sending Key (ACTION_UP): 252    // KEYCODE_TV_AUDIO_DESCRIPTION
Sleeping for 500 milliseconds
:Sending Key (ACTION_DOWN): 23    // KEYCODE_DPAD_CENTER
:Sending Key (ACTION_UP): 23    // KEYCODE_DPAD_CENTER
Sleeping for 500 milliseconds
    // Rejecting start of Intent { act=android.intent.action.MAIN cat=[android.intent.category.HOME] cmp=com.android.launcher3/.Launcher } in package com.android.launcher3
:Sending Key (ACTION_DOWN): 82    // KEYCODE_MENU
:Sending Key (ACTION_UP): 82    // KEYCODE_MENU
Sleeping for 500 milliseconds
:Sending Key (ACTION_DOWN): 21    // KEYCODE_DPAD_LEFT
:Sending Key (ACTION_UP): 21    // KEYCODE_DPAD_LEFT
Sleeping for 500 milliseconds
:Sending Key (ACTION_DOWN): 13    // KEYCODE_6
:Sending Key (ACTION_UP): 13    // KEYCODE_6
Sleeping for 500 milliseconds
:Sending Trackball (ACTION_MOVE): 0:(-5.0,-4.0)
:Sending Trackball (ACTION_MOVE): 0:(2.0,-3.0)
:Sending Trackball (ACTION_MOVE): 0:(-5.0,-5.0)
:Sending Trackball (ACTION_MOVE): 0:(-2.0,-2.0)
:Sending Trackball (ACTION_MOVE): 0:(-3.0,3.0)
:Sending Trackball (ACTION_MOVE): 0:(2.0,-5.0)
:Sending Trackball (ACTION_MOVE): 0:(2.0,1.0)
:Sending Trackball (ACTION_MOVE): 0:(0.0,-2.0)
:Sending Trackball (ACTION_MOVE): 0:(-2.0,-1.0)
:Sending Trackball (ACTION_MOVE): 0:(3.0,-5.0)
:Sending Key (ACTION_DOWN): 20    // KEYCODE_DPAD_DOWN
:Sending Key (ACTION_UP): 20    // KEYCODE_DPAD_DOWN
Sleeping for 500 milliseconds
:Sending Trackball (ACTION_MOVE): 0:(-1.0,-1.0)
:Sending Trackball (ACTION_MOVE): 0:(-1.0,-5.0)
:Sending Trackball (ACTION_MOVE): 0:(-5.0,-4.0)
:Sending Trackball (ACTION_MOVE): 0:(4.0,0.0)
:Sending Trackball (ACTION_MOVE): 0:(-2.0,-3.0)
:Sending Trackball (ACTION_MOVE): 0:(-2.0,-1.0)
:Sending Trackball (ACTION_MOVE): 0:(-1.0,4.0)
:Sending Trackball (ACTION_MOVE): 0:(-4.0,-5.0)
:Sending Trackball (ACTION_MOVE): 0:(-2.0,-3.0)
:Sending Trackball (ACTION_MOVE): 0:(-5.0,-5.0)
:Sending Key (ACTION_DOWN): 23    // KEYCODE_DPAD_CENTER
:Sending Key (ACTION_UP): 23    // KEYCODE_DPAD_CENTER
Sleeping for 500 milliseconds
:Sending Trackball (ACTION_MOVE): 0:(0.0,3.0)
:Sending Trackball (ACTION_MOVE): 0:(-2.0,-3.0)
:Sending Trackball (ACTION_MOVE): 0:(0.0,2.0)
:Sending Trackball (ACTION_MOVE): 0:(2.0,4.0)
:Sending Trackball (ACTION_MOVE): 0:(1.0,3.0)
:Sending Trackball (ACTION_MOVE): 0:(-1.0,4.0)
:Sending Trackball (ACTION_MOVE): 0:(4.0,-4.0)
:Sending Trackball (ACTION_MOVE): 0:(3.0,2.0)
:Sending Trackball (ACTION_MOVE): 0:(-2.0,-4.0)
:Sending Trackball (ACTION_MOVE): 0:(-3.0,-1.0)
:Sending Trackball (ACTION_DOWN): 0:(0.0,0.0)
:Sending Trackball (ACTION_UP): 0:(0.0,0.0)
Sleeping for 500 milliseconds
:Sending Flip keyboardOpen=false
Sleeping for 500 milliseconds
:Sending Key (ACTION_DOWN): 22    // KEYCODE_DPAD_RIGHT
:Sending Key (ACTION_UP): 22    // KEYCODE_DPAD_RIGHT
Sleeping for 500 milliseconds
:Sending Touch (ACTION_DOWN): 0:(1060.0,867.0)
:Sending Touch (ACTION_MOVE): 0:(1045.7662,875.88416)
:Sending Touch (ACTION_MOVE): 0:(1045.1094,881.8393)
:Sending Touch (ACTION_MOVE): 0:(1040.4697,898.772)
:Sending Touch (ACTION_MOVE): 0:(1026.6624,902.3434)
:Sending Touch (ACTION_MOVE): 0:(1014.5904,918.40436)
:Sending Touch (ACTION_UP): 0:(1000.7711,923.852)
Sleeping for 500 milliseconds
:Sending Key (ACTION_DOWN): 22    // KEYCODE_DPAD_RIGHT
:Sending Key (ACTION_UP): 22    // KEYCODE_DPAD_RIGHT
Sleeping for 500 milliseconds
:Sending Key (ACTION_DOWN): 20    // KEYCODE_DPAD_DOWN
:Sending Key (ACTION_UP): 20    // KEYCODE_DPAD_DOWN
Sleeping for 500 milliseconds
:Sending Touch (ACTION_DOWN): 0:(918.0,420.0)
:Sending Touch (ACTION_UP): 0:(912.92755,419.2816)
Sleeping for 500 milliseconds
:Sending Touch (ACTION_DOWN): 0:(1.0,828.0)
:Sending Touch (ACTION_UP): 0:(11.182929,827.35284)
Sleeping for 500 milliseconds
:Sending Trackball (ACTION_MOVE): 0:(-3.0,3.0)
:Sending Trackball (ACTION_MOVE): 0:(3.0,0.0)
:Sending Trackball (ACTION_MOVE): 0:(3.0,-4.0)
:Sending Trackball (ACTION_MOVE): 0:(3.0,0.0)
:Sending Trackball (ACTION_MOVE): 0:(3.0,-1.0)
:Sending Trackball (ACTION_MOVE): 0:(-1.0,0.0)
:Sending Trackball (ACTION_MOVE): 0:(-4.0,-1.0)
:Sending Trackball (ACTION_MOVE): 0:(-5.0,-3.0)
:Sending Trackball (ACTION_MOVE): 0:(-4.0,-5.0)
:Sending Trackball (ACTION_MOVE): 0:(4.0,4.0)
:Sending Key (ACTION_DOWN): 143    // KEYCODE_NUM_LOCK
:Sending Key (ACTION_UP): 143    // KEYCODE_NUM_LOCK
Sleeping for 500 milliseconds
    // Allowing start of Intent { act=android.intent.action.MAIN cat=[android.intent.category.LAUNCHER] cmp=com.litatom.app/com.lit.app.ui.SplashActivity } in package com.litatom.app
:Sending Touch (ACTION_DOWN): 0:(810.0,9.0)
:Sending Touch (ACTION_MOVE): 0:(808.406,11.992623)
:Sending Touch (ACTION_MOVE): 0:(807.78815,16.171314)
:Sending Touch (ACTION_MOVE): 0:(807.61005,23.664488)
:Sending Touch (ACTION_MOVE): 0:(807.0311,24.25615)
:Sending Touch (ACTION_UP): 0:(805.933,25.79706)
Sleeping for 500 milliseconds
    // Allowing start of Intent { act=android.intent.action.MAIN cat=[android.intent.category.LAUNCHER] cmp=com.litatom.app/com.lit.app.ui.SplashActivity } in package com.litatom.app
:Sending Trackball (ACTION_MOVE): 0:(0.0,-3.0)
:Sending Trackball (ACTION_MOVE): 0:(3.0,-3.0)
:Sending Trackball (ACTION_MOVE): 0:(4.0,3.0)
:Sending Trackball (ACTION_MOVE): 0:(-3.0,3.0)
:Sending Trackball (ACTION_MOVE): 0:(1.0,2.0)
:Sending Trackball (ACTION_MOVE): 0:(-1.0,4.0)
:Sending Trackball (ACTION_MOVE): 0:(4.0,-4.0)
:Sending Trackball (ACTION_MOVE): 0:(-4.0,-2.0)
:Sending Trackball (ACTION_MOVE): 0:(3.0,-2.0)
:Sending Trackball (ACTION_MOVE): 0:(4.0,0.0)
:Sending Trackball (ACTION_MOVE): 0:(1.0,-3.0)
:Sending Trackball (ACTION_MOVE): 0:(-1.0,1.0)
:Sending Trackball (ACTION_MOVE): 0:(3.0,-4.0)
:Sending Trackball (ACTION_MOVE): 0:(-1.0,2.0)
:Sending Trackball (ACTION_MOVE): 0:(-4.0,-5.0)
:Sending Trackball (ACTION_MOVE): 0:(-3.0,-5.0)
:Sending Trackball (ACTION_MOVE): 0:(-5.0,-5.0)
:Sending Trackball (ACTION_MOVE): 0:(-5.0,4.0)
:Sending Trackball (ACTION_MOVE): 0:(-3.0,3.0)
    //[calendar_time:2022-09-19 16:24:13.621  system_uptime:17900353]
    // Sending event #200
:Sending Trackball (ACTION_MOVE): 0:(2.0,3.0)
:Sending Key (ACTION_DOWN): 21    // KEYCODE_DPAD_LEFT
:Sending Key (ACTION_UP): 21    // KEYCODE_DPAD_LEFT
Sleeping for 500 milliseconds
:Sending Touch (ACTION_DOWN): 0:(48.0,30.0)
:Sending Touch (ACTION_UP): 0:(45.585518,30.678617)
Sleeping for 500 milliseconds
:Sending Key (ACTION_DOWN): 23    // KEYCODE_DPAD_CENTER
:Sending Key (ACTION_UP): 23    // KEYCODE_DPAD_CENTER
Sleeping for 500 milliseconds
:Sending Trackball (ACTION_MOVE): 0:(2.0,1.0)
:Sending Trackball (ACTION_MOVE): 0:(3.0,4.0)
:Sending Trackball (ACTION_MOVE): 0:(-1.0,3.0)
:Sending Trackball (ACTION_MOVE): 0:(1.0,-2.0)
:Sending Trackball (ACTION_MOVE): 0:(-4.0,-1.0)
:Sending Trackball (ACTION_MOVE): 0:(-2.0,4.0)
:Sending Trackball (ACTION_MOVE): 0:(-2.0,-1.0)
:Sending Trackball (ACTION_MOVE): 0:(3.0,3.0)
:Sending Trackball (ACTION_MOVE): 0:(0.0,2.0)
:Sending Trackball (ACTION_MOVE): 0:(3.0,3.0)
:Sending Trackball (ACTION_DOWN): 0:(0.0,0.0)
:Sending Trackball (ACTION_UP): 0:(0.0,0.0)
Sleeping for 500 milliseconds
:Sending Trackball (ACTION_MOVE): 0:(2.0,-2.0)
:Sending Trackball (ACTION_MOVE): 0:(-4.0,0.0)
:Sending Trackball (ACTION_MOVE): 0:(-5.0,-1.0)
:Sending Trackball (ACTION_MOVE): 0:(1.0,2.0)
:Sending Trackball (ACTION_MOVE): 0:(-5.0,-3.0)
:Sending Trackball (ACTION_MOVE): 0:(-2.0,-4.0)
:Sending Trackball (ACTION_MOVE): 0:(4.0,-2.0)
:Sending Trackball (ACTION_MOVE): 0:(4.0,0.0)
:Sending Trackball (ACTION_MOVE): 0:(4.0,-3.0)
:Sending Trackball (ACTION_MOVE): 0:(0.0,2.0)
:Sending Touch (ACTION_DOWN): 0:(535.0,1308.0)
:Sending Touch (ACTION_UP): 0:(537.40814,1307.7668)
Sleeping for 500 milliseconds
:Sending Touch (ACTION_DOWN): 0:(416.0,1434.0)
:Sending Touch (ACTION_UP): 0:(411.8877,1434.105)
Sleeping for 500 milliseconds
:Sending Key (ACTION_DOWN): 20    // KEYCODE_DPAD_DOWN
:Sending Key (ACTION_UP): 20    // KEYCODE_DPAD_DOWN
Sleeping for 500 milliseconds
:Sending Key (ACTION_DOWN): 22    // KEYCODE_DPAD_RIGHT
:Sending Key (ACTION_UP): 22    // KEYCODE_DPAD_RIGHT
Sleeping for 500 milliseconds
:Sending Touch (ACTION_DOWN): 0:(324.0,1067.0)
:Sending Touch (ACTION_MOVE): 0:(327.52454,1072.7155)
:Sending Touch (ACTION_MOVE): 0:(335.0117,1073.2279)
:Sending Touch (ACTION_MOVE): 0:(347.7988,1079.2717)
:Sending Touch (ACTION_MOVE): 0:(367.32584,1082.9114)
:Sending Touch (ACTION_UP): 0:(384.12967,1084.9114)
Sleeping for 500 milliseconds
:Sending Key (ACTION_DOWN): 23    // KEYCODE_DPAD_CENTER
:Sending Key (ACTION_UP): 23    // KEYCODE_DPAD_CENTER
Sleeping for 500 milliseconds
    // Allowing start of Intent { act=android.intent.action.MAIN cat=[android.intent.category.LAUNCHER] cmp=com.litatom.app/com.lit.app.ui.SplashActivity } in package com.litatom.app
:Switch: #Intent;action=android.intent.action.MAIN;category=android.intent.category.LAUNCHER;launchFlags=0x10200000;component=com.litatom.app/com.lit.app.ui.SplashActivity;end
    // Allowing start of Intent { act=android.intent.action.MAIN cat=[android.intent.category.LAUNCHER] cmp=com.litatom.app/com.lit.app.ui.SplashActivity } in package com.litatom.app
Sleeping for 500 milliseconds
:Sending Trackball (ACTION_MOVE): 0:(-5.0,1.0)
:Sending Trackball (ACTION_MOVE): 0:(4.0,-5.0)
:Sending Trackball (ACTION_MOVE): 0:(-3.0,2.0)
:Sending Trackball (ACTION_MOVE): 0:(0.0,-2.0)
:Sending Trackball (ACTION_MOVE): 0:(3.0,-2.0)
:Sending Trackball (ACTION_MOVE): 0:(0.0,1.0)
:Sending Trackball (ACTION_MOVE): 0:(2.0,-3.0)
:Sending Trackball (ACTION_MOVE): 0:(-3.0,1.0)
:Sending Trackball (ACTION_MOVE): 0:(-3.0,-4.0)
:Sending Trackball (ACTION_MOVE): 0:(-3.0,-1.0)
:Switch: #Intent;action=android.intent.action.MAIN;category=android.intent.category.LAUNCHER;launchFlags=0x10200000;component=com.litatom.app/com.lit.app.ui.SplashActivity;end
    // Allowing start of Intent { act=android.intent.action.MAIN cat=[android.intent.category.LAUNCHER] cmp=com.litatom.app/com.lit.app.ui.SplashActivity } in package com.litatom.app
Sleeping for 500 milliseconds
:Sending Key (ACTION_DOWN): 22    // KEYCODE_DPAD_RIGHT
:Sending Key (ACTION_UP): 22    // KEYCODE_DPAD_RIGHT
Sleeping for 500 milliseconds
:Switch: #Intent;action=android.intent.action.MAIN;category=android.intent.category.LAUNCHER;launchFlags=0x10200000;component=com.litatom.app/com.lit.app.ui.SplashActivity;end
    // Allowing start of Intent { act=android.intent.action.MAIN cat=[android.intent.category.LAUNCHER] cmp=com.litatom.app/com.lit.app.ui.SplashActivity } in package com.litatom.app
Sleeping for 500 milliseconds
:Sending Touch (ACTION_DOWN): 0:(883.0,826.0)
:Sending Touch (ACTION_MOVE): 0:(875.7503,811.38275)
:Sending Touch (ACTION_MOVE): 0:(864.90686,804.8467)
:Sending Touch (ACTION_MOVE): 0:(851.0666,802.1311)
:Sending Touch (ACTION_MOVE): 0:(838.10333,791.8542)
:Sending Touch (ACTION_MOVE): 0:(820.9341,777.0212)
:Sending Touch (ACTION_UP): 0:(812.7551,776.1453)
Sleeping for 500 milliseconds
:Sending Touch (ACTION_DOWN): 0:(78.0,1749.0)
:Sending Touch (ACTION_MOVE): 0:(77.25303,1746.9774)
:Sending Touch (ACTION_MOVE): 0:(73.897255,1746.9049)
:Sending Touch (ACTION_UP): 0:(70.322044,1746.4487)
Sleeping for 500 milliseconds
:Sending Key (ACTION_DOWN): 82    // KEYCODE_MENU
:Sending Key (ACTION_UP): 82    // KEYCODE_MENU
Sleeping for 500 milliseconds
:Sending Key (ACTION_DOWN): 82    // KEYCODE_MENU
:Sending Key (ACTION_UP): 82    // KEYCODE_MENU
Sleeping for 500 milliseconds
:Sending Trackball (ACTION_MOVE): 0:(3.0,3.0)
:Sending Trackball (ACTION_MOVE): 0:(-3.0,0.0)
:Sending Trackball (ACTION_MOVE): 0:(3.0,-5.0)
:Sending Trackball (ACTION_MOVE): 0:(4.0,-5.0)
:Sending Trackball (ACTION_MOVE): 0:(0.0,1.0)
:Sending Trackball (ACTION_MOVE): 0:(2.0,4.0)
:Sending Trackball (ACTION_MOVE): 0:(3.0,4.0)
:Sending Trackball (ACTION_MOVE): 0:(4.0,3.0)
:Sending Trackball (ACTION_MOVE): 0:(-3.0,3.0)
:Sending Trackball (ACTION_MOVE): 0:(1.0,-3.0)
:Sending Trackball (ACTION_MOVE): 0:(1.0,2.0)
:Sending Trackball (ACTION_MOVE): 0:(3.0,1.0)
:Sending Trackball (ACTION_MOVE): 0:(-3.0,-5.0)
:Sending Trackball (ACTION_MOVE): 0:(-5.0,-5.0)
:Sending Trackball (ACTION_MOVE): 0:(4.0,1.0)
:Sending Trackball (ACTION_MOVE): 0:(2.0,-3.0)
:Sending Trackball (ACTION_MOVE): 0:(-1.0,2.0)
:Sending Trackball (ACTION_MOVE): 0:(-4.0,4.0)
:Sending Trackball (ACTION_MOVE): 0:(1.0,0.0)
:Sending Trackball (ACTION_MOVE): 0:(1.0,2.0)
:Sending Touch (ACTION_DOWN): 0:(703.0,996.0)
:Sending Touch (ACTION_MOVE): 0:(717.4814,987.0494)
:Sending Touch (ACTION_MOVE): 0:(724.4373,977.61743)
:Sending Touch (ACTION_UP): 0:(731.67035,972.0204)
Sleeping for 500 milliseconds
:Sending Key (ACTION_DOWN): 21    // KEYCODE_DPAD_LEFT
    //[calendar_time:2022-09-19 16:24:23.260  system_uptime:17909992]
    // Sending event #300
:Sending Key (ACTION_UP): 21    // KEYCODE_DPAD_LEFT
Sleeping for 500 milliseconds
:Sending Touch (ACTION_DOWN): 0:(795.0,660.0)
:Sending Touch (ACTION_UP): 0:(794.4242,665.7204)
Sleeping for 500 milliseconds
:Sending Key (ACTION_DOWN): 82    // KEYCODE_MENU
:Sending Key (ACTION_UP): 82    // KEYCODE_MENU
Sleeping for 500 milliseconds
:Sending Key (ACTION_DOWN): 25    // KEYCODE_VOLUME_DOWN
:Sending Key (ACTION_UP): 25    // KEYCODE_VOLUME_DOWN
Sleeping for 500 milliseconds
:Sending Key (ACTION_DOWN): 22    // KEYCODE_DPAD_RIGHT
:Sending Key (ACTION_UP): 22    // KEYCODE_DPAD_RIGHT
Sleeping for 500 milliseconds
:Sending Key (ACTION_DOWN): 22    // KEYCODE_DPAD_RIGHT
:Sending Key (ACTION_UP): 22    // KEYCODE_DPAD_RIGHT
Sleeping for 500 milliseconds
    // activityResuming(com.litatom.app)
    // activityResuming(com.litatom.app)
    // activityResuming(com.litatom.app)
:Sending Key (ACTION_DOWN): 22    // KEYCODE_DPAD_RIGHT
:Sending Key (ACTION_UP): 22    // KEYCODE_DPAD_RIGHT
Sleeping for 500 milliseconds
:Sending Trackball (ACTION_MOVE): 0:(1.0,2.0)
:Sending Trackball (ACTION_MOVE): 0:(-1.0,-1.0)
:Sending Trackball (ACTION_MOVE): 0:(4.0,0.0)
:Sending Trackball (ACTION_MOVE): 0:(4.0,4.0)
:Sending Trackball (ACTION_MOVE): 0:(2.0,-4.0)
    // Rejecting start of Intent { act=android.intent.action.SHOW_BRIGHTNESS_DIALOG cmp=com.android.systemui/.settings.BrightnessDialog } in package com.android.systemui
:Sending Trackball (ACTION_MOVE): 0:(-4.0,-4.0)
:Sending Trackball (ACTION_MOVE): 0:(-2.0,3.0)
:Sending Trackball (ACTION_MOVE): 0:(-2.0,-4.0)
:Sending Trackball (ACTION_MOVE): 0:(-4.0,1.0)
:Sending Trackball (ACTION_MOVE): 0:(1.0,4.0)
:Sending Touch (ACTION_DOWN): 0:(135.0,320.0)
:Sending Touch (ACTION_UP): 0:(143.16571,319.58276)
Sleeping for 500 milliseconds
    // Allowing start of Intent { cmp=com.litatom.app/com.lit.app.party.PartyChatActivity } in package com.litatom.app
:Sending Key (ACTION_DOWN): 23    // KEYCODE_DPAD_CENTER
:Sending Key (ACTION_UP): 23    // KEYCODE_DPAD_CENTER
Sleeping for 500 milliseconds
:Sending Touch (ACTION_DOWN): 0:(913.0,131.0)
:Sending Touch (ACTION_POINTER_DOWN 1): 0:(913.811,127.827286) 1:(187.0,479.0)
:Sending Touch (ACTION_MOVE): 0:(914.31067,126.555115) 1:(188.47012,484.9199)
:Sending Touch (ACTION_MOVE): 0:(914.43567,124.45841) 1:(189.26474,489.89597)
:Sending Touch (ACTION_MOVE): 0:(914.8632,118.92957) 1:(194.15724,492.3897)
:Sending Touch (ACTION_MOVE): 0:(915.02246,116.504425) 1:(198.24501,497.60037)
:Sending Touch (ACTION_MOVE): 0:(915.38794,113.8711) 1:(198.35579,499.38205)
:Sending Touch (ACTION_MOVE): 0:(916.2212,107.85542) 1:(200.45776,499.9479)
:Sending Touch (ACTION_POINTER_UP 1): 0:(917.00006,105.368996) 1:(202.51508,506.6735)
:Sending Touch (ACTION_UP): 0:(917.1707,103.49968)
Sleeping for 500 milliseconds
    // Rejecting start of Intent { act=android.intent.action.MAIN cat=[android.intent.category.HOME] cmp=com.android.launcher3/.Launcher } in package com.android.launcher3
:Sending Trackball (ACTION_MOVE): 0:(3.0,2.0)
:Sending Trackball (ACTION_MOVE): 0:(1.0,4.0)
:Sending Trackball (ACTION_MOVE): 0:(2.0,-3.0)
:Sending Trackball (ACTION_MOVE): 0:(-1.0,3.0)
:Sending Trackball (ACTION_MOVE): 0:(-4.0,-4.0)
:Sending Trackball (ACTION_MOVE): 0:(3.0,3.0)
:Sending Trackball (ACTION_MOVE): 0:(-5.0,-5.0)
:Sending Trackball (ACTION_MOVE): 0:(2.0,3.0)
:Sending Trackball (ACTION_MOVE): 0:(4.0,2.0)
:Sending Trackball (ACTION_MOVE): 0:(1.0,3.0)
:Sending Touch (ACTION_DOWN): 0:(186.0,253.0)
:Sending Touch (ACTION_UP): 0:(178.99017,240.27025)
Sleeping for 500 milliseconds
:Sending Key (ACTION_DOWN): 23    // KEYCODE_DPAD_CENTER
:Sending Key (ACTION_UP): 23    // KEYCODE_DPAD_CENTER
Sleeping for 500 milliseconds
:Sending Touch (ACTION_DOWN): 0:(729.0,407.0)
:Sending Touch (ACTION_MOVE): 0:(728.52734,407.54333)
:Sending Touch (ACTION_MOVE): 0:(724.7639,408.52567)
:Sending Touch (ACTION_MOVE): 0:(723.2532,408.6285)
:Sending Touch (ACTION_MOVE): 0:(718.5143,409.4353)
:Sending Touch (ACTION_MOVE): 0:(716.40497,411.3323)
:Sending Touch (ACTION_MOVE): 0:(716.1448,412.72644)
:Sending Touch (ACTION_MOVE): 0:(714.3171,413.27533)
:Sending Touch (ACTION_MOVE): 0:(712.6416,413.3645)
:Sending Touch (ACTION_MOVE): 0:(708.30927,414.27478)
:Sending Touch (ACTION_UP): 0:(703.88696,415.72986)
Sleeping for 500 milliseconds
:Sending Touch (ACTION_DOWN): 0:(204.0,1456.0)
:Sending Touch (ACTION_MOVE): 0:(210.63277,1468.537)
:Sending Touch (ACTION_MOVE): 0:(212.55466,1472.8315)
:Sending Touch (ACTION_UP): 0:(220.89764,1483.1658)
Sleeping for 500 milliseconds
:Sending Touch (ACTION_DOWN): 0:(972.0,931.0)
:Sending Touch (ACTION_UP): 0:(970.935,917.3642)
Sleeping for 500 milliseconds
    // Allowing start of Intent { act=android.intent.action.MAIN cat=[android.intent.category.LAUNCHER] cmp=com.litatom.app/com.lit.app.ui.SplashActivity } in package com.litatom.app
:Sending Trackball (ACTION_MOVE): 0:(-4.0,-3.0)
:Sending Trackball (ACTION_MOVE): 0:(-1.0,3.0)
:Sending Trackball (ACTION_MOVE): 0:(-4.0,3.0)
:Sending Trackball (ACTION_MOVE): 0:(2.0,1.0)
:Sending Trackball (ACTION_MOVE): 0:(-2.0,-3.0)
:Sending Trackball (ACTION_MOVE): 0:(2.0,-2.0)
:Sending Trackball (ACTION_MOVE): 0:(1.0,0.0)
:Sending Trackball (ACTION_MOVE): 0:(2.0,3.0)
:Sending Trackball (ACTION_MOVE): 0:(2.0,1.0)
:Sending Trackball (ACTION_MOVE): 0:(1.0,-5.0)
:Sending Key (ACTION_DOWN): 23    // KEYCODE_DPAD_CENTER
:Sending Key (ACTION_UP): 23    // KEYCODE_DPAD_CENTER
Sleeping for 500 milliseconds
:Sending Trackball (ACTION_MOVE): 0:(1.0,-2.0)
:Sending Trackball (ACTION_MOVE): 0:(-1.0,-5.0)
:Sending Trackball (ACTION_MOVE): 0:(-2.0,-2.0)
:Sending Trackball (ACTION_MOVE): 0:(3.0,1.0)
:Sending Trackball (ACTION_MOVE): 0:(1.0,-3.0)
:Sending Trackball (ACTION_MOVE): 0:(3.0,1.0)
:Sending Trackball (ACTION_MOVE): 0:(-4.0,-5.0)
:Sending Trackball (ACTION_MOVE): 0:(-2.0,-1.0)
:Sending Trackball (ACTION_MOVE): 0:(0.0,-1.0)
:Sending Trackball (ACTION_MOVE): 0:(4.0,-2.0)
:Sending Touch (ACTION_DOWN): 0:(60.0,584.0)
:Sending Touch (ACTION_UP): 0:(53.01548,590.64026)
Sleeping for 500 milliseconds
:Sending Key (ACTION_DOWN): 197    // KEYCODE_BUTTON_10
:Sending Key (ACTION_UP): 197    // KEYCODE_BUTTON_10
Sleeping for 500 milliseconds
:Sending Key (ACTION_DOWN): 23    // KEYCODE_DPAD_CENTER
    // Injection Failed
:Sending Key (ACTION_UP): 23    // KEYCODE_DPAD_CENTER
Sleeping for 500 milliseconds
:Sending Trackball (ACTION_MOVE): 0:(-1.0,-3.0)
:Sending Trackball (ACTION_MOVE): 0:(2.0,-2.0)
:Sending Trackball (ACTION_MOVE): 0:(1.0,0.0)
:Sending Trackball (ACTION_MOVE): 0:(1.0,-4.0)
    //[calendar_time:2022-09-19 16:24:33.386  system_uptime:17920118]
    // Sending event #400
:Sending Trackball (ACTION_MOVE): 0:(-4.0,-4.0)
:Sending Trackball (ACTION_MOVE): 0:(-4.0,-3.0)
:Sending Trackball (ACTION_MOVE): 0:(0.0,4.0)
:Sending Trackball (ACTION_MOVE): 0:(-5.0,-1.0)
:Sending Trackball (ACTION_MOVE): 0:(3.0,1.0)
:Sending Trackball (ACTION_MOVE): 0:(-3.0,0.0)
:Sending Touch (ACTION_DOWN): 0:(28.0,1322.0)
:Sending Touch (ACTION_UP): 0:(41.814865,1319.3842)
Sleeping for 500 milliseconds
:Sending Touch (ACTION_DOWN): 0:(1068.0,61.0)
:Sending Touch (ACTION_UP): 0:(1068.8053,63.33659)
Sleeping for 500 milliseconds
:Sending Key (ACTION_DOWN): 112    // KEYCODE_FORWARD_DEL
    // Rejecting start of Intent { act=android.intent.action.MAIN cat=[android.intent.category.HOME] cmp=com.android.launcher3/.Launcher } in package com.android.launcher3
:Sending Key (ACTION_UP): 112    // KEYCODE_FORWARD_DEL
Sleeping for 500 milliseconds
:Sending Key (ACTION_DOWN): 53    // KEYCODE_Y
:Sending Key (ACTION_UP): 53    // KEYCODE_Y
Sleeping for 500 milliseconds
:Sending Touch (ACTION_DOWN): 0:(775.0,1489.0)
:Sending Touch (ACTION_MOVE): 0:(777.8493,1491.5271)
:Sending Touch (ACTION_MOVE): 0:(780.58655,1496.1189)
:Sending Touch (ACTION_MOVE): 0:(783.449,1497.2688)
:Sending Touch (ACTION_UP): 0:(787.6525,1501.831)
Sleeping for 500 milliseconds
:Switch: #Intent;action=android.intent.action.MAIN;category=android.intent.category.LAUNCHER;launchFlags=0x10200000;component=com.litatom.app/com.lit.app.ui.SplashActivity;end
    // Allowing start of Intent { act=android.intent.action.MAIN cat=[android.intent.category.LAUNCHER] cmp=com.litatom.app/com.lit.app.ui.SplashActivity } in package com.litatom.app
Sleeping for 500 milliseconds
:Sending Trackball (ACTION_MOVE): 0:(-1.0,-2.0)
:Sending Trackball (ACTION_MOVE): 0:(-2.0,2.0)
:Sending Trackball (ACTION_MOVE): 0:(-2.0,-2.0)
:Sending Trackball (ACTION_MOVE): 0:(2.0,0.0)
:Sending Trackball (ACTION_MOVE): 0:(-4.0,3.0)
:Sending Trackball (ACTION_MOVE): 0:(-3.0,-4.0)
:Sending Trackball (ACTION_MOVE): 0:(3.0,1.0)
:Sending Trackball (ACTION_MOVE): 0:(2.0,1.0)
:Sending Trackball (ACTION_MOVE): 0:(2.0,-3.0)
:Sending Trackball (ACTION_MOVE): 0:(-4.0,-5.0)
:Sending Trackball (ACTION_MOVE): 0:(-4.0,-2.0)
:Sending Trackball (ACTION_MOVE): 0:(-1.0,-5.0)
:Sending Trackball (ACTION_MOVE): 0:(0.0,0.0)
:Sending Trackball (ACTION_MOVE): 0:(-3.0,-5.0)
:Sending Trackball (ACTION_MOVE): 0:(4.0,4.0)
:Sending Trackball (ACTION_MOVE): 0:(0.0,3.0)
:Sending Trackball (ACTION_MOVE): 0:(2.0,-1.0)
:Sending Trackball (ACTION_MOVE): 0:(4.0,3.0)
:Sending Trackball (ACTION_MOVE): 0:(4.0,-3.0)
:Sending Trackball (ACTION_MOVE): 0:(0.0,2.0)
:Sending Key (ACTION_DOWN): 165    // KEYCODE_INFO
:Sending Key (ACTION_UP): 165    // KEYCODE_INFO
Sleeping for 500 milliseconds
:Sending Touch (ACTION_DOWN): 0:(34.0,1892.0)
:Sending Touch (ACTION_MOVE): 0:(43.45358,1883.8129)
:Sending Touch (ACTION_MOVE): 0:(48.923325,1873.9451)
:Sending Touch (ACTION_UP): 0:(51.136673,1873.5895)
Sleeping for 500 milliseconds
:Sending Trackball (ACTION_MOVE): 0:(3.0,-1.0)
:Sending Trackball (ACTION_MOVE): 0:(3.0,-4.0)
:Sending Trackball (ACTION_MOVE): 0:(4.0,3.0)
:Sending Trackball (ACTION_MOVE): 0:(-1.0,0.0)
:Sending Trackball (ACTION_MOVE): 0:(-5.0,-3.0)
:Sending Trackball (ACTION_MOVE): 0:(2.0,3.0)
:Sending Trackball (ACTION_MOVE): 0:(4.0,-5.0)
:Sending Trackball (ACTION_MOVE): 0:(0.0,4.0)
:Sending Trackball (ACTION_MOVE): 0:(-5.0,2.0)
:Sending Trackball (ACTION_MOVE): 0:(2.0,-3.0)
:Sending Touch (ACTION_DOWN): 0:(997.0,364.0)
:Sending Touch (ACTION_UP): 0:(1012.2813,363.58646)
Sleeping for 500 milliseconds
:Sending Touch (ACTION_DOWN): 0:(383.0,1151.0)
:Sending Touch (ACTION_MOVE): 0:(381.56708,1151.7863)
:Sending Touch (ACTION_MOVE): 0:(374.09457,1157.3065)
:Sending Touch (ACTION_MOVE): 0:(369.6653,1160.2853)
:Sending Touch (ACTION_MOVE): 0:(368.86115,1174.2638)
:Sending Touch (ACTION_UP): 0:(368.65546,1188.3059)
Sleeping for 500 milliseconds
:Sending Trackball (ACTION_MOVE): 0:(4.0,-4.0)
:Sending Trackball (ACTION_MOVE): 0:(-2.0,3.0)
:Sending Trackball (ACTION_MOVE): 0:(1.0,-2.0)
:Sending Trackball (ACTION_MOVE): 0:(0.0,0.0)
:Sending Trackball (ACTION_MOVE): 0:(1.0,0.0)
:Sending Trackball (ACTION_MOVE): 0:(4.0,-4.0)
:Sending Trackball (ACTION_MOVE): 0:(3.0,-5.0)
:Sending Trackball (ACTION_MOVE): 0:(-1.0,4.0)
:Sending Trackball (ACTION_MOVE): 0:(-1.0,-2.0)
:Sending Trackball (ACTION_MOVE): 0:(-1.0,-4.0)
:Sending Touch (ACTION_DOWN): 0:(557.0,1888.0)
:Sending Touch (ACTION_MOVE): 0:(556.128,1880.2817)
:Sending Touch (ACTION_MOVE): 0:(554.92645,1876.9445)
:Sending Touch (ACTION_MOVE): 0:(554.04913,1869.4774)
:Sending Touch (ACTION_MOVE): 0:(553.14514,1863.6877)
:Sending Touch (ACTION_UP): 0:(551.9617,1861.048)
Sleeping for 500 milliseconds
:Sending Touch (ACTION_DOWN): 0:(7.0,1307.0)
:Sending Touch (ACTION_MOVE): 0:(11.120953,1306.6794)
:Sending Touch (ACTION_MOVE): 0:(13.563083,1298.9663)
:Sending Touch (ACTION_MOVE): 0:(17.851044,1290.5768)
:Sending Touch (ACTION_MOVE): 0:(23.271717,1280.7957)
:Sending Touch (ACTION_MOVE): 0:(25.203966,1276.6599)
:Sending Touch (ACTION_MOVE): 0:(30.207264,1264.09)
:Sending Touch (ACTION_MOVE): 0:(31.802643,1261.9915)
:Sending Touch (ACTION_MOVE): 0:(32.938183,1253.894)
:Sending Touch (ACTION_MOVE): 0:(36.25729,1243.0966)
:Sending Touch (ACTION_UP): 0:(36.392334,1232.3292)
Sleeping for 500 milliseconds
:Sending Touch (ACTION_DOWN): 0:(239.0,940.0)
:Sending Touch (ACTION_UP): 0:(247.77217,934.2203)
Sleeping for 500 milliseconds
    // activityResuming(com.litatom.app)
    // activityResuming(com.litatom.app)
    // activityResuming(com.litatom.app)
:Sending Touch (ACTION_DOWN): 0:(659.0,423.0)
:Sending Touch (ACTION_UP): 0:(669.91095,413.44858)
Sleeping for 500 milliseconds
    // Allowing start of Intent { act=android.intent.action.MAIN cat=[android.intent.category.LAUNCHER] cmp=com.litatom.app/com.lit.app.ui.SplashActivity } in package com.litatom.app
:Switch: #Intent;action=android.intent.action.MAIN;category=android.intent.category.LAUNCHER;launchFlags=0x10200000;component=com.litatom.app/com.lit.app.ui.SplashActivity;end
    // Allowing start of Intent { act=android.intent.action.MAIN cat=[android.intent.category.LAUNCHER] cmp=com.litatom.app/com.lit.app.ui.SplashActivity } in package com.litatom.app
Sleeping for 500 milliseconds
    // Rejecting start of Intent { act=android.intent.action.VIEW dat=tel:xxxx cmp=com.android.contacts/.NonPhoneActivity } in package com.android.contacts
:Sending Key (ACTION_DOWN): 69    // KEYCODE_MINUS
:Sending Key (ACTION_UP): 69    // KEYCODE_MINUS
Sleeping for 500 milliseconds
    // Allowing start of Intent { cmp=com.litatom.app/com.lit.app.party.PartyChatActivity } in package com.litatom.app
    // activityResuming(com.litatom.app)
:Sending Trackball (ACTION_MOVE): 0:(-2.0,1.0)
:Sending Trackball (ACTION_MOVE): 0:(-3.0,4.0)
    //[calendar_time:2022-09-19 16:24:41.559  system_uptime:17928291]
    // Sending event #500
:Sending Trackball (ACTION_MOVE): 0:(-1.0,2.0)
:Sending Trackball (ACTION_MOVE): 0:(-1.0,-3.0)
:Sending Trackball (ACTION_MOVE): 0:(-5.0,-2.0)
:Sending Trackball (ACTION_MOVE): 0:(0.0,4.0)
:Sending Trackball (ACTION_MOVE): 0:(2.0,-3.0)
:Sending Trackball (ACTION_MOVE): 0:(3.0,1.0)
:Sending Trackball (ACTION_MOVE): 0:(-2.0,0.0)
:Sending Trackball (ACTION_MOVE): 0:(1.0,-2.0)
:Sending Trackball (ACTION_DOWN): 0:(0.0,0.0)
:Sending Trackball (ACTION_UP): 0:(0.0,0.0)
Sleeping for 500 milliseconds
    // Rejecting start of Intent { act=android.intent.action.VIEW dat=tel:xxxx cmp=com.android.contacts/.NonPhoneActivity } in package com.android.contacts
:Sending Key (ACTION_DOWN): 23    // KEYCODE_DPAD_CENTER
:Sending Key (ACTION_UP): 23    // KEYCODE_DPAD_CENTER
Sleeping for 500 milliseconds
    // Rejecting start of Intent { act=android.intent.action.MAIN cat=[android.intent.category.LAUNCHER] cmp=com.android.contacts/.activities.PeopleActivity } in package com.android.contacts
    // Rejecting start of Intent { act=android.intent.action.VIEW dat=tel:xxxx cmp=com.android.contacts/.NonPhoneActivity } in package com.android.contacts
:Sending Key (ACTION_DOWN): 22    // KEYCODE_DPAD_RIGHT
:Sending Key (ACTION_UP): 22    // KEYCODE_DPAD_RIGHT
Sleeping for 500 milliseconds
    // Allowing start of Intent { act=android.intent.action.MAIN cat=[android.intent.category.LAUNCHER] cmp=com.litatom.app/com.lit.app.ui.SplashActivity } in package com.litatom.app
:Sending Key (ACTION_DOWN): 20    // KEYCODE_DPAD_DOWN
:Sending Key (ACTION_UP): 20    // KEYCODE_DPAD_DOWN
Sleeping for 500 milliseconds
    // Allowing start of Intent { act=android.intent.action.MAIN cat=[android.intent.category.LAUNCHER] cmp=com.litatom.app/com.lit.app.ui.SplashActivity } in package com.litatom.app
:Switch: #Intent;action=android.intent.action.MAIN;category=android.intent.category.LAUNCHER;launchFlags=0x10200000;component=com.litatom.app/com.lit.app.ui.SplashActivity;end
    // Allowing start of Intent { act=android.intent.action.MAIN cat=[android.intent.category.LAUNCHER] cmp=com.litatom.app/com.lit.app.ui.SplashActivity } in package com.litatom.app
Sleeping for 500 milliseconds
:Sending Touch (ACTION_DOWN): 0:(696.0,362.0)
:Sending Touch (ACTION_MOVE): 0:(690.988,366.15756)
:Sending Touch (ACTION_MOVE): 0:(688.36115,366.78986)
:Sending Touch (ACTION_MOVE): 0:(684.2926,369.4176)
:Sending Touch (ACTION_MOVE): 0:(683.5015,371.8945)
:Sending Touch (ACTION_MOVE): 0:(680.76733,378.95825)
:Sending Touch (ACTION_MOVE): 0:(677.8983,382.0491)
:Sending Touch (ACTION_MOVE): 0:(674.97534,385.2616)
:Sending Touch (ACTION_MOVE): 0:(667.1915,386.4205)
:Sending Touch (ACTION_MOVE): 0:(661.2529,391.51837)
:Sending Touch (ACTION_UP): 0:(654.80914,393.40952)
Sleeping for 500 milliseconds
:Sending Trackball (ACTION_MOVE): 0:(-5.0,2.0)
:Sending Trackball (ACTION_MOVE): 0:(0.0,3.0)
:Sending Trackball (ACTION_MOVE): 0:(-4.0,-1.0)
:Sending Trackball (ACTION_MOVE): 0:(-5.0,-2.0)
:Sending Trackball (ACTION_MOVE): 0:(2.0,0.0)
:Sending Trackball (ACTION_MOVE): 0:(-3.0,-1.0)
:Sending Trackball (ACTION_MOVE): 0:(1.0,-4.0)
:Sending Trackball (ACTION_MOVE): 0:(-3.0,-4.0)
:Sending Trackball (ACTION_MOVE): 0:(2.0,3.0)
:Sending Trackball (ACTION_MOVE): 0:(-4.0,-2.0)
:Sending Touch (ACTION_DOWN): 0:(943.0,160.0)
:Sending Touch (ACTION_MOVE): 0:(965.5699,147.4391)
:Sending Touch (ACTION_UP): 0:(984.9047,138.33015)
Sleeping for 500 milliseconds
    // Allowing start of Intent { act=android.intent.action.MAIN cat=[android.intent.category.LAUNCHER] cmp=com.litatom.app/com.lit.app.ui.SplashActivity } in package com.litatom.app
    // Allowing start of Intent { act=android.intent.action.MAIN cat=[android.intent.category.LAUNCHER] cmp=com.litatom.app/com.lit.app.ui.SplashActivity } in package com.litatom.app
:Sending Key (ACTION_DOWN): 20    // KEYCODE_DPAD_DOWN
:Sending Key (ACTION_UP): 20    // KEYCODE_DPAD_DOWN
Sleeping for 500 milliseconds
:Sending Trackball (ACTION_MOVE): 0:(-4.0,-4.0)
:Sending Trackball (ACTION_MOVE): 0:(3.0,4.0)
:Sending Trackball (ACTION_MOVE): 0:(1.0,-2.0)
:Sending Trackball (ACTION_MOVE): 0:(4.0,-5.0)
:Sending Trackball (ACTION_MOVE): 0:(2.0,-2.0)
:Sending Trackball (ACTION_MOVE): 0:(-3.0,-4.0)
:Sending Trackball (ACTION_MOVE): 0:(3.0,0.0)
:Sending Trackball (ACTION_MOVE): 0:(-5.0,3.0)
:Sending Trackball (ACTION_MOVE): 0:(3.0,-1.0)
:Sending Trackball (ACTION_MOVE): 0:(0.0,-3.0)
:Sending Key (ACTION_DOWN): 139    // KEYCODE_F9
:Sending Key (ACTION_UP): 139    // KEYCODE_F9
Sleeping for 500 milliseconds
:Sending Trackball (ACTION_MOVE): 0:(-1.0,4.0)
:Sending Trackball (ACTION_MOVE): 0:(-3.0,-2.0)
:Sending Trackball (ACTION_MOVE): 0:(-5.0,-5.0)
:Sending Trackball (ACTION_MOVE): 0:(-3.0,3.0)
:Sending Trackball (ACTION_MOVE): 0:(-3.0,-1.0)
:Sending Trackball (ACTION_MOVE): 0:(2.0,2.0)
:Sending Trackball (ACTION_MOVE): 0:(-4.0,-3.0)
:Sending Trackball (ACTION_MOVE): 0:(4.0,0.0)
:Sending Trackball (ACTION_MOVE): 0:(-2.0,1.0)
:Sending Trackball (ACTION_MOVE): 0:(-2.0,4.0)
:Sending Key (ACTION_DOWN): 11    // KEYCODE_4
:Sending Key (ACTION_UP): 11    // KEYCODE_4
Sleeping for 500 milliseconds
    // Allowing start of Intent { cmp=com.litatom.app/com.lit.app.party.PartyChatActivity } in package com.litatom.app
    // activityResuming(com.litatom.app)
:Sending Trackball (ACTION_MOVE): 0:(1.0,-4.0)
:Sending Trackball (ACTION_MOVE): 0:(0.0,2.0)
:Sending Trackball (ACTION_MOVE): 0:(-5.0,-3.0)
:Sending Trackball (ACTION_MOVE): 0:(4.0,-2.0)
:Sending Trackball (ACTION_MOVE): 0:(-4.0,3.0)
:Sending Trackball (ACTION_MOVE): 0:(-4.0,-1.0)
:Sending Trackball (ACTION_MOVE): 0:(-4.0,0.0)
:Sending Trackball (ACTION_MOVE): 0:(1.0,-1.0)
:Sending Trackball (ACTION_MOVE): 0:(3.0,-3.0)
:Sending Trackball (ACTION_MOVE): 0:(-3.0,1.0)
:Sending Trackball (ACTION_DOWN): 0:(0.0,0.0)
:Sending Trackball (ACTION_UP): 0:(0.0,0.0)
Sleeping for 500 milliseconds
    // activityResuming(com.litatom.app)
    // Allowing start of Intent { cmp=com.litatom.app/com.lit.app.ui.chat.ChatActivity } in package com.litatom.app
:Sending Trackball (ACTION_MOVE): 0:(0.0,0.0)
:Sending Trackball (ACTION_MOVE): 0:(-4.0,3.0)
:Sending Trackball (ACTION_MOVE): 0:(-3.0,0.0)
:Sending Trackball (ACTION_MOVE): 0:(2.0,1.0)
:Sending Trackball (ACTION_MOVE): 0:(4.0,1.0)
:Sending Trackball (ACTION_MOVE): 0:(-1.0,-3.0)
:Sending Trackball (ACTION_MOVE): 0:(-3.0,-5.0)
:Sending Trackball (ACTION_MOVE): 0:(2.0,4.0)
:Sending Trackball (ACTION_MOVE): 0:(3.0,3.0)
:Sending Trackball (ACTION_MOVE): 0:(3.0,-5.0)
:Sending Touch (ACTION_DOWN): 0:(510.0,311.0)
:Sending Touch (ACTION_UP): 0:(519.99255,316.06625)
Sleeping for 500 milliseconds
    // activityResuming(com.litatom.app)
    // Allowing start of Intent { cmp=com.litatom.app/com.lit.app.ui.chat.ChatActivity } in package com.litatom.app
:Sending Key (ACTION_DOWN): 21    // KEYCODE_DPAD_LEFT
:Sending Key (ACTION_UP): 21    // KEYCODE_DPAD_LEFT
Sleeping for 500 milliseconds
:Sending Key (ACTION_DOWN): 21    // KEYCODE_DPAD_LEFT
:Sending Key (ACTION_UP): 21    // KEYCODE_DPAD_LEFT
Sleeping for 500 milliseconds
    // Allowing start of Intent { act=android.intent.action.MAIN cat=[android.intent.category.LAUNCHER] cmp=com.litatom.app/com.lit.app.ui.SplashActivity } in package com.litatom.app
:Sending Key (ACTION_DOWN): 20    // KEYCODE_DPAD_DOWN
:Sending Key (ACTION_UP): 20    // KEYCODE_DPAD_DOWN
Sleeping for 500 milliseconds
    // activityResuming(com.litatom.app)
:Sending Touch (ACTION_DOWN): 0:(655.0,572.0)
:Sending Touch (ACTION_MOVE): 0:(645.8427,583.52136)
    // Allowing start of Intent { cmp=com.litatom.app/com.lit.app.ad.ui.RewardedAdActivity } in package com.litatom.app
    // Injection Failed
:Sending Touch (ACTION_MOVE): 0:(622.2044,594.6275)
    // Injection Failed
    //[calendar_time:2022-09-19 16:24:49.390  system_uptime:17936122]
    // Sending event #600
:Sending Touch (ACTION_MOVE): 0:(608.1129,610.7963)
    // Injection Failed
:Sending Touch (ACTION_MOVE): 0:(598.899,614.6035)
    // Injection Failed
:Sending Touch (ACTION_MOVE): 0:(595.37854,625.6571)
    // Injection Failed
:Sending Touch (ACTION_MOVE): 0:(587.6401,633.03033)
    // Injection Failed
:Sending Touch (ACTION_MOVE): 0:(581.85004,647.06586)
    // Injection Failed
:Sending Touch (ACTION_MOVE): 0:(558.71106,653.1496)
    // Injection Failed
:Sending Touch (ACTION_MOVE): 0:(539.79663,654.7599)
    // Injection Failed
:Sending Touch (ACTION_UP): 0:(537.8943,654.81335)
    // Injection Failed
Sleeping for 500 milliseconds
    // activityResuming(com.litatom.app)
:Sending Key (ACTION_DOWN): 19    // KEYCODE_DPAD_UP
:Sending Key (ACTION_UP): 19    // KEYCODE_DPAD_UP
Sleeping for 500 milliseconds
    // Allowing start of Intent { cmp=com.litatom.app/com.lit.app.ad.ui.RewardedAdActivity } in package com.litatom.app
:Sending Key (ACTION_DOWN): 20    // KEYCODE_DPAD_DOWN
:Sending Key (ACTION_UP): 20    // KEYCODE_DPAD_DOWN
Sleeping for 500 milliseconds
    // Allowing start of Intent { act=android.intent.action.MAIN cat=[android.intent.category.LAUNCHER] cmp=com.litatom.app/com.lit.app.ui.SplashActivity } in package com.litatom.app
:Sending Trackball (ACTION_MOVE): 0:(1.0,-4.0)
:Sending Trackball (ACTION_MOVE): 0:(3.0,-5.0)
:Sending Trackball (ACTION_MOVE): 0:(1.0,-2.0)
:Sending Trackball (ACTION_MOVE): 0:(2.0,1.0)
:Sending Trackball (ACTION_MOVE): 0:(-4.0,2.0)
:Sending Trackball (ACTION_MOVE): 0:(-3.0,4.0)
:Sending Trackball (ACTION_MOVE): 0:(1.0,0.0)
:Sending Trackball (ACTION_MOVE): 0:(-5.0,-2.0)
:Sending Trackball (ACTION_MOVE): 0:(2.0,-3.0)
:Sending Trackball (ACTION_MOVE): 0:(3.0,0.0)
:Sending Key (ACTION_DOWN): 23    // KEYCODE_DPAD_CENTER
:Sending Key (ACTION_UP): 23    // KEYCODE_DPAD_CENTER
Sleeping for 500 milliseconds
:Sending Touch (ACTION_DOWN): 0:(446.0,1297.0)
:Sending Touch (ACTION_MOVE): 0:(448.74036,1297.6011)
:Sending Touch (ACTION_UP): 0:(451.5864,1298.0532)
Sleeping for 500 milliseconds
    // activityResuming(com.litatom.app)
    // Allowing start of Intent { cmp=com.litatom.app/com.lit.app.post.v3.PublishV3Activity } in package com.litatom.app
    // Allowing start of Intent { cmp=com.litatom.app/com.lit.app.ui.chat.ChatActivity } in package com.litatom.app
:Sending Touch (ACTION_DOWN): 0:(972.0,1305.0)
:Sending Touch (ACTION_UP): 0:(972.2138,1300.9963)
Sleeping for 500 milliseconds
    // Allowing start of Intent { cmp=com.litatom.app/com.lit.app.party.PartyChatActivity } in package com.litatom.app
    // activityResuming(com.litatom.app)
:Sending Touch (ACTION_DOWN): 0:(890.0,1832.0)
:Sending Touch (ACTION_UP): 0:(888.1919,1833.5988)
Sleeping for 500 milliseconds
:Sending Key (ACTION_DOWN): 82    // KEYCODE_MENU
:Sending Key (ACTION_UP): 82    // KEYCODE_MENU
Sleeping for 500 milliseconds
:Sending Touch (ACTION_DOWN): 0:(8.0,1540.0)
:Sending Touch (ACTION_MOVE): 0:(0.0,1540.2748)
:Sending Touch (ACTION_MOVE): 0:(0.0,1544.7745)
:Sending Touch (ACTION_UP): 0:(0.0,1553.3412)
Sleeping for 500 milliseconds
:Sending Touch (ACTION_DOWN): 0:(825.0,1215.0)
:Sending Touch (ACTION_MOVE): 0:(822.96564,1212.7286)
:Sending Touch (ACTION_MOVE): 0:(821.2118,1199.4401)
:Sending Touch (ACTION_MOVE): 0:(816.93744,1193.8408)
:Sending Touch (ACTION_MOVE): 0:(816.90924,1183.719)
:Sending Touch (ACTION_MOVE): 0:(813.12933,1179.378)
:Sending Touch (ACTION_MOVE): 0:(811.06213,1178.7386)
:Sending Touch (ACTION_MOVE): 0:(810.5961,1170.8937)
:Sending Touch (ACTION_MOVE): 0:(808.2304,1167.1041)
:Sending Touch (ACTION_UP): 0:(806.55176,1154.6918)
Sleeping for 500 milliseconds
:Sending Key (ACTION_DOWN): 19    // KEYCODE_DPAD_UP
:Sending Key (ACTION_UP): 19    // KEYCODE_DPAD_UP
Sleeping for 500 milliseconds
:Sending Trackball (ACTION_MOVE): 0:(-3.0,-1.0)
:Sending Trackball (ACTION_MOVE): 0:(2.0,-1.0)
:Sending Trackball (ACTION_MOVE): 0:(-5.0,-3.0)
:Sending Trackball (ACTION_MOVE): 0:(0.0,-5.0)
:Sending Trackball (ACTION_MOVE): 0:(3.0,-3.0)
:Sending Trackball (ACTION_MOVE): 0:(1.0,-5.0)
:Sending Trackball (ACTION_MOVE): 0:(1.0,4.0)
:Sending Trackball (ACTION_MOVE): 0:(-2.0,-2.0)
:Sending Trackball (ACTION_MOVE): 0:(0.0,-2.0)
:Sending Trackball (ACTION_MOVE): 0:(-1.0,-2.0)
:Sending Key (ACTION_DOWN): 22    // KEYCODE_DPAD_RIGHT
:Sending Key (ACTION_UP): 22    // KEYCODE_DPAD_RIGHT
Sleeping for 500 milliseconds
:Sending Touch (ACTION_DOWN): 0:(690.0,1746.0)
:Sending Touch (ACTION_MOVE): 0:(675.3477,1759.186)
:Sending Touch (ACTION_UP): 0:(656.099,1761.4122)
Sleeping for 500 milliseconds
:Sending Key (ACTION_DOWN): 19    // KEYCODE_DPAD_UP
:Sending Key (ACTION_UP): 19    // KEYCODE_DPAD_UP
Sleeping for 500 milliseconds
    // Allowing start of Intent { act=android.intent.action.MAIN cat=[android.intent.category.LAUNCHER] cmp=com.litatom.app/com.lit.app.ui.SplashActivity } in package com.litatom.app
:Sending Key (ACTION_DOWN): 19    // KEYCODE_DPAD_UP
:Sending Key (ACTION_UP): 19    // KEYCODE_DPAD_UP
Sleeping for 500 milliseconds
:Sending Key (ACTION_DOWN): 89    // KEYCODE_MEDIA_REWIND
:Sending Key (ACTION_UP): 89    // KEYCODE_MEDIA_REWIND
Sleeping for 500 milliseconds
:Sending Key (ACTION_DOWN): 163    // KEYCODE_NUMPAD_RIGHT_PAREN
:Sending Key (ACTION_UP): 163    // KEYCODE_NUMPAD_RIGHT_PAREN
Sleeping for 500 milliseconds
    // Allowing start of Intent { cmp=com.litatom.app/com.lit.app.party.PartyChatActivity } in package com.litatom.app
    // Rejecting start of Intent { act=android.intent.action.MAIN cat=[android.intent.category.HOME] cmp=com.android.launcher3/.Launcher } in package com.android.launcher3
    // activityResuming(com.litatom.app)
:Sending Trackball (ACTION_MOVE): 0:(4.0,-3.0)
:Sending Trackball (ACTION_MOVE): 0:(-1.0,-5.0)
:Sending Trackball (ACTION_MOVE): 0:(-5.0,-5.0)
:Sending Trackball (ACTION_MOVE): 0:(1.0,-1.0)
:Sending Trackball (ACTION_MOVE): 0:(-4.0,-4.0)
:Sending Trackball (ACTION_MOVE): 0:(2.0,2.0)
:Sending Trackball (ACTION_MOVE): 0:(0.0,4.0)
:Sending Trackball (ACTION_MOVE): 0:(-1.0,-4.0)
:Sending Trackball (ACTION_MOVE): 0:(2.0,-5.0)
:Sending Trackball (ACTION_MOVE): 0:(0.0,1.0)
:Sending Key (ACTION_DOWN): 82    // KEYCODE_MENU
:Sending Key (ACTION_UP): 82    // KEYCODE_MENU
Sleeping for 500 milliseconds
:Sending Key (ACTION_DOWN): 82    // KEYCODE_MENU
:Sending Key (ACTION_UP): 82    // KEYCODE_MENU
Sleeping for 500 milliseconds
:Sending Key (ACTION_DOWN): 3    // KEYCODE_HOME
:Sending Key (ACTION_UP): 3    // KEYCODE_HOME
    // Rejecting start of Intent { act=android.intent.action.MAIN cat=[android.intent.category.HOME] cmp=com.android.launcher3/.Launcher } in package com.android.launcher3
Sleeping for 500 milliseconds
:Sending Key (ACTION_DOWN): 42    // KEYCODE_N
:Sending Key (ACTION_UP): 42    // KEYCODE_N
Sleeping for 500 milliseconds
    // activityResuming(com.litatom.app)
:Sending Trackball (ACTION_MOVE): 0:(-4.0,1.0)
:Sending Trackball (ACTION_MOVE): 0:(3.0,1.0)
:Sending Trackball (ACTION_MOVE): 0:(1.0,2.0)
:Sending Trackball (ACTION_MOVE): 0:(1.0,-5.0)
:Sending Trackball (ACTION_MOVE): 0:(4.0,-2.0)
:Sending Trackball (ACTION_MOVE): 0:(0.0,1.0)
:Sending Trackball (ACTION_MOVE): 0:(-4.0,3.0)
:Sending Trackball (ACTION_MOVE): 0:(2.0,-3.0)
:Sending Trackball (ACTION_MOVE): 0:(3.0,-4.0)
:Sending Trackball (ACTION_MOVE): 0:(-1.0,-3.0)
    //[calendar_time:2022-09-19 16:25:00.068  system_uptime:17946800]
    // Sending event #700
:Sending Key (ACTION_DOWN): 94    // KEYCODE_PICTSYMBOLS
:Sending Key (ACTION_UP): 94    // KEYCODE_PICTSYMBOLS
Sleeping for 500 milliseconds
:Sending Trackball (ACTION_MOVE): 0:(-4.0,3.0)
:Sending Trackball (ACTION_MOVE): 0:(-4.0,-5.0)
:Sending Trackball (ACTION_MOVE): 0:(-1.0,2.0)
:Sending Trackball (ACTION_MOVE): 0:(3.0,3.0)
:Sending Trackball (ACTION_MOVE): 0:(3.0,-5.0)
:Sending Trackball (ACTION_MOVE): 0:(0.0,2.0)
:Sending Trackball (ACTION_MOVE): 0:(-5.0,0.0)
:Sending Trackball (ACTION_MOVE): 0:(-4.0,1.0)
:Sending Trackball (ACTION_MOVE): 0:(2.0,4.0)
:Sending Trackball (ACTION_MOVE): 0:(-4.0,0.0)
:Sending Trackball (ACTION_DOWN): 0:(0.0,0.0)
:Sending Trackball (ACTION_UP): 0:(0.0,0.0)
Sleeping for 500 milliseconds
:Sending Key (ACTION_DOWN): 21    // KEYCODE_DPAD_LEFT
:Sending Key (ACTION_UP): 21    // KEYCODE_DPAD_LEFT
Sleeping for 500 milliseconds
:Sending Key (ACTION_DOWN): 3    // KEYCODE_HOME
:Sending Key (ACTION_UP): 3    // KEYCODE_HOME
    // Rejecting start of Intent { act=android.intent.action.MAIN cat=[android.intent.category.HOME] cmp=com.android.launcher3/.Launcher } in package com.android.launcher3
Sleeping for 500 milliseconds
    // Allowing start of Intent { cmp=com.litatom.app/com.lit.app.party.PartyChatActivity } in package com.litatom.app
    // activityResuming(com.litatom.app)
:Sending Trackball (ACTION_MOVE): 0:(-5.0,-2.0)
:Sending Trackball (ACTION_MOVE): 0:(2.0,-2.0)
:Sending Trackball (ACTION_MOVE): 0:(-3.0,4.0)
:Sending Trackball (ACTION_MOVE): 0:(-1.0,-5.0)
:Sending Trackball (ACTION_MOVE): 0:(3.0,-5.0)
:Sending Trackball (ACTION_MOVE): 0:(-1.0,3.0)
:Sending Trackball (ACTION_MOVE): 0:(0.0,0.0)
:Sending Trackball (ACTION_MOVE): 0:(3.0,-5.0)
:Sending Trackball (ACTION_MOVE): 0:(2.0,-4.0)
:Sending Trackball (ACTION_MOVE): 0:(-5.0,-2.0)
:Sending Key (ACTION_DOWN): 210    // KEYCODE_CALCULATOR
:Sending Key (ACTION_UP): 210    // KEYCODE_CALCULATOR
Sleeping for 500 milliseconds
:Sending Touch (ACTION_DOWN): 0:(563.0,846.0)
:Sending Touch (ACTION_MOVE): 0:(559.2982,846.18353)
:Sending Touch (ACTION_MOVE): 0:(555.3399,846.5389)
:Sending Touch (ACTION_UP): 0:(545.66675,847.54736)
Sleeping for 500 milliseconds
    // Allowing start of Intent { cmp=com.litatom.app/com.lit.app.party.PartyChatActivity } in package com.litatom.app
    // activityResuming(com.litatom.app)
:Sending Touch (ACTION_DOWN): 0:(201.0,1739.0)
:Sending Touch (ACTION_MOVE): 0:(213.63641,1745.0482)
:Sending Touch (ACTION_MOVE): 0:(225.81459,1753.8811)
:Sending Touch (ACTION_MOVE): 0:(239.00644,1756.1625)
:Sending Touch (ACTION_MOVE): 0:(249.37749,1757.1759)
:Sending Touch (ACTION_MOVE): 0:(261.93182,1761.2205)
:Sending Touch (ACTION_MOVE): 0:(267.06958,1762.7828)
:Sending Touch (ACTION_MOVE): 0:(268.9058,1766.9655)
:Sending Touch (ACTION_MOVE): 0:(270.47806,1770.8268)
:Sending Touch (ACTION_MOVE): 0:(280.4527,1774.8126)
:Sending Touch (ACTION_UP): 0:(287.65897,1779.5038)
Sleeping for 500 milliseconds
:Sending Touch (ACTION_DOWN): 0:(608.0,613.0)
:Sending Touch (ACTION_POINTER_DOWN 1): 0:(607.95135,604.3951) 1:(259.0,1007.0)
:Sending Touch (ACTION_MOVE): 0:(607.922,598.6312) 1:(258.23544,988.7874)
:Sending Touch (ACTION_MOVE): 0:(607.9165,593.0791) 1:(257.16623,971.43945)
:Sending Touch (ACTION_POINTER_UP 1): 0:(607.91425,586.49695) 1:(256.2157,967.0495)
:Sending Touch (ACTION_UP): 0:(607.90546,577.32544)
Sleeping for 500 milliseconds
:Sending Key (ACTION_DOWN): 23    // KEYCODE_DPAD_CENTER
:Sending Key (ACTION_UP): 23    // KEYCODE_DPAD_CENTER
Sleeping for 500 milliseconds
:Sending Key (ACTION_DOWN): 261    // KEYCODE_NAVIGATE_NEXT
:Sending Key (ACTION_UP): 261    // KEYCODE_NAVIGATE_NEXT
Sleeping for 500 milliseconds
:Sending Touch (ACTION_DOWN): 0:(786.0,350.0)
:Sending Touch (ACTION_UP): 0:(780.1459,344.52655)
Sleeping for 500 milliseconds
:Sending Touch (ACTION_DOWN): 0:(175.0,1699.0)
:Sending Touch (ACTION_UP): 0:(174.9551,1699.4235)
Sleeping for 500 milliseconds
    // Allowing start of Intent { cmp=com.litatom.app/com.lit.app.party.PartyChatActivity } in package com.litatom.app
    // activityResuming(com.litatom.app)
:Sending Trackball (ACTION_MOVE): 0:(-3.0,-3.0)
:Sending Trackball (ACTION_MOVE): 0:(0.0,-3.0)
:Sending Trackball (ACTION_MOVE): 0:(-1.0,2.0)
:Sending Trackball (ACTION_MOVE): 0:(-1.0,-5.0)
:Sending Trackball (ACTION_MOVE): 0:(-4.0,-1.0)
:Sending Trackball (ACTION_MOVE): 0:(-4.0,0.0)
:Sending Trackball (ACTION_MOVE): 0:(-1.0,0.0)
:Sending Trackball (ACTION_MOVE): 0:(-1.0,-5.0)
:Sending Trackball (ACTION_MOVE): 0:(-5.0,-3.0)
:Sending Trackball (ACTION_MOVE): 0:(4.0,2.0)
:Sending Trackball (ACTION_MOVE): 0:(-3.0,-2.0)
:Sending Trackball (ACTION_MOVE): 0:(-3.0,-3.0)
:Sending Trackball (ACTION_MOVE): 0:(2.0,-3.0)
:Sending Trackball (ACTION_MOVE): 0:(-5.0,-1.0)
:Sending Trackball (ACTION_MOVE): 0:(-1.0,3.0)
:Sending Trackball (ACTION_MOVE): 0:(1.0,-2.0)
:Sending Trackball (ACTION_MOVE): 0:(2.0,2.0)
:Sending Trackball (ACTION_MOVE): 0:(0.0,3.0)
:Sending Trackball (ACTION_MOVE): 0:(4.0,3.0)
:Sending Trackball (ACTION_MOVE): 0:(0.0,-3.0)
:Sending Touch (ACTION_DOWN): 0:(1076.0,1143.0)
:Sending Touch (ACTION_UP): 0:(1072.231,1135.0751)
Sleeping for 500 milliseconds
    // Rejecting start of Intent { act=android.intent.action.MAIN cat=[android.intent.category.HOME] cmp=com.android.launcher3/.Launcher } in package com.android.launcher3
:Sending Touch (ACTION_DOWN): 0:(252.0,589.0)
:Sending Touch (ACTION_UP): 0:(258.00165,589.4826)
Sleeping for 500 milliseconds
:Sending Trackball (ACTION_MOVE): 0:(1.0,-3.0)
:Sending Trackball (ACTION_MOVE): 0:(-2.0,4.0)
:Sending Trackball (ACTION_MOVE): 0:(3.0,-2.0)
:Sending Trackball (ACTION_MOVE): 0:(-4.0,4.0)
:Sending Trackball (ACTION_MOVE): 0:(-4.0,2.0)
:Sending Trackball (ACTION_MOVE): 0:(2.0,-5.0)
:Sending Trackball (ACTION_MOVE): 0:(-1.0,-5.0)
:Sending Trackball (ACTION_MOVE): 0:(-1.0,-2.0)
:Sending Trackball (ACTION_MOVE): 0:(-3.0,-1.0)
:Sending Trackball (ACTION_MOVE): 0:(-5.0,3.0)
:Sending Touch (ACTION_DOWN): 0:(14.0,1385.0)
:Sending Touch (ACTION_MOVE): 0:(0.0,1395.3583)
:Sending Touch (ACTION_MOVE): 0:(0.0,1395.5433)
:Sending Touch (ACTION_MOVE): 0:(0.0,1401.7357)
:Sending Touch (ACTION_MOVE): 0:(0.0,1404.0571)
:Sending Touch (ACTION_MOVE): 0:(0.0,1409.7325)
:Sending Touch (ACTION_MOVE): 0:(0.0,1416.4778)
    //[calendar_time:2022-09-19 16:25:07.356  system_uptime:17954089]
    // Sending event #800
:Sending Touch (ACTION_MOVE): 0:(0.0,1418.9767)
:Sending Touch (ACTION_MOVE): 0:(0.0,1420.305)
:Sending Touch (ACTION_UP): 0:(0.0,1428.6898)
Sleeping for 500 milliseconds
:Sending Key (ACTION_DOWN): 141    // KEYCODE_F11
:Sending Key (ACTION_UP): 141    // KEYCODE_F11
Sleeping for 500 milliseconds
:Sending Key (ACTION_DOWN): 21    // KEYCODE_DPAD_LEFT
:Sending Key (ACTION_UP): 21    // KEYCODE_DPAD_LEFT
Sleeping for 500 milliseconds
    // Allowing start of Intent { act=android.intent.action.MAIN cat=[android.intent.category.LAUNCHER] cmp=com.litatom.app/com.lit.app.ui.SplashActivity } in package com.litatom.app
:Sending Key (ACTION_DOWN): 23    // KEYCODE_DPAD_CENTER
:Sending Key (ACTION_UP): 23    // KEYCODE_DPAD_CENTER
Sleeping for 500 milliseconds
:Sending Key (ACTION_DOWN): 264    // KEYCODE_STEM_PRIMARY
:Sending Key (ACTION_UP): 264    // KEYCODE_STEM_PRIMARY
Sleeping for 500 milliseconds
:Sending Touch (ACTION_DOWN): 0:(792.0,788.0)
:Sending Touch (ACTION_UP): 0:(790.68365,796.84814)
Sleeping for 500 milliseconds
:Sending Key (ACTION_DOWN): 20    // KEYCODE_DPAD_DOWN
:Sending Key (ACTION_UP): 20    // KEYCODE_DPAD_DOWN
Sleeping for 500 milliseconds
:Sending Trackball (ACTION_MOVE): 0:(-3.0,1.0)
:Sending Trackball (ACTION_MOVE): 0:(0.0,-3.0)
:Sending Trackball (ACTION_MOVE): 0:(4.0,3.0)
:Sending Trackball (ACTION_MOVE): 0:(-4.0,-3.0)
:Sending Trackball (ACTION_MOVE): 0:(3.0,0.0)
:Sending Trackball (ACTION_MOVE): 0:(1.0,2.0)
:Sending Trackball (ACTION_MOVE): 0:(-2.0,-3.0)
:Sending Trackball (ACTION_MOVE): 0:(-2.0,-1.0)
:Sending Trackball (ACTION_MOVE): 0:(-3.0,3.0)
:Sending Trackball (ACTION_MOVE): 0:(1.0,-1.0)
:Sending Touch (ACTION_DOWN): 0:(289.0,1269.0)
:Sending Touch (ACTION_POINTER_DOWN 1): 0:(290.5278,1276.4993) 1:(864.0,192.0)
:Sending Touch (ACTION_MOVE): 0:(290.81396,1290.0806) 1:(867.70605,186.53415)
:Sending Touch (ACTION_MOVE): 0:(292.3836,1312.8622) 1:(870.9402,178.05284)
:Sending Touch (ACTION_MOVE): 0:(293.7719,1331.5106) 1:(873.34076,165.25688)
:Sending Touch (ACTION_MOVE): 0:(293.96158,1335.0153) 1:(880.5068,145.28006)
:Sending Touch (ACTION_POINTER_UP 1): 0:(295.62628,1358.3688) 1:(881.58856,126.824)
:Sending Touch (ACTION_UP): 0:(295.98068,1370.4359)
Sleeping for 500 milliseconds
:Sending Key (ACTION_DOWN): 24    // KEYCODE_VOLUME_UP
:Sending Key (ACTION_UP): 24    // KEYCODE_VOLUME_UP
Sleeping for 500 milliseconds
:Sending Key (ACTION_DOWN): 22    // KEYCODE_DPAD_RIGHT
:Sending Key (ACTION_UP): 22    // KEYCODE_DPAD_RIGHT
Sleeping for 500 milliseconds
:Sending Key (ACTION_DOWN): 82    // KEYCODE_MENU
:Sending Key (ACTION_UP): 82    // KEYCODE_MENU
Sleeping for 500 milliseconds
:Sending Key (ACTION_DOWN): 20    // KEYCODE_DPAD_DOWN
:Sending Key (ACTION_UP): 20    // KEYCODE_DPAD_DOWN
Sleeping for 500 milliseconds
    // Rejecting start of Intent { act=android.intent.action.SHOW_BRIGHTNESS_DIALOG cmp=com.android.systemui/.settings.BrightnessDialog } in package com.android.systemui
:Sending Key (ACTION_DOWN): 82    // KEYCODE_MENU
:Sending Key (ACTION_UP): 82    // KEYCODE_MENU
Sleeping for 500 milliseconds
    // Allowing start of Intent { cmp=com.litatom.app/com.lit.app.party.PartyChatActivity } in package com.litatom.app
    // activityResuming(com.litatom.app)
:Sending Key (ACTION_DOWN): 19    // KEYCODE_DPAD_UP
:Sending Key (ACTION_UP): 19    // KEYCODE_DPAD_UP
Sleeping for 500 milliseconds
:Sending Touch (ACTION_DOWN): 0:(583.0,258.0)
:Sending Touch (ACTION_UP): 0:(585.1179,265.0968)
Sleeping for 500 milliseconds
    // Allowing start of Intent { act=android.intent.action.MAIN cat=[android.intent.category.LAUNCHER] cmp=com.litatom.app/com.lit.app.ui.SplashActivity } in package com.litatom.app
:Sending Key (ACTION_DOWN): 22    // KEYCODE_DPAD_RIGHT
:Sending Key (ACTION_UP): 22    // KEYCODE_DPAD_RIGHT
Sleeping for 500 milliseconds
:Sending Touch (ACTION_DOWN): 0:(203.0,1840.0)
:Sending Touch (ACTION_UP): 0:(209.06293,1853.3429)
Sleeping for 500 milliseconds
:Sending Touch (ACTION_DOWN): 0:(345.0,1386.0)
:Sending Touch (ACTION_UP): 0:(343.6989,1364.3646)
Sleeping for 500 milliseconds
:Sending Trackball (ACTION_MOVE): 0:(0.0,-1.0)
:Sending Trackball (ACTION_MOVE): 0:(-1.0,0.0)
:Sending Trackball (ACTION_MOVE): 0:(3.0,3.0)
:Sending Trackball (ACTION_MOVE): 0:(-5.0,3.0)
:Sending Trackball (ACTION_MOVE): 0:(-3.0,-1.0)
:Sending Trackball (ACTION_MOVE): 0:(-5.0,2.0)
:Sending Trackball (ACTION_MOVE): 0:(0.0,3.0)
:Sending Trackball (ACTION_MOVE): 0:(0.0,3.0)
:Sending Trackball (ACTION_MOVE): 0:(-5.0,-3.0)
:Sending Trackball (ACTION_MOVE): 0:(0.0,1.0)
:Sending Trackball (ACTION_MOVE): 0:(1.0,-3.0)
:Sending Trackball (ACTION_MOVE): 0:(0.0,-4.0)
:Sending Trackball (ACTION_MOVE): 0:(1.0,-5.0)
:Sending Trackball (ACTION_MOVE): 0:(-4.0,-4.0)
:Sending Trackball (ACTION_MOVE): 0:(3.0,-1.0)
:Sending Trackball (ACTION_MOVE): 0:(-1.0,3.0)
:Sending Trackball (ACTION_MOVE): 0:(-2.0,2.0)
:Sending Trackball (ACTION_MOVE): 0:(3.0,0.0)
:Sending Trackball (ACTION_MOVE): 0:(-1.0,-4.0)
:Sending Trackball (ACTION_MOVE): 0:(-5.0,3.0)
:Sending Trackball (ACTION_MOVE): 0:(-4.0,1.0)
:Sending Trackball (ACTION_MOVE): 0:(1.0,-5.0)
:Sending Trackball (ACTION_MOVE): 0:(1.0,-2.0)
:Sending Trackball (ACTION_MOVE): 0:(3.0,-2.0)
:Sending Trackball (ACTION_MOVE): 0:(3.0,4.0)
:Sending Trackball (ACTION_MOVE): 0:(-4.0,3.0)
:Sending Trackball (ACTION_MOVE): 0:(-1.0,-1.0)
:Sending Trackball (ACTION_MOVE): 0:(1.0,-1.0)
:Sending Trackball (ACTION_MOVE): 0:(0.0,4.0)
:Sending Trackball (ACTION_MOVE): 0:(4.0,-1.0)
:Sending Key (ACTION_DOWN): 20    // KEYCODE_DPAD_DOWN
:Sending Key (ACTION_UP): 20    // KEYCODE_DPAD_DOWN
Sleeping for 500 milliseconds
:Sending Key (ACTION_DOWN): 80    // KEYCODE_FOCUS
:Sending Key (ACTION_UP): 80    // KEYCODE_FOCUS
Sleeping for 500 milliseconds
:Sending Key (ACTION_DOWN): 22    // KEYCODE_DPAD_RIGHT
:Sending Key (ACTION_UP): 22    // KEYCODE_DPAD_RIGHT
Sleeping for 500 milliseconds
:Sending Key (ACTION_DOWN): 22    // KEYCODE_DPAD_RIGHT
:Sending Key (ACTION_UP): 22    // KEYCODE_DPAD_RIGHT
Sleeping for 500 milliseconds
:Sending Trackball (ACTION_MOVE): 0:(4.0,-5.0)
:Sending Trackball (ACTION_MOVE): 0:(-3.0,-4.0)
:Sending Trackball (ACTION_MOVE): 0:(-4.0,3.0)
:Sending Trackball (ACTION_MOVE): 0:(-2.0,2.0)
:Sending Trackball (ACTION_MOVE): 0:(-3.0,-5.0)
:Sending Trackball (ACTION_MOVE): 0:(-1.0,2.0)
:Sending Trackball (ACTION_MOVE): 0:(0.0,-5.0)
:Sending Trackball (ACTION_MOVE): 0:(-4.0,4.0)
:Sending Trackball (ACTION_MOVE): 0:(4.0,0.0)
    //[calendar_time:2022-09-19 16:25:18.487  system_uptime:17965219]
    // Sending event #900
:Sending Trackball (ACTION_MOVE): 0:(-5.0,2.0)
:Sending Key (ACTION_DOWN): 22    // KEYCODE_DPAD_RIGHT
:Sending Key (ACTION_UP): 22    // KEYCODE_DPAD_RIGHT
Sleeping for 500 milliseconds
:Sending Trackball (ACTION_MOVE): 0:(3.0,1.0)
:Sending Trackball (ACTION_MOVE): 0:(1.0,3.0)
:Sending Trackball (ACTION_MOVE): 0:(3.0,3.0)
:Sending Trackball (ACTION_MOVE): 0:(1.0,-5.0)
:Sending Trackball (ACTION_MOVE): 0:(-3.0,2.0)
:Sending Trackball (ACTION_MOVE): 0:(2.0,2.0)
:Sending Trackball (ACTION_MOVE): 0:(1.0,1.0)
:Sending Trackball (ACTION_MOVE): 0:(0.0,4.0)
:Sending Trackball (ACTION_MOVE): 0:(-1.0,-4.0)
:Sending Trackball (ACTION_MOVE): 0:(3.0,-1.0)
:Sending Key (ACTION_DOWN): 82    // KEYCODE_MENU
:Sending Key (ACTION_UP): 82    // KEYCODE_MENU
Sleeping for 500 milliseconds
    // Allowing start of Intent { act=android.intent.action.MAIN cat=[android.intent.category.LAUNCHER] cmp=com.litatom.app/com.lit.app.ui.SplashActivity } in package com.litatom.app
:Sending Touch (ACTION_DOWN): 0:(729.0,774.0)
:Sending Touch (ACTION_UP): 0:(738.7406,767.67426)
Sleeping for 500 milliseconds
    // Allowing start of Intent { cmp=com.litatom.app/com.lit.app.party.PartyChatActivity } in package com.litatom.app
    // activityResuming(com.litatom.app)
:Sending Key (ACTION_DOWN): 20    // KEYCODE_DPAD_DOWN
:Sending Key (ACTION_UP): 20    // KEYCODE_DPAD_DOWN
Sleeping for 500 milliseconds
:Sending Key (ACTION_DOWN): 5    // KEYCODE_CALL
:Sending Key (ACTION_UP): 5    // KEYCODE_CALL
Sleeping for 500 milliseconds
:Sending Key (ACTION_DOWN): 22    // KEYCODE_DPAD_RIGHT
:Sending Key (ACTION_UP): 22    // KEYCODE_DPAD_RIGHT
Sleeping for 500 milliseconds
:Sending Key (ACTION_DOWN): 23    // KEYCODE_DPAD_CENTER
:Sending Key (ACTION_UP): 23    // KEYCODE_DPAD_CENTER
Sleeping for 500 milliseconds
:Sending Key (ACTION_DOWN): 22    // KEYCODE_DPAD_RIGHT
:Sending Key (ACTION_UP): 22    // KEYCODE_DPAD_RIGHT
Sleeping for 500 milliseconds
:Sending Touch (ACTION_DOWN): 0:(926.0,129.0)
:Sending Touch (ACTION_UP): 0:(931.8086,136.76205)
Sleeping for 500 milliseconds
:Sending Key (ACTION_DOWN): 22    // KEYCODE_DPAD_RIGHT
:Sending Key (ACTION_UP): 22    // KEYCODE_DPAD_RIGHT
Sleeping for 500 milliseconds
    // Allowing start of Intent { act=android.intent.action.MAIN cat=[android.intent.category.LAUNCHER] cmp=com.litatom.app/com.lit.app.ui.SplashActivity } in package com.litatom.app
:Sending Key (ACTION_DOWN): 82    // KEYCODE_MENU
:Sending Key (ACTION_UP): 82    // KEYCODE_MENU
Sleeping for 500 milliseconds
:Sending Key (ACTION_DOWN): 21    // KEYCODE_DPAD_LEFT
:Sending Key (ACTION_UP): 21    // KEYCODE_DPAD_LEFT
Sleeping for 500 milliseconds
:Sending Key (ACTION_DOWN): 82    // KEYCODE_MENU
:Sending Key (ACTION_UP): 82    // KEYCODE_MENU
Sleeping for 500 milliseconds
:Sending Touch (ACTION_DOWN): 0:(377.0,1805.0)
:Sending Touch (ACTION_MOVE): 0:(370.1836,1805.0156)
:Sending Touch (ACTION_MOVE): 0:(352.8977,1809.437)
:Sending Touch (ACTION_MOVE): 0:(351.24762,1823.5027)
:Sending Touch (ACTION_MOVE): 0:(335.66498,1825.9978)
:Sending Touch (ACTION_MOVE): 0:(325.88528,1832.3965)
:Sending Touch (ACTION_UP): 0:(314.99335,1842.663)
Sleeping for 500 milliseconds
:Sending Trackball (ACTION_MOVE): 0:(-2.0,-4.0)
:Sending Trackball (ACTION_MOVE): 0:(-4.0,0.0)
:Sending Trackball (ACTION_MOVE): 0:(3.0,-3.0)
:Sending Trackball (ACTION_MOVE): 0:(2.0,-3.0)
:Sending Trackball (ACTION_MOVE): 0:(0.0,3.0)
:Sending Trackball (ACTION_MOVE): 0:(0.0,0.0)
:Sending Trackball (ACTION_MOVE): 0:(-4.0,1.0)
:Sending Trackball (ACTION_MOVE): 0:(-5.0,-3.0)
:Sending Trackball (ACTION_MOVE): 0:(-2.0,0.0)
:Sending Trackball (ACTION_MOVE): 0:(-1.0,0.0)
:Sending Touch (ACTION_DOWN): 0:(515.0,1765.0)
:Sending Touch (ACTION_MOVE): 0:(521.24036,1772.4219)
:Sending Touch (ACTION_MOVE): 0:(527.6215,1778.7494)
:Sending Touch (ACTION_UP): 0:(527.79443,1792.3789)
Sleeping for 500 milliseconds
    // Allowing start of Intent { cmp=com.litatom.app/com.lit.app.party.PartyChatActivity } in package com.litatom.app
    // activityResuming(com.litatom.app)
:Sending Key (ACTION_DOWN): 23    // KEYCODE_DPAD_CENTER
:Sending Key (ACTION_UP): 23    // KEYCODE_DPAD_CENTER
Sleeping for 500 milliseconds
:Sending Touch (ACTION_DOWN): 0:(220.0,209.0)
:Sending Touch (ACTION_UP): 0:(211.53282,191.9458)
Sleeping for 500 milliseconds
:Sending Key (ACTION_DOWN): 242    // KEYCODE_TV_ANTENNA_CABLE
:Sending Key (ACTION_UP): 242    // KEYCODE_TV_ANTENNA_CABLE
Sleeping for 500 milliseconds
:Sending Touch (ACTION_DOWN): 0:(381.0,1398.0)
:Sending Touch (ACTION_UP): 0:(385.8141,1397.8762)
Sleeping for 500 milliseconds
:Sending Touch (ACTION_DOWN): 0:(186.0,387.0)
:Sending Touch (ACTION_UP): 0:(195.33043,395.9033)
Sleeping for 500 milliseconds
:Sending Touch (ACTION_DOWN): 0:(819.0,555.0)
:Sending Touch (ACTION_UP): 0:(817.6015,565.5731)
Sleeping for 500 milliseconds
:Sending Trackball (ACTION_MOVE): 0:(2.0,-2.0)
:Sending Trackball (ACTION_MOVE): 0:(-3.0,-1.0)
:Sending Trackball (ACTION_MOVE): 0:(3.0,-5.0)
:Sending Trackball (ACTION_MOVE): 0:(1.0,0.0)
:Sending Trackball (ACTION_MOVE): 0:(2.0,-4.0)
:Sending Trackball (ACTION_MOVE): 0:(0.0,-1.0)
:Sending Trackball (ACTION_MOVE): 0:(-5.0,4.0)
:Sending Trackball (ACTION_MOVE): 0:(-5.0,2.0)
:Sending Trackball (ACTION_MOVE): 0:(-2.0,4.0)
:Sending Trackball (ACTION_MOVE): 0:(-1.0,-5.0)
:Sending Trackball (ACTION_DOWN): 0:(0.0,0.0)
:Sending Trackball (ACTION_UP): 0:(0.0,0.0)
Sleeping for 500 milliseconds
:Sending Key (ACTION_DOWN): 24    // KEYCODE_VOLUME_UP
:Sending Key (ACTION_UP): 24    // KEYCODE_VOLUME_UP
Sleeping for 500 milliseconds
:Sending Touch (ACTION_DOWN): 0:(159.0,1491.0)
:Sending Touch (ACTION_UP): 0:(140.3472,1499.7251)
Sleeping for 500 milliseconds
:Sending Touch (ACTION_DOWN): 0:(147.0,312.0)
:Sending Touch (ACTION_MOVE): 0:(144.68497,312.98077)
:Sending Touch (ACTION_MOVE): 0:(144.292,314.68808)
:Sending Touch (ACTION_MOVE): 0:(144.09457,317.21057)
:Sending Touch (ACTION_MOVE): 0:(142.70207,317.81775)
:Sending Touch (ACTION_MOVE): 0:(139.70349,319.55426)
:Sending Touch (ACTION_MOVE): 0:(139.40385,323.6527)
:Sending Touch (ACTION_MOVE): 0:(136.03282,323.8264)
:Sending Touch (ACTION_MOVE): 0:(133.58046,327.41666)
:Sending Touch (ACTION_MOVE): 0:(130.41905,331.15945)
:Sending Touch (ACTION_UP): 0:(129.58461,331.18454)
Sleeping for 500 milliseconds
    // Allowing start of Intent { cmp=com.litatom.app/com.lit.app.party.PartyChatActivity } in package com.litatom.app
    // activityResuming(com.litatom.app)
:Sending Touch (ACTION_DOWN): 0:(932.0,1506.0)
:Sending Touch (ACTION_UP): 0:(922.1569,1504.1406)
Sleeping for 500 milliseconds
    // Rejecting start of Intent { act=android.intent.action.SHOW_BRIGHTNESS_DIALOG cmp=com.android.systemui/.settings.BrightnessDialog } in package com.android.systemui
:Sending Touch (ACTION_DOWN): 0:(513.0,797.0)
    //[calendar_time:2022-09-19 16:25:31.633  system_uptime:17978365]
    // Sending event #1000
:Sending Touch (ACTION_MOVE): 0:(513.01605,793.3633)
:Sending Touch (ACTION_MOVE): 0:(513.1017,789.6113)
:Sending Touch (ACTION_MOVE): 0:(513.15674,782.72687)
:Sending Touch (ACTION_MOVE): 0:(513.2427,769.70966)
:Sending Touch (ACTION_MOVE): 0:(513.2636,766.6344)
:Sending Touch (ACTION_MOVE): 0:(513.299,763.118)
:Sending Touch (ACTION_UP): 0:(513.3002,748.05634)
Sleeping for 500 milliseconds
:Sending Key (ACTION_DOWN): 22    // KEYCODE_DPAD_RIGHT
:Sending Key (ACTION_UP): 22    // KEYCODE_DPAD_RIGHT
Sleeping for 500 milliseconds
:Sending Key (ACTION_DOWN): 82    // KEYCODE_MENU
:Sending Key (ACTION_UP): 82    // KEYCODE_MENU
Sleeping for 500 milliseconds
:Sending Touch (ACTION_DOWN): 0:(608.0,1257.0)
:Sending Touch (ACTION_POINTER_DOWN 1): 0:(602.8422,1255.8389) 1:(1022.0,576.0)
:Sending Touch (ACTION_POINTER_UP 1): 0:(594.90436,1251.7897) 1:(1021.47736,574.2268)
:Sending Touch (ACTION_UP): 0:(593.152,1233.378)
Sleeping for 500 milliseconds
:Sending Key (ACTION_DOWN): 219    // KEYCODE_ASSIST
:Sending Key (ACTION_UP): 219    // KEYCODE_ASSIST
Sleeping for 500 milliseconds
:Sending Key (ACTION_DOWN): 164    // KEYCODE_VOLUME_MUTE
:Sending Key (ACTION_UP): 164    // KEYCODE_VOLUME_MUTE
Sleeping for 500 milliseconds
:Sending Key (ACTION_DOWN): 20    // KEYCODE_DPAD_DOWN
:Sending Key (ACTION_UP): 20    // KEYCODE_DPAD_DOWN
Sleeping for 500 milliseconds
:Sending Key (ACTION_DOWN): 82    // KEYCODE_MENU
:Sending Key (ACTION_UP): 82    // KEYCODE_MENU
Sleeping for 500 milliseconds
:Sending Trackball (ACTION_MOVE): 0:(-4.0,3.0)
:Sending Trackball (ACTION_MOVE): 0:(-1.0,1.0)
:Sending Trackball (ACTION_MOVE): 0:(-3.0,-3.0)
:Sending Trackball (ACTION_MOVE): 0:(-3.0,-3.0)
:Sending Trackball (ACTION_MOVE): 0:(2.0,2.0)
:Sending Trackball (ACTION_MOVE): 0:(1.0,2.0)
:Sending Trackball (ACTION_MOVE): 0:(-1.0,-3.0)
:Sending Trackball (ACTION_MOVE): 0:(4.0,4.0)
:Sending Trackball (ACTION_MOVE): 0:(1.0,-2.0)
:Sending Trackball (ACTION_MOVE): 0:(0.0,-4.0)
:Sending Key (ACTION_DOWN): 21    // KEYCODE_DPAD_LEFT
:Sending Key (ACTION_UP): 21    // KEYCODE_DPAD_LEFT
Sleeping for 500 milliseconds
:Sending Key (ACTION_DOWN): 23    // KEYCODE_DPAD_CENTER
:Sending Key (ACTION_UP): 23    // KEYCODE_DPAD_CENTER
Sleeping for 500 milliseconds
    // Allowing start of Intent { cmp=com.litatom.app/com.lit.app.party.PartyChatActivity } in package com.litatom.app
    // activityResuming(com.litatom.app)
:Sending Key (ACTION_DOWN): 21    // KEYCODE_DPAD_LEFT
:Sending Key (ACTION_UP): 21    // KEYCODE_DPAD_LEFT
Sleeping for 500 milliseconds
:Sending Touch (ACTION_DOWN): 0:(542.0,50.0)
:Sending Touch (ACTION_MOVE): 0:(537.9119,40.456757)
:Sending Touch (ACTION_MOVE): 0:(530.9314,28.458946)
:Sending Touch (ACTION_MOVE): 0:(527.56335,20.436747)
:Sending Touch (ACTION_MOVE): 0:(526.13855,16.21408)
:Sending Touch (ACTION_MOVE): 0:(517.7849,4.495802)
:Sending Touch (ACTION_MOVE): 0:(510.76782,0.0)
:Sending Touch (ACTION_UP): 0:(509.07275,0.0)
Sleeping for 500 milliseconds
