:Monkey: seed=1663773250546 count=500
:AllowPackage: com.litatom.app
:IncludeCategory: android.intent.category.LAUNCHER
:IncludeCategory: android.intent.category.MONKEY
// Selecting main activities from category android.intent.category.LAUNCHER
//   - NOT USING main activity com.google.android.apps.chrome.Main (from package com.android.chrome)
//   - NOT USING main activity com.android.contacts.activities.PeopleActivity (from package com.android.contacts)
//   - NOT USING main activity com.android.gallery3d.app.GalleryActivity (from package com.android.gallery3d)
//   - NOT USING main activity com.android.settings.Settings (from package com.android.settings)
//   - NOT USING main activity com.cyanogenmod.filemanager.activities.NavigationActivity (from package com.cyanogenmod.filemanager)
//   - NOT USING main activity com.android.documentsui.LauncherActivity (from package com.android.documentsui)
//   - NOT USING main activity com.android.flysilkworm.app.activity.FrameworkActivity (from package com.android.flysilkworm)
//   - NOT USING main activity ldmnq.ldapp.MainActivity (from package com.android.googleinstaller)
//   + Using main activity com.lit.app.ui.SplashActivity (from package com.litatom.app)
// Selecting main activities from category android.intent.category.MONKEY
//   - NOT USING main activity com.android.launcher3.Launcher (from package com.android.launcher3)
//   - NOT USING main activity com.android.settings.Settings$RunningServicesActivity (from package com.android.settings)
//   - NOT USING main activity com.android.settings.Settings$StorageUseActivity (from package com.android.settings)
// Seeded: 1663773250546
// Event percentages:
//   0: 15.0%
//   1: 10.0%
//   2: 2.0%
//   3: 15.0%
//   4: -0.0%
//   5: -0.0%
//   6: 25.0%
//   7: 15.0%
//   8: 2.0%
//   9: 2.0%
//   10: 1.0%
//   11: 13.0%
:Switch: #Intent;action=android.intent.action.MAIN;category=android.intent.category.LAUNCHER;launchFlags=0x10200000;component=com.litatom.app/com.lit.app.ui.SplashActivity;end
    // Allowing start of Intent { act=android.intent.action.MAIN cat=[android.intent.category.LAUNCHER] cmp=com.litatom.app/com.lit.app.ui.SplashActivity } in package com.litatom.app
Sleeping for 500 milliseconds
:Sending Trackball (ACTION_MOVE): 0:(3.0,-1.0)
:Sending Trackball (ACTION_MOVE): 0:(-4.0,-3.0)
:Sending Trackball (ACTION_MOVE): 0:(1.0,-3.0)
:Sending Trackball (ACTION_MOVE): 0:(1.0,0.0)
:Sending Trackball (ACTION_MOVE): 0:(-1.0,-1.0)
:Sending Trackball (ACTION_MOVE): 0:(-1.0,2.0)
:Sending Trackball (ACTION_MOVE): 0:(4.0,-4.0)
:Sending Trackball (ACTION_MOVE): 0:(1.0,1.0)
:Sending Trackball (ACTION_MOVE): 0:(0.0,-4.0)
:Sending Trackball (ACTION_MOVE): 0:(-5.0,-1.0)
:Sending Trackball (ACTION_MOVE): 0:(0.0,1.0)
:Sending Trackball (ACTION_MOVE): 0:(-4.0,-1.0)
:Sending Trackball (ACTION_MOVE): 0:(2.0,2.0)
:Sending Trackball (ACTION_MOVE): 0:(-1.0,3.0)
:Sending Trackball (ACTION_MOVE): 0:(-2.0,4.0)
:Sending Trackball (ACTION_MOVE): 0:(-2.0,0.0)
:Sending Trackball (ACTION_MOVE): 0:(0.0,-4.0)
:Sending Trackball (ACTION_MOVE): 0:(-3.0,-5.0)
:Sending Trackball (ACTION_MOVE): 0:(-4.0,-2.0)
:Sending Trackball (ACTION_MOVE): 0:(2.0,2.0)
:Sending Key (ACTION_DOWN): 22    // KEYCODE_DPAD_RIGHT
:Sending Key (ACTION_UP): 22    // KEYCODE_DPAD_RIGHT
Sleeping for 500 milliseconds
:Sending Touch (ACTION_DOWN): 0:(472.0,295.0)
:Sending Touch (ACTION_UP): 0:(472.31656,284.59955)
Sleeping for 500 milliseconds
:Sending Trackball (ACTION_MOVE): 0:(1.0,-4.0)
:Sending Trackball (ACTION_MOVE): 0:(1.0,-4.0)
:Sending Trackball (ACTION_MOVE): 0:(-5.0,-3.0)
:Sending Trackball (ACTION_MOVE): 0:(-3.0,4.0)
:Sending Trackball (ACTION_MOVE): 0:(0.0,-2.0)
:Sending Trackball (ACTION_MOVE): 0:(-2.0,2.0)
:Sending Trackball (ACTION_MOVE): 0:(2.0,-3.0)
:Sending Trackball (ACTION_MOVE): 0:(2.0,-5.0)
:Sending Trackball (ACTION_MOVE): 0:(3.0,2.0)
:Sending Trackball (ACTION_MOVE): 0:(1.0,-1.0)
:Sending Key (ACTION_DOWN): 23    // KEYCODE_DPAD_CENTER
:Sending Key (ACTION_UP): 23    // KEYCODE_DPAD_CENTER
Sleeping for 500 milliseconds
:Sending Key (ACTION_DOWN): 19    // KEYCODE_DPAD_UP
:Sending Key (ACTION_UP): 19    // KEYCODE_DPAD_UP
Sleeping for 500 milliseconds
:Sending Key (ACTION_DOWN): 163    // KEYCODE_NUMPAD_RIGHT_PAREN
:Sending Key (ACTION_UP): 163    // KEYCODE_NUMPAD_RIGHT_PAREN
Sleeping for 500 milliseconds
:Sending Key (ACTION_DOWN): 19    // KEYCODE_DPAD_UP
:Sending Key (ACTION_UP): 19    // KEYCODE_DPAD_UP
Sleeping for 500 milliseconds
:Sending Touch (ACTION_DOWN): 0:(1021.0,848.0)
:Sending Touch (ACTION_UP): 0:(1017.0739,852.7213)
Sleeping for 500 milliseconds
:Sending Trackball (ACTION_MOVE): 0:(-5.0,0.0)
:Sending Trackball (ACTION_MOVE): 0:(-1.0,2.0)
:Sending Trackball (ACTION_MOVE): 0:(4.0,-1.0)
:Sending Trackball (ACTION_MOVE): 0:(-2.0,-3.0)
:Sending Trackball (ACTION_MOVE): 0:(-3.0,-4.0)
:Sending Trackball (ACTION_MOVE): 0:(0.0,3.0)
:Sending Trackball (ACTION_MOVE): 0:(1.0,4.0)
:Sending Trackball (ACTION_MOVE): 0:(-3.0,3.0)
:Sending Trackball (ACTION_MOVE): 0:(3.0,-2.0)
:Sending Trackball (ACTION_MOVE): 0:(-2.0,-4.0)
:Sending Key (ACTION_DOWN): 21    // KEYCODE_DPAD_LEFT
:Sending Key (ACTION_UP): 21    // KEYCODE_DPAD_LEFT
Sleeping for 500 milliseconds
:Sending Touch (ACTION_DOWN): 0:(536.0,1119.0)
:Sending Touch (ACTION_UP): 0:(540.4692,1118.8164)
Sleeping for 500 milliseconds
:Sending Trackball (ACTION_MOVE): 0:(-5.0,1.0)
:Sending Trackball (ACTION_MOVE): 0:(1.0,4.0)
:Sending Trackball (ACTION_MOVE): 0:(-5.0,4.0)
:Sending Trackball (ACTION_MOVE): 0:(-4.0,4.0)
:Sending Trackball (ACTION_MOVE): 0:(-1.0,0.0)
:Sending Trackball (ACTION_MOVE): 0:(-2.0,2.0)
:Sending Trackball (ACTION_MOVE): 0:(-2.0,-3.0)
:Sending Trackball (ACTION_MOVE): 0:(-1.0,-4.0)
:Sending Trackball (ACTION_MOVE): 0:(-5.0,-5.0)
:Sending Trackball (ACTION_MOVE): 0:(-4.0,-2.0)
:Sending Key (ACTION_DOWN): 21    // KEYCODE_DPAD_LEFT
:Sending Key (ACTION_UP): 21    // KEYCODE_DPAD_LEFT
Sleeping for 500 milliseconds
:Sending Flip keyboardOpen=false
Sleeping for 500 milliseconds
:Sending Trackball (ACTION_MOVE): 0:(3.0,0.0)
:Sending Trackball (ACTION_MOVE): 0:(4.0,-1.0)
:Sending Trackball (ACTION_MOVE): 0:(-2.0,4.0)
:Sending Trackball (ACTION_MOVE): 0:(-1.0,-3.0)
:Sending Trackball (ACTION_MOVE): 0:(-4.0,-3.0)
:Sending Trackball (ACTION_MOVE): 0:(3.0,-3.0)
:Sending Trackball (ACTION_MOVE): 0:(2.0,3.0)
:Sending Trackball (ACTION_MOVE): 0:(1.0,2.0)
:Sending Trackball (ACTION_MOVE): 0:(0.0,0.0)
:Sending Trackball (ACTION_MOVE): 0:(-2.0,2.0)
:Sending Key (ACTION_DOWN): 84    // KEYCODE_SEARCH
:Sending Key (ACTION_UP): 84    // KEYCODE_SEARCH
Sleeping for 500 milliseconds
:Sending Trackball (ACTION_MOVE): 0:(-2.0,-4.0)
:Sending Trackball (ACTION_MOVE): 0:(4.0,3.0)
:Sending Trackball (ACTION_MOVE): 0:(0.0,-4.0)
:Sending Trackball (ACTION_MOVE): 0:(-1.0,-3.0)
:Sending Trackball (ACTION_MOVE): 0:(-3.0,3.0)
:Sending Trackball (ACTION_MOVE): 0:(2.0,4.0)
:Sending Trackball (ACTION_MOVE): 0:(-5.0,3.0)
:Sending Trackball (ACTION_MOVE): 0:(3.0,2.0)
:Sending Trackball (ACTION_MOVE): 0:(2.0,3.0)
:Sending Trackball (ACTION_MOVE): 0:(-1.0,-5.0)
:Sending Trackball (ACTION_MOVE): 0:(-5.0,-1.0)
:Sending Trackball (ACTION_MOVE): 0:(-5.0,2.0)
:Sending Trackball (ACTION_MOVE): 0:(1.0,2.0)
:Sending Trackball (ACTION_MOVE): 0:(3.0,3.0)
:Sending Trackball (ACTION_MOVE): 0:(-4.0,3.0)
:Sending Trackball (ACTION_MOVE): 0:(2.0,-3.0)
    //[calendar_time:2022-09-19 15:55:22.457  system_uptime:16169191]
    // Sending event #100
:Sending Trackball (ACTION_MOVE): 0:(-2.0,2.0)
:Sending Trackball (ACTION_MOVE): 0:(0.0,4.0)
:Sending Trackball (ACTION_MOVE): 0:(2.0,-1.0)
:Sending Trackball (ACTION_MOVE): 0:(-4.0,-3.0)
:Sending Touch (ACTION_DOWN): 0:(654.0,1201.0)
:Sending Touch (ACTION_POINTER_DOWN 1): 0:(643.30615,1195.5057) 1:(117.0,138.0)
:Sending Touch (ACTION_MOVE): 0:(628.8408,1189.1356) 1:(115.50011,123.079475)
:Sending Touch (ACTION_MOVE): 0:(627.9926,1188.825) 1:(114.12235,100.39513)
:Sending Touch (ACTION_MOVE): 0:(627.1551,1184.5186) 1:(112.67583,82.03701)
:Sending Touch (ACTION_POINTER_UP 1): 0:(615.4555,1180.8622) 1:(111.971664,68.92491)
:Sending Touch (ACTION_UP): 0:(605.8517,1179.0109)
Sleeping for 500 milliseconds
:Sending Trackball (ACTION_MOVE): 0:(0.0,4.0)
:Sending Trackball (ACTION_MOVE): 0:(-4.0,-3.0)
:Sending Trackball (ACTION_MOVE): 0:(3.0,1.0)
:Sending Trackball (ACTION_MOVE): 0:(2.0,0.0)
:Sending Trackball (ACTION_MOVE): 0:(-4.0,-1.0)
:Sending Trackball (ACTION_MOVE): 0:(-4.0,2.0)
:Sending Trackball (ACTION_MOVE): 0:(-4.0,0.0)
:Sending Trackball (ACTION_MOVE): 0:(-4.0,-5.0)
:Sending Trackball (ACTION_MOVE): 0:(-4.0,-5.0)
:Sending Trackball (ACTION_MOVE): 0:(1.0,-4.0)
:Sending Key (ACTION_DOWN): 20    // KEYCODE_DPAD_DOWN
:Sending Key (ACTION_UP): 20    // KEYCODE_DPAD_DOWN
Sleeping for 500 milliseconds
:Sending Trackball (ACTION_MOVE): 0:(-3.0,-1.0)
:Sending Trackball (ACTION_MOVE): 0:(4.0,-1.0)
:Sending Trackball (ACTION_MOVE): 0:(1.0,3.0)
:Sending Trackball (ACTION_MOVE): 0:(-2.0,-2.0)
:Sending Trackball (ACTION_MOVE): 0:(1.0,3.0)
:Sending Trackball (ACTION_MOVE): 0:(-1.0,-5.0)
:Sending Trackball (ACTION_MOVE): 0:(3.0,-1.0)
:Sending Trackball (ACTION_MOVE): 0:(-1.0,4.0)
:Sending Trackball (ACTION_MOVE): 0:(1.0,-4.0)
:Sending Trackball (ACTION_MOVE): 0:(3.0,-5.0)
:Sending Trackball (ACTION_MOVE): 0:(4.0,-3.0)
:Sending Trackball (ACTION_MOVE): 0:(-4.0,4.0)
:Sending Trackball (ACTION_MOVE): 0:(1.0,0.0)
:Sending Trackball (ACTION_MOVE): 0:(-2.0,0.0)
:Sending Trackball (ACTION_MOVE): 0:(1.0,0.0)
:Sending Trackball (ACTION_MOVE): 0:(0.0,-1.0)
:Sending Trackball (ACTION_MOVE): 0:(-2.0,-2.0)
:Sending Trackball (ACTION_MOVE): 0:(-3.0,-4.0)
:Sending Trackball (ACTION_MOVE): 0:(4.0,3.0)
:Sending Trackball (ACTION_MOVE): 0:(1.0,0.0)
:Sending Trackball (ACTION_MOVE): 0:(3.0,-4.0)
:Sending Trackball (ACTION_MOVE): 0:(4.0,4.0)
:Sending Trackball (ACTION_MOVE): 0:(1.0,4.0)
:Sending Trackball (ACTION_MOVE): 0:(1.0,-4.0)
:Sending Trackball (ACTION_MOVE): 0:(-2.0,2.0)
:Sending Trackball (ACTION_MOVE): 0:(4.0,0.0)
:Sending Trackball (ACTION_MOVE): 0:(-3.0,-3.0)
:Sending Trackball (ACTION_MOVE): 0:(-2.0,4.0)
:Sending Trackball (ACTION_MOVE): 0:(-5.0,-1.0)
:Sending Trackball (ACTION_MOVE): 0:(-1.0,-1.0)
:Sending Key (ACTION_DOWN): 82    // KEYCODE_MENU
:Sending Key (ACTION_UP): 82    // KEYCODE_MENU
Sleeping for 500 milliseconds
:Sending Trackball (ACTION_MOVE): 0:(-2.0,-5.0)
:Sending Trackball (ACTION_MOVE): 0:(4.0,-4.0)
:Sending Trackball (ACTION_MOVE): 0:(-1.0,-4.0)
:Sending Trackball (ACTION_MOVE): 0:(-1.0,-5.0)
:Sending Trackball (ACTION_MOVE): 0:(2.0,4.0)
:Sending Trackball (ACTION_MOVE): 0:(-5.0,-4.0)
:Sending Trackball (ACTION_MOVE): 0:(4.0,-4.0)
:Sending Trackball (ACTION_MOVE): 0:(-5.0,-1.0)
:Sending Trackball (ACTION_MOVE): 0:(-5.0,-4.0)
:Sending Trackball (ACTION_MOVE): 0:(-5.0,1.0)
:Sending Key (ACTION_DOWN): 22    // KEYCODE_DPAD_RIGHT
:Sending Key (ACTION_UP): 22    // KEYCODE_DPAD_RIGHT
Sleeping for 500 milliseconds
:Sending Key (ACTION_DOWN): 23    // KEYCODE_DPAD_CENTER
:Sending Key (ACTION_UP): 23    // KEYCODE_DPAD_CENTER
Sleeping for 500 milliseconds
:Sending Key (ACTION_DOWN): 22    // KEYCODE_DPAD_RIGHT
:Sending Key (ACTION_UP): 22    // KEYCODE_DPAD_RIGHT
Sleeping for 500 milliseconds
:Sending Key (ACTION_DOWN): 20    // KEYCODE_DPAD_DOWN
:Sending Key (ACTION_UP): 20    // KEYCODE_DPAD_DOWN
Sleeping for 500 milliseconds
:Sending Touch (ACTION_DOWN): 0:(1069.0,168.0)
:Sending Touch (ACTION_UP): 0:(1071.0754,168.06686)
Sleeping for 500 milliseconds
:Sending Key (ACTION_DOWN): 20    // KEYCODE_DPAD_DOWN
:Sending Key (ACTION_UP): 20    // KEYCODE_DPAD_DOWN
Sleeping for 500 milliseconds
:Sending Touch (ACTION_DOWN): 0:(747.0,538.0)
:Sending Touch (ACTION_MOVE): 0:(743.91174,559.1564)
:Sending Touch (ACTION_MOVE): 0:(737.61096,568.7206)
:Sending Touch (ACTION_MOVE): 0:(735.7687,583.8408)
:Sending Touch (ACTION_MOVE): 0:(728.7996,590.5552)
:Sending Touch (ACTION_MOVE): 0:(727.97015,601.88605)
:Sending Touch (ACTION_MOVE): 0:(725.3594,613.5859)
:Sending Touch (ACTION_UP): 0:(720.7921,633.512)
Sleeping for 500 milliseconds
:Sending Touch (ACTION_DOWN): 0:(1057.0,1911.0)
:Sending Touch (ACTION_UP): 0:(1055.5005,1919.7091)
Sleeping for 500 milliseconds
:Sending Touch (ACTION_DOWN): 0:(912.0,397.0)
:Sending Touch (ACTION_UP): 0:(905.5706,392.28778)
Sleeping for 500 milliseconds
:Sending Touch (ACTION_DOWN): 0:(806.0,1178.0)
:Sending Touch (ACTION_UP): 0:(794.5198,1194.4292)
Sleeping for 500 milliseconds
:Sending Touch (ACTION_DOWN): 0:(939.0,1581.0)
:Sending Touch (ACTION_MOVE): 0:(939.99036,1575.9744)
:Sending Touch (ACTION_MOVE): 0:(952.9062,1563.4261)
:Sending Touch (ACTION_MOVE): 0:(957.72156,1555.306)
:Sending Touch (ACTION_UP): 0:(960.6796,1536.6217)
Sleeping for 500 milliseconds
:Sending Key (ACTION_DOWN): 22    // KEYCODE_DPAD_RIGHT
:Sending Key (ACTION_UP): 22    // KEYCODE_DPAD_RIGHT
Sleeping for 500 milliseconds
:Sending Trackball (ACTION_MOVE): 0:(-1.0,2.0)
:Sending Trackball (ACTION_MOVE): 0:(-4.0,-2.0)
    //[calendar_time:2022-09-19 15:55:30.379  system_uptime:16177111]
    // Sending event #200
:Sending Trackball (ACTION_MOVE): 0:(-1.0,-4.0)
:Sending Trackball (ACTION_MOVE): 0:(-5.0,-4.0)
:Sending Trackball (ACTION_MOVE): 0:(4.0,4.0)
:Sending Trackball (ACTION_MOVE): 0:(-2.0,4.0)
:Sending Trackball (ACTION_MOVE): 0:(-5.0,4.0)
:Sending Trackball (ACTION_MOVE): 0:(3.0,-1.0)
:Sending Trackball (ACTION_MOVE): 0:(-5.0,-5.0)
:Sending Trackball (ACTION_MOVE): 0:(1.0,-3.0)
:Sending Flip keyboardOpen=true
Sleeping for 500 milliseconds
:Sending Key (ACTION_DOWN): 82    // KEYCODE_MENU
:Sending Key (ACTION_UP): 82    // KEYCODE_MENU
Sleeping for 500 milliseconds
:Sending Key (ACTION_DOWN): 19    // KEYCODE_DPAD_UP
:Sending Key (ACTION_UP): 19    // KEYCODE_DPAD_UP
Sleeping for 500 milliseconds
:Sending Touch (ACTION_DOWN): 0:(471.0,1363.0)
:Sending Touch (ACTION_UP): 0:(461.5249,1364.2981)
Sleeping for 500 milliseconds
:Sending Key (ACTION_DOWN): 82    // KEYCODE_MENU
:Sending Key (ACTION_UP): 82    // KEYCODE_MENU
Sleeping for 500 milliseconds
:Sending Touch (ACTION_DOWN): 0:(693.0,1451.0)
:Sending Touch (ACTION_MOVE): 0:(684.98596,1458.9387)
:Sending Touch (ACTION_MOVE): 0:(684.8649,1466.7756)
:Sending Touch (ACTION_MOVE): 0:(673.3592,1472.2081)
:Sending Touch (ACTION_MOVE): 0:(667.4294,1472.99)
:Sending Touch (ACTION_MOVE): 0:(661.91077,1478.3625)
:Sending Touch (ACTION_MOVE): 0:(646.9658,1483.9785)
:Sending Touch (ACTION_MOVE): 0:(643.0769,1485.3932)
:Sending Touch (ACTION_UP): 0:(623.9637,1486.6805)
Sleeping for 500 milliseconds
:Sending Touch (ACTION_DOWN): 0:(43.0,1290.0)
:Sending Touch (ACTION_MOVE): 0:(25.66027,1303.6558)
:Sending Touch (ACTION_MOVE): 0:(20.481524,1316.8363)
:Sending Touch (ACTION_MOVE): 0:(3.9163685,1329.2041)
:Sending Touch (ACTION_MOVE): 0:(0.0,1330.0065)
:Sending Touch (ACTION_MOVE): 0:(0.0,1339.3259)
:Sending Touch (ACTION_MOVE): 0:(0.0,1343.6597)
:Sending Touch (ACTION_MOVE): 0:(0.0,1357.675)
:Sending Touch (ACTION_MOVE): 0:(0.0,1367.9204)
:Sending Touch (ACTION_UP): 0:(0.0,1382.174)
Sleeping for 500 milliseconds
:Sending Touch (ACTION_DOWN): 0:(419.0,1159.0)
:Sending Touch (ACTION_UP): 0:(436.9526,1157.4199)
Sleeping for 500 milliseconds
:Sending Touch (ACTION_DOWN): 0:(689.0,113.0)
:Sending Touch (ACTION_MOVE): 0:(698.4943,124.207855)
:Sending Touch (ACTION_MOVE): 0:(700.95374,129.25371)
:Sending Touch (ACTION_MOVE): 0:(705.5545,144.34325)
:Sending Touch (ACTION_MOVE): 0:(713.0785,148.5512)
:Sending Touch (ACTION_MOVE): 0:(721.56464,161.46889)
:Sending Touch (ACTION_MOVE): 0:(721.8141,166.9546)
:Sending Touch (ACTION_MOVE): 0:(726.4212,171.11539)
:Sending Touch (ACTION_UP): 0:(733.1299,177.3884)
Sleeping for 500 milliseconds
:Sending Key (ACTION_DOWN): 82    // KEYCODE_MENU
:Sending Key (ACTION_UP): 82    // KEYCODE_MENU
Sleeping for 500 milliseconds
:Sending Touch (ACTION_DOWN): 0:(388.0,1069.0)
:Sending Touch (ACTION_MOVE): 0:(390.41882,1059.7621)
:Sending Touch (ACTION_MOVE): 0:(395.84778,1046.0557)
:Sending Touch (ACTION_MOVE): 0:(398.68445,1026.6224)
:Sending Touch (ACTION_UP): 0:(402.43796,1022.0272)
Sleeping for 500 milliseconds
:Sending Touch (ACTION_DOWN): 0:(582.0,1858.0)
:Sending Touch (ACTION_MOVE): 0:(597.72754,1865.5216)
:Sending Touch (ACTION_MOVE): 0:(604.9724,1879.6549)
:Sending Touch (ACTION_UP): 0:(610.4828,1884.7831)
Sleeping for 500 milliseconds
:Sending Touch (ACTION_DOWN): 0:(127.0,125.0)
:Sending Touch (ACTION_MOVE): 0:(126.6907,125.32804)
:Sending Touch (ACTION_UP): 0:(126.021866,128.27815)
Sleeping for 500 milliseconds
:Sending Touch (ACTION_DOWN): 0:(62.0,23.0)
:Sending Touch (ACTION_MOVE): 0:(58.84616,27.797028)
:Sending Touch (ACTION_MOVE): 0:(54.652023,43.57084)
:Sending Touch (ACTION_MOVE): 0:(52.11723,47.18444)
:Sending Touch (ACTION_MOVE): 0:(48.552437,49.230965)
:Sending Touch (ACTION_MOVE): 0:(47.374813,54.055485)
:Sending Touch (ACTION_MOVE): 0:(43.762882,73.01898)
:Sending Touch (ACTION_UP): 0:(40.173897,75.84847)
Sleeping for 500 milliseconds
:Sending Key (ACTION_DOWN): 21    // KEYCODE_DPAD_LEFT
:Sending Key (ACTION_UP): 21    // KEYCODE_DPAD_LEFT
Sleeping for 500 milliseconds
:Sending Key (ACTION_DOWN): 24    // KEYCODE_VOLUME_UP
:Sending Key (ACTION_UP): 24    // KEYCODE_VOLUME_UP
Sleeping for 500 milliseconds
:Sending Key (ACTION_DOWN): 21    // KEYCODE_DPAD_LEFT
:Sending Key (ACTION_UP): 21    // KEYCODE_DPAD_LEFT
Sleeping for 500 milliseconds
:Sending Trackball (ACTION_MOVE): 0:(1.0,2.0)
:Sending Trackball (ACTION_MOVE): 0:(-3.0,1.0)
:Sending Trackball (ACTION_MOVE): 0:(-5.0,-1.0)
:Sending Trackball (ACTION_MOVE): 0:(0.0,-5.0)
:Sending Trackball (ACTION_MOVE): 0:(0.0,4.0)
:Sending Trackball (ACTION_MOVE): 0:(-2.0,-4.0)
:Sending Trackball (ACTION_MOVE): 0:(-4.0,-2.0)
:Sending Trackball (ACTION_MOVE): 0:(4.0,3.0)
:Sending Trackball (ACTION_MOVE): 0:(-3.0,3.0)
:Sending Trackball (ACTION_MOVE): 0:(0.0,-1.0)
:Sending Key (ACTION_DOWN): 20    // KEYCODE_DPAD_DOWN
:Sending Key (ACTION_UP): 20    // KEYCODE_DPAD_DOWN
Sleeping for 500 milliseconds
:Sending Key (ACTION_DOWN): 183    // KEYCODE_PROG_RED
:Sending Key (ACTION_UP): 183    // KEYCODE_PROG_RED
Sleeping for 500 milliseconds
:Sending Touch (ACTION_DOWN): 0:(377.0,864.0)
:Sending Touch (ACTION_MOVE): 0:(362.88306,857.59204)
:Sending Touch (ACTION_MOVE): 0:(351.78897,856.45404)
:Sending Touch (ACTION_MOVE): 0:(350.89236,849.1602)
:Sending Touch (ACTION_UP): 0:(332.85217,838.5319)
Sleeping for 500 milliseconds
:Sending Key (ACTION_DOWN): 22    // KEYCODE_DPAD_RIGHT
:Sending Key (ACTION_UP): 22    // KEYCODE_DPAD_RIGHT
Sleeping for 500 milliseconds
:Sending Key (ACTION_DOWN): 22    // KEYCODE_DPAD_RIGHT
:Sending Key (ACTION_UP): 22    // KEYCODE_DPAD_RIGHT
Sleeping for 500 milliseconds
:Sending Touch (ACTION_DOWN): 0:(708.0,76.0)
:Sending Touch (ACTION_UP): 0:(711.9782,60.02234)
    //[calendar_time:2022-09-19 15:55:41.634  system_uptime:16188366]
    // Sending event #300
Sleeping for 500 milliseconds
    //[calendar_time:2022-09-19 15:55:42.136  system_uptime:16188868]
    // Sending event #300
:Sending Trackball (ACTION_MOVE): 0:(-1.0,-1.0)
:Sending Trackball (ACTION_MOVE): 0:(-4.0,0.0)
:Sending Trackball (ACTION_MOVE): 0:(-4.0,-3.0)
:Sending Trackball (ACTION_MOVE): 0:(2.0,1.0)
:Sending Trackball (ACTION_MOVE): 0:(3.0,-1.0)
:Sending Trackball (ACTION_MOVE): 0:(-3.0,4.0)
:Sending Trackball (ACTION_MOVE): 0:(-5.0,0.0)
:Sending Trackball (ACTION_MOVE): 0:(-5.0,3.0)
:Sending Trackball (ACTION_MOVE): 0:(-3.0,1.0)
:Sending Trackball (ACTION_MOVE): 0:(0.0,0.0)
:Sending Touch (ACTION_DOWN): 0:(483.0,793.0)
:Sending Touch (ACTION_UP): 0:(483.25595,785.8143)
Sleeping for 500 milliseconds
:Sending Touch (ACTION_DOWN): 0:(822.0,515.0)
:Sending Touch (ACTION_UP): 0:(822.34186,515.4743)
Sleeping for 500 milliseconds
:Sending Trackball (ACTION_MOVE): 0:(1.0,-2.0)
:Sending Trackball (ACTION_MOVE): 0:(-5.0,-4.0)
:Sending Trackball (ACTION_MOVE): 0:(-5.0,-3.0)
:Sending Trackball (ACTION_MOVE): 0:(-2.0,-1.0)
:Sending Trackball (ACTION_MOVE): 0:(-2.0,1.0)
:Sending Trackball (ACTION_MOVE): 0:(-2.0,2.0)
:Sending Trackball (ACTION_MOVE): 0:(3.0,-4.0)
:Sending Trackball (ACTION_MOVE): 0:(0.0,2.0)
:Sending Trackball (ACTION_MOVE): 0:(-3.0,1.0)
:Sending Trackball (ACTION_MOVE): 0:(-2.0,4.0)
:Sending Touch (ACTION_DOWN): 0:(1023.0,491.0)
:Sending Touch (ACTION_UP): 0:(1020.3448,490.9276)
Sleeping for 500 milliseconds
:Sending Key (ACTION_DOWN): 21    // KEYCODE_DPAD_LEFT
:Sending Key (ACTION_UP): 21    // KEYCODE_DPAD_LEFT
Sleeping for 500 milliseconds
:Sending Touch (ACTION_DOWN): 0:(671.0,675.0)
:Sending Touch (ACTION_MOVE): 0:(671.24335,696.14557)
:Sending Touch (ACTION_MOVE): 0:(672.4557,719.196)
:Sending Touch (ACTION_MOVE): 0:(677.26733,739.67377)
:Sending Touch (ACTION_MOVE): 0:(682.7403,751.85333)
:Sending Touch (ACTION_MOVE): 0:(685.2284,754.10986)
:Sending Touch (ACTION_MOVE): 0:(685.3657,764.692)
:Sending Touch (ACTION_MOVE): 0:(685.6807,779.1122)
:Sending Touch (ACTION_MOVE): 0:(689.77625,796.7479)
:Sending Touch (ACTION_UP): 0:(693.10596,800.78467)
Sleeping for 500 milliseconds
:Sending Key (ACTION_DOWN): 82    // KEYCODE_MENU
:Sending Key (ACTION_UP): 82    // KEYCODE_MENU
Sleeping for 500 milliseconds
:Sending Touch (ACTION_DOWN): 0:(542.0,316.0)
:Sending Touch (ACTION_UP): 0:(542.12964,319.75107)
Sleeping for 500 milliseconds
:Sending Touch (ACTION_DOWN): 0:(484.0,696.0)
:Sending Touch (ACTION_UP): 0:(464.9367,705.0665)
Sleeping for 500 milliseconds
:Sending Key (ACTION_DOWN): 19    // KEYCODE_DPAD_UP
:Sending Key (ACTION_UP): 19    // KEYCODE_DPAD_UP
Sleeping for 500 milliseconds
:Sending Touch (ACTION_DOWN): 0:(189.0,912.0)
:Sending Touch (ACTION_UP): 0:(175.4454,905.9195)
Sleeping for 500 milliseconds
:Sending Key (ACTION_DOWN): 190    // KEYCODE_BUTTON_3
:Sending Key (ACTION_UP): 190    // KEYCODE_BUTTON_3
Sleeping for 500 milliseconds
:Sending Touch (ACTION_DOWN): 0:(1050.0,1531.0)
:Sending Touch (ACTION_UP): 0:(1041.9899,1522.0266)
Sleeping for 500 milliseconds
:Sending Key (ACTION_DOWN): 82    // KEYCODE_MENU
:Sending Key (ACTION_UP): 82    // KEYCODE_MENU
Sleeping for 500 milliseconds
:Sending Key (ACTION_DOWN): 255    // KEYCODE_TV_ZOOM_MODE
:Sending Key (ACTION_UP): 255    // KEYCODE_TV_ZOOM_MODE
Sleeping for 500 milliseconds
:Sending Key (ACTION_DOWN): 22    // KEYCODE_DPAD_RIGHT
:Sending Key (ACTION_UP): 22    // KEYCODE_DPAD_RIGHT
Sleeping for 500 milliseconds
:Sending Touch (ACTION_DOWN): 0:(76.0,1764.0)
:Sending Touch (ACTION_UP): 0:(69.0231,1760.5359)
Sleeping for 500 milliseconds
:Sending Touch (ACTION_DOWN): 0:(992.0,912.0)
:Sending Touch (ACTION_UP): 0:(989.4883,909.0609)
Sleeping for 500 milliseconds
:Sending Key (ACTION_DOWN): 20    // KEYCODE_DPAD_DOWN
:Sending Key (ACTION_UP): 20    // KEYCODE_DPAD_DOWN
Sleeping for 500 milliseconds
:Sending Key (ACTION_DOWN): 24    // KEYCODE_VOLUME_UP
:Sending Key (ACTION_UP): 24    // KEYCODE_VOLUME_UP
Sleeping for 500 milliseconds
:Sending Key (ACTION_DOWN): 23    // KEYCODE_DPAD_CENTER
:Sending Key (ACTION_UP): 23    // KEYCODE_DPAD_CENTER
Sleeping for 500 milliseconds
:Sending Key (ACTION_DOWN): 24    // KEYCODE_VOLUME_UP
:Sending Key (ACTION_UP): 24    // KEYCODE_VOLUME_UP
Sleeping for 500 milliseconds
:Sending Trackball (ACTION_MOVE): 0:(-2.0,-5.0)
:Sending Trackball (ACTION_MOVE): 0:(1.0,2.0)
:Sending Trackball (ACTION_MOVE): 0:(0.0,-1.0)
:Sending Trackball (ACTION_MOVE): 0:(-3.0,4.0)
:Sending Trackball (ACTION_MOVE): 0:(4.0,2.0)
:Sending Trackball (ACTION_MOVE): 0:(-1.0,-5.0)
:Sending Trackball (ACTION_MOVE): 0:(3.0,-3.0)
:Sending Trackball (ACTION_MOVE): 0:(4.0,-2.0)
:Sending Trackball (ACTION_MOVE): 0:(1.0,-2.0)
:Sending Trackball (ACTION_MOVE): 0:(-3.0,3.0)
:Sending Touch (ACTION_DOWN): 0:(486.0,62.0)
:Sending Touch (ACTION_MOVE): 0:(507.7549,70.15263)
:Sending Touch (ACTION_MOVE): 0:(517.07495,87.29426)
:Sending Touch (ACTION_MOVE): 0:(528.11975,102.18475)
:Sending Touch (ACTION_MOVE): 0:(534.157,105.704796)
:Sending Touch (ACTION_MOVE): 0:(548.6946,118.65119)
:Sending Touch (ACTION_MOVE): 0:(556.7297,122.69081)
:Sending Touch (ACTION_MOVE): 0:(564.53815,130.76263)
:Sending Touch (ACTION_MOVE): 0:(564.82776,133.5119)
:Sending Touch (ACTION_UP): 0:(585.75665,136.21837)
Sleeping for 500 milliseconds
:Sending Trackball (ACTION_MOVE): 0:(2.0,-1.0)
:Sending Trackball (ACTION_MOVE): 0:(0.0,-3.0)
:Sending Trackball (ACTION_MOVE): 0:(1.0,0.0)
:Sending Trackball (ACTION_MOVE): 0:(-4.0,1.0)
:Sending Trackball (ACTION_MOVE): 0:(-1.0,1.0)
:Sending Trackball (ACTION_MOVE): 0:(3.0,4.0)
:Sending Trackball (ACTION_MOVE): 0:(3.0,-1.0)
:Sending Trackball (ACTION_MOVE): 0:(-4.0,-5.0)
:Sending Trackball (ACTION_MOVE): 0:(-5.0,-5.0)
:Sending Trackball (ACTION_MOVE): 0:(-1.0,-5.0)
    //[calendar_time:2022-09-19 15:55:53.420  system_uptime:16200152]
    // Sending event #400
:Sending Key (ACTION_DOWN): 266    // KEYCODE_STEM_2
:Sending Key (ACTION_UP): 266    // KEYCODE_STEM_2
Sleeping for 500 milliseconds
:Sending Key (ACTION_DOWN): 22    // KEYCODE_DPAD_RIGHT
:Sending Key (ACTION_UP): 22    // KEYCODE_DPAD_RIGHT
Sleeping for 500 milliseconds
:Sending Key (ACTION_DOWN): 21    // KEYCODE_DPAD_LEFT
:Sending Key (ACTION_UP): 21    // KEYCODE_DPAD_LEFT
Sleeping for 500 milliseconds
:Sending Touch (ACTION_DOWN): 0:(931.0,880.0)
:Sending Touch (ACTION_UP): 0:(927.34906,889.8974)
Sleeping for 500 milliseconds
:Sending Key (ACTION_DOWN): 82    // KEYCODE_MENU
:Sending Key (ACTION_UP): 82    // KEYCODE_MENU
Sleeping for 500 milliseconds
:Sending Touch (ACTION_DOWN): 0:(745.0,1169.0)
:Sending Touch (ACTION_MOVE): 0:(751.9531,1163.269)
:Sending Touch (ACTION_MOVE): 0:(767.2155,1153.4751)
:Sending Touch (ACTION_MOVE): 0:(774.86725,1150.1482)
:Sending Touch (ACTION_MOVE): 0:(784.5587,1144.6711)
:Sending Touch (ACTION_MOVE): 0:(790.6773,1138.3839)
:Sending Touch (ACTION_MOVE): 0:(793.26056,1135.0148)
:Sending Touch (ACTION_MOVE): 0:(797.11676,1125.4281)
:Sending Touch (ACTION_MOVE): 0:(807.99036,1120.2931)
:Sending Touch (ACTION_MOVE): 0:(816.2868,1112.1761)
:Sending Touch (ACTION_UP): 0:(827.9647,1108.4148)
Sleeping for 500 milliseconds
:Switch: #Intent;action=android.intent.action.MAIN;category=android.intent.category.LAUNCHER;launchFlags=0x10200000;component=com.litatom.app/com.lit.app.ui.SplashActivity;end
    // Allowing start of Intent { act=android.intent.action.MAIN cat=[android.intent.category.LAUNCHER] cmp=com.litatom.app/com.lit.app.ui.SplashActivity } in package com.litatom.app
Sleeping for 500 milliseconds
:Sending Touch (ACTION_DOWN): 0:(415.0,713.0)
:Sending Touch (ACTION_MOVE): 0:(413.38205,706.6642)
:Sending Touch (ACTION_UP): 0:(400.62308,695.20074)
Sleeping for 500 milliseconds
:Sending Flip keyboardOpen=false
Sleeping for 500 milliseconds
:Sending Key (ACTION_DOWN): 22    // KEYCODE_DPAD_RIGHT
:Sending Key (ACTION_UP): 22    // KEYCODE_DPAD_RIGHT
Sleeping for 500 milliseconds
:Sending Touch (ACTION_DOWN): 0:(614.0,98.0)
:Sending Touch (ACTION_UP): 0:(621.21716,105.573074)
Sleeping for 500 milliseconds
:Sending Touch (ACTION_DOWN): 0:(586.0,104.0)
:Sending Touch (ACTION_POINTER_DOWN 1): 0:(576.414,107.72093) 1:(845.0,1038.0)
:Sending Touch (ACTION_MOVE): 0:(573.69934,109.27886) 1:(848.9323,1031.1816)
:Sending Touch (ACTION_MOVE): 0:(560.468,109.76033) 1:(865.2766,1030.1351)
:Sending Touch (ACTION_MOVE): 0:(555.94434,112.21518) 1:(888.4888,1020.13873)
:Sending Touch (ACTION_MOVE): 0:(544.9924,115.67754) 1:(893.6961,1018.89954)
:Sending Touch (ACTION_POINTER_UP 1): 0:(538.0694,117.341515) 1:(896.85596,1006.60944)
:Sending Touch (ACTION_UP): 0:(530.0761,118.25075)
Sleeping for 500 milliseconds
:Sending Key (ACTION_DOWN): 21    // KEYCODE_DPAD_LEFT
:Sending Key (ACTION_UP): 21    // KEYCODE_DPAD_LEFT
Sleeping for 500 milliseconds
:Sending Key (ACTION_DOWN): 82    // KEYCODE_MENU
:Sending Key (ACTION_UP): 82    // KEYCODE_MENU
Sleeping for 500 milliseconds
:Sending Touch (ACTION_DOWN): 0:(761.0,309.0)
:Sending Touch (ACTION_UP): 0:(782.60443,297.16888)
Sleeping for 500 milliseconds
:Sending Key (ACTION_DOWN): 82    // KEYCODE_MENU
:Sending Key (ACTION_UP): 82    // KEYCODE_MENU
Sleeping for 500 milliseconds
:Sending Trackball (ACTION_MOVE): 0:(4.0,-3.0)
:Sending Trackball (ACTION_MOVE): 0:(3.0,-1.0)
:Sending Trackball (ACTION_MOVE): 0:(2.0,4.0)
:Sending Trackball (ACTION_MOVE): 0:(-2.0,0.0)
:Sending Trackball (ACTION_MOVE): 0:(4.0,-3.0)
:Sending Trackball (ACTION_MOVE): 0:(1.0,-5.0)
:Sending Trackball (ACTION_MOVE): 0:(4.0,-1.0)
:Sending Trackball (ACTION_MOVE): 0:(-4.0,0.0)
:Sending Trackball (ACTION_MOVE): 0:(-5.0,4.0)
:Sending Trackball (ACTION_MOVE): 0:(1.0,0.0)
:Sending Trackball (ACTION_MOVE): 0:(-2.0,3.0)
:Sending Trackball (ACTION_MOVE): 0:(3.0,3.0)
:Sending Trackball (ACTION_MOVE): 0:(0.0,-2.0)
:Sending Trackball (ACTION_MOVE): 0:(-5.0,-5.0)
:Sending Trackball (ACTION_MOVE): 0:(-5.0,-4.0)
:Sending Trackball (ACTION_MOVE): 0:(-4.0,3.0)
:Sending Trackball (ACTION_MOVE): 0:(-5.0,-1.0)
:Sending Trackball (ACTION_MOVE): 0:(-5.0,0.0)
:Sending Trackball (ACTION_MOVE): 0:(1.0,0.0)
:Sending Trackball (ACTION_MOVE): 0:(-2.0,-4.0)
:Sending Trackball (ACTION_MOVE): 0:(2.0,4.0)
:Sending Trackball (ACTION_MOVE): 0:(-4.0,-1.0)
:Sending Trackball (ACTION_MOVE): 0:(-5.0,-1.0)
:Sending Trackball (ACTION_MOVE): 0:(-3.0,2.0)
:Sending Trackball (ACTION_MOVE): 0:(-1.0,4.0)
:Sending Trackball (ACTION_MOVE): 0:(-3.0,-2.0)
:Sending Trackball (ACTION_MOVE): 0:(4.0,4.0)
:Sending Trackball (ACTION_MOVE): 0:(1.0,1.0)
:Sending Trackball (ACTION_MOVE): 0:(3.0,0.0)
:Sending Trackball (ACTION_MOVE): 0:(-1.0,-5.0)
:Sending Touch (ACTION_DOWN): 0:(234.0,1653.0)
:Sending Touch (ACTION_UP): 0:(235.31493,1655.5226)
Sleeping for 500 milliseconds
:Sending Touch (ACTION_DOWN): 0:(808.0,496.0)
:Sending Touch (ACTION_UP): 0:(807.1029,486.33203)
Sleeping for 500 milliseconds
:Sending Key (ACTION_DOWN): 73    // KEYCODE_BACKSLASH
:Sending Key (ACTION_UP): 73    // KEYCODE_BACKSLASH
Sleeping for 500 milliseconds
:Sending Trackball (ACTION_MOVE): 0:(1.0,-1.0)
:Sending Trackball (ACTION_MOVE): 0:(1.0,-1.0)
:Sending Trackball (ACTION_MOVE): 0:(-3.0,4.0)
:Sending Trackball (ACTION_MOVE): 0:(-4.0,2.0)
:Sending Trackball (ACTION_MOVE): 0:(2.0,-3.0)
:Sending Trackball (ACTION_MOVE): 0:(3.0,-2.0)
:Sending Trackball (ACTION_MOVE): 0:(-5.0,-4.0)
:Sending Trackball (ACTION_MOVE): 0:(-1.0,-4.0)
:Sending Trackball (ACTION_MOVE): 0:(-5.0,1.0)
:Sending Trackball (ACTION_MOVE): 0:(2.0,-4.0)
:Sending Trackball (ACTION_MOVE): 0:(2.0,3.0)
:Sending Trackball (ACTION_MOVE): 0:(-3.0,0.0)
:Sending Trackball (ACTION_MOVE): 0:(0.0,4.0)
:Sending Trackball (ACTION_MOVE): 0:(-4.0,3.0)
:Sending Trackball (ACTION_MOVE): 0:(3.0,-3.0)
:Sending Trackball (ACTION_MOVE): 0:(-2.0,-2.0)
:Sending Trackball (ACTION_MOVE): 0:(-3.0,0.0)
:Sending Trackball (ACTION_MOVE): 0:(-4.0,-2.0)
Events injected: 500
:Sending rotation degree=0, persist=false
:Dropped: keys=0 pointers=0 trackballs=0 flips=0 rotations=0
## Network stats: elapsed time=47747ms (0ms mobile, 0ms wifi, 47747ms not connected)
// Monkey finished
