:Monkey: seed=1663719524191 count=500
:AllowPackage: com.litatom.app
:IncludeCategory: android.intent.category.LAUNCHER
:IncludeCategory: android.intent.category.MONKEY
// Selecting main activities from category android.intent.category.LAUNCHER
//   - NOT USING main activity com.google.android.apps.chrome.Main (from package com.android.chrome)
//   - NOT USING main activity com.android.contacts.activities.PeopleActivity (from package com.android.contacts)
//   - NOT USING main activity com.android.gallery3d.app.GalleryActivity (from package com.android.gallery3d)
//   - NOT USING main activity com.android.settings.Settings (from package com.android.settings)
//   - NOT USING main activity com.cyanogenmod.filemanager.activities.NavigationActivity (from package com.cyanogenmod.filemanager)
//   - NOT USING main activity com.android.documentsui.LauncherActivity (from package com.android.documentsui)
//   - NOT USING main activity com.android.flysilkworm.app.activity.FrameworkActivity (from package com.android.flysilkworm)
//   - NOT USING main activity ldmnq.ldapp.MainActivity (from package com.android.googleinstaller)
//   + Using main activity com.lit.app.ui.SplashActivity (from package com.litatom.app)
// Selecting main activities from category android.intent.category.MONKEY
//   - NOT USING main activity com.android.launcher3.Launcher (from package com.android.launcher3)
//   - NOT USING main activity com.android.settings.Settings$RunningServicesActivity (from package com.android.settings)
//   - NOT USING main activity com.android.settings.Settings$StorageUseActivity (from package com.android.settings)
// Seeded: 1663719524191
// Event percentages:
//   0: 15.0%
//   1: 10.0%
//   2: 2.0%
//   3: 15.0%
//   4: -0.0%
//   5: -0.0%
//   6: 25.0%
//   7: 15.0%
//   8: 2.0%
//   9: 2.0%
//   10: 1.0%
//   11: 13.0%
:Switch: #Intent;action=android.intent.action.MAIN;category=android.intent.category.LAUNCHER;launchFlags=0x10200000;component=com.litatom.app/com.lit.app.ui.SplashActivity;end
    // Allowing start of Intent { act=android.intent.action.MAIN cat=[android.intent.category.LAUNCHER] cmp=com.litatom.app/com.lit.app.ui.SplashActivity } in package com.litatom.app
Sleeping for 500 milliseconds
:Sending Key (ACTION_DOWN): 3    // KEYCODE_HOME
:Sending Key (ACTION_UP): 3    // KEYCODE_HOME
    // Rejecting start of Intent { act=android.intent.action.MAIN cat=[android.intent.category.HOME] cmp=com.android.launcher3/.Launcher } in package com.android.launcher3
Sleeping for 500 milliseconds
:Sending Key (ACTION_DOWN): 21    // KEYCODE_DPAD_LEFT
:Sending Key (ACTION_UP): 21    // KEYCODE_DPAD_LEFT
Sleeping for 500 milliseconds
:Sending Trackball (ACTION_MOVE): 0:(1.0,3.0)
:Sending Trackball (ACTION_MOVE): 0:(1.0,3.0)
:Sending Trackball (ACTION_MOVE): 0:(1.0,0.0)
:Sending Trackball (ACTION_MOVE): 0:(2.0,-4.0)
:Sending Trackball (ACTION_MOVE): 0:(-1.0,3.0)
:Sending Trackball (ACTION_MOVE): 0:(-2.0,1.0)
:Sending Trackball (ACTION_MOVE): 0:(0.0,-1.0)
:Sending Trackball (ACTION_MOVE): 0:(-4.0,0.0)
:Sending Trackball (ACTION_MOVE): 0:(2.0,1.0)
:Sending Trackball (ACTION_MOVE): 0:(-5.0,1.0)
:Sending Key (ACTION_DOWN): 20    // KEYCODE_DPAD_DOWN
:Sending Key (ACTION_UP): 20    // KEYCODE_DPAD_DOWN
Sleeping for 500 milliseconds
:Sending Trackball (ACTION_MOVE): 0:(3.0,-5.0)
:Sending Trackball (ACTION_MOVE): 0:(1.0,-4.0)
:Sending Trackball (ACTION_MOVE): 0:(-5.0,0.0)
:Sending Trackball (ACTION_MOVE): 0:(-3.0,-2.0)
:Sending Trackball (ACTION_MOVE): 0:(-2.0,3.0)
:Sending Trackball (ACTION_MOVE): 0:(1.0,2.0)
:Sending Trackball (ACTION_MOVE): 0:(-4.0,4.0)
:Sending Trackball (ACTION_MOVE): 0:(-1.0,0.0)
:Sending Trackball (ACTION_MOVE): 0:(2.0,1.0)
:Sending Trackball (ACTION_MOVE): 0:(3.0,1.0)
:Sending Touch (ACTION_DOWN): 0:(844.0,1205.0)
:Sending Touch (ACTION_UP): 0:(858.3185,1212.076)
Sleeping for 500 milliseconds
    // Allowing start of Intent { cmp=com.litatom.app/com.lit.app.ui.me.UserDetailActivity } in package com.litatom.app
:Sending Key (ACTION_DOWN): 23    // KEYCODE_DPAD_CENTER
:Sending Key (ACTION_UP): 23    // KEYCODE_DPAD_CENTER
Sleeping for 500 milliseconds
:Sending Flip keyboardOpen=false
Sleeping for 500 milliseconds
:Sending Key (ACTION_DOWN): 22    // KEYCODE_DPAD_RIGHT
:Sending Key (ACTION_UP): 22    // KEYCODE_DPAD_RIGHT
Sleeping for 500 milliseconds
:Sending Key (ACTION_DOWN): 21    // KEYCODE_DPAD_LEFT
:Sending Key (ACTION_UP): 21    // KEYCODE_DPAD_LEFT
Sleeping for 500 milliseconds
:Sending Key (ACTION_DOWN): 21    // KEYCODE_DPAD_LEFT
:Sending Key (ACTION_UP): 21    // KEYCODE_DPAD_LEFT
Sleeping for 500 milliseconds
:Sending Trackball (ACTION_MOVE): 0:(4.0,3.0)
:Sending Trackball (ACTION_MOVE): 0:(-5.0,-3.0)
:Sending Trackball (ACTION_MOVE): 0:(0.0,-3.0)
:Sending Trackball (ACTION_MOVE): 0:(-5.0,3.0)
:Sending Trackball (ACTION_MOVE): 0:(-2.0,-2.0)
:Sending Trackball (ACTION_MOVE): 0:(2.0,-4.0)
:Sending Trackball (ACTION_MOVE): 0:(4.0,3.0)
:Sending Trackball (ACTION_MOVE): 0:(1.0,-4.0)
:Sending Trackball (ACTION_MOVE): 0:(-3.0,4.0)
:Sending Trackball (ACTION_MOVE): 0:(-5.0,4.0)
:Sending Touch (ACTION_DOWN): 0:(636.0,1674.0)
:Sending Touch (ACTION_MOVE): 0:(637.6062,1677.071)
:Sending Touch (ACTION_MOVE): 0:(643.68396,1680.4264)
:Sending Touch (ACTION_MOVE): 0:(644.4576,1680.6548)
:Sending Touch (ACTION_MOVE): 0:(648.5025,1683.1134)
:Sending Touch (ACTION_UP): 0:(653.07965,1683.831)
Sleeping for 500 milliseconds
:Sending Key (ACTION_DOWN): 20    // KEYCODE_DPAD_DOWN
:Sending Key (ACTION_UP): 20    // KEYCODE_DPAD_DOWN
Sleeping for 500 milliseconds
:Sending Key (ACTION_DOWN): 255    // KEYCODE_TV_ZOOM_MODE
:Sending Key (ACTION_UP): 255    // KEYCODE_TV_ZOOM_MODE
Sleeping for 500 milliseconds
:Sending Key (ACTION_DOWN): 21    // KEYCODE_DPAD_LEFT
:Sending Key (ACTION_UP): 21    // KEYCODE_DPAD_LEFT
Sleeping for 500 milliseconds
:Sending Touch (ACTION_DOWN): 0:(125.0,1415.0)
:Sending Touch (ACTION_MOVE): 0:(113.15048,1416.3164)
:Sending Touch (ACTION_MOVE): 0:(98.92796,1417.2764)
:Sending Touch (ACTION_MOVE): 0:(81.702354,1420.2335)
:Sending Touch (ACTION_MOVE): 0:(61.611473,1422.1676)
:Sending Touch (ACTION_MOVE): 0:(42.07882,1422.646)
:Sending Touch (ACTION_UP): 0:(37.27963,1425.9207)
Sleeping for 500 milliseconds
:Sending Key (ACTION_DOWN): 20    // KEYCODE_DPAD_DOWN
:Sending Key (ACTION_UP): 20    // KEYCODE_DPAD_DOWN
Sleeping for 500 milliseconds
:Sending Touch (ACTION_DOWN): 0:(349.0,1543.0)
:Sending Touch (ACTION_UP): 0:(352.27594,1552.1172)
Sleeping for 500 milliseconds
:Sending Trackball (ACTION_MOVE): 0:(-4.0,-2.0)
:Sending Trackball (ACTION_MOVE): 0:(3.0,-4.0)
:Sending Trackball (ACTION_MOVE): 0:(3.0,3.0)
:Sending Trackball (ACTION_MOVE): 0:(3.0,0.0)
:Sending Trackball (ACTION_MOVE): 0:(-1.0,-2.0)
:Sending Trackball (ACTION_MOVE): 0:(1.0,2.0)
:Sending Trackball (ACTION_MOVE): 0:(4.0,4.0)
:Sending Trackball (ACTION_MOVE): 0:(-4.0,0.0)
:Sending Trackball (ACTION_MOVE): 0:(2.0,3.0)
:Sending Trackball (ACTION_MOVE): 0:(3.0,2.0)
:Sending Trackball (ACTION_DOWN): 0:(0.0,0.0)
:Sending Trackball (ACTION_UP): 0:(0.0,0.0)
Sleeping for 500 milliseconds
:Sending Touch (ACTION_DOWN): 0:(160.0,16.0)
:Sending Touch (ACTION_UP): 0:(161.98357,9.174668)
Sleeping for 500 milliseconds
:Sending Key (ACTION_DOWN): 19    // KEYCODE_DPAD_UP
:Sending Key (ACTION_UP): 19    // KEYCODE_DPAD_UP
Sleeping for 500 milliseconds
:Sending Touch (ACTION_DOWN): 0:(784.0,1192.0)
:Sending Touch (ACTION_UP): 0:(770.2702,1194.1821)
Sleeping for 500 milliseconds
:Sending Touch (ACTION_DOWN): 0:(162.0,891.0)
:Sending Touch (ACTION_UP): 0:(159.53265,889.1419)
Sleeping for 500 milliseconds
:Sending Key (ACTION_DOWN): 82    // KEYCODE_MENU
:Sending Key (ACTION_UP): 82    // KEYCODE_MENU
Sleeping for 500 milliseconds
:Sending Key (ACTION_DOWN): 234    // KEYCODE_TV_NUMBER_ENTRY
:Sending Key (ACTION_UP): 234    // KEYCODE_TV_NUMBER_ENTRY
Sleeping for 500 milliseconds
:Sending Key (ACTION_DOWN): 22    // KEYCODE_DPAD_RIGHT
:Sending Key (ACTION_UP): 22    // KEYCODE_DPAD_RIGHT
Sleeping for 500 milliseconds
:Sending Key (ACTION_DOWN): 82    // KEYCODE_MENU
:Sending Key (ACTION_UP): 82    // KEYCODE_MENU
Sleeping for 500 milliseconds
:Sending Key (ACTION_DOWN): 265    // KEYCODE_STEM_1
    //[calendar_time:2022-09-19 11:44:14.422  system_uptime:1101155]
    // Sending event #100
:Sending Key (ACTION_UP): 265    // KEYCODE_STEM_1
Sleeping for 500 milliseconds
:Sending Key (ACTION_DOWN): 21    // KEYCODE_DPAD_LEFT
:Sending Key (ACTION_UP): 21    // KEYCODE_DPAD_LEFT
Sleeping for 500 milliseconds
:Sending Key (ACTION_DOWN): 20    // KEYCODE_DPAD_DOWN
:Sending Key (ACTION_UP): 20    // KEYCODE_DPAD_DOWN
Sleeping for 500 milliseconds
:Sending Key (ACTION_DOWN): 82    // KEYCODE_MENU
:Sending Key (ACTION_UP): 82    // KEYCODE_MENU
Sleeping for 500 milliseconds
:Sending Trackball (ACTION_MOVE): 0:(-1.0,-5.0)
:Sending Trackball (ACTION_MOVE): 0:(-2.0,-5.0)
:Sending Trackball (ACTION_MOVE): 0:(-5.0,-2.0)
:Sending Trackball (ACTION_MOVE): 0:(-5.0,2.0)
:Sending Trackball (ACTION_MOVE): 0:(0.0,-1.0)
:Sending Trackball (ACTION_MOVE): 0:(3.0,1.0)
:Sending Trackball (ACTION_MOVE): 0:(3.0,4.0)
:Sending Trackball (ACTION_MOVE): 0:(-1.0,-5.0)
:Sending Trackball (ACTION_MOVE): 0:(4.0,2.0)
:Sending Trackball (ACTION_MOVE): 0:(-5.0,2.0)
:Sending Trackball (ACTION_MOVE): 0:(4.0,1.0)
:Sending Trackball (ACTION_MOVE): 0:(1.0,1.0)
:Sending Trackball (ACTION_MOVE): 0:(3.0,0.0)
:Sending Trackball (ACTION_MOVE): 0:(4.0,3.0)
:Sending Trackball (ACTION_MOVE): 0:(1.0,-5.0)
:Sending Trackball (ACTION_MOVE): 0:(3.0,1.0)
:Sending Trackball (ACTION_MOVE): 0:(-1.0,-5.0)
:Sending Trackball (ACTION_MOVE): 0:(3.0,-4.0)
:Sending Trackball (ACTION_MOVE): 0:(-4.0,-2.0)
:Sending Trackball (ACTION_MOVE): 0:(-3.0,4.0)
:Sending Touch (ACTION_DOWN): 0:(263.0,1116.0)
:Sending Touch (ACTION_POINTER_DOWN 1): 0:(263.17892,1101.4437) 1:(207.0,253.0)
:Sending Touch (ACTION_MOVE): 0:(264.0599,1087.0409) 1:(197.80202,257.14023)
:Sending Touch (ACTION_MOVE): 0:(266.90225,1082.7579) 1:(188.03105,266.9222)
:Sending Touch (ACTION_MOVE): 0:(270.65598,1075.2509) 1:(178.76044,268.07626)
:Sending Touch (ACTION_POINTER_UP 1): 0:(271.0449,1068.8799) 1:(178.36253,272.42963)
:Sending Touch (ACTION_UP): 0:(273.7041,1053.1604)
Sleeping for 500 milliseconds
:Sending Trackball (ACTION_MOVE): 0:(2.0,4.0)
:Sending Trackball (ACTION_MOVE): 0:(2.0,3.0)
:Sending Trackball (ACTION_MOVE): 0:(3.0,2.0)
:Sending Trackball (ACTION_MOVE): 0:(4.0,-5.0)
:Sending Trackball (ACTION_MOVE): 0:(-4.0,2.0)
:Sending Trackball (ACTION_MOVE): 0:(3.0,-5.0)
:Sending Trackball (ACTION_MOVE): 0:(1.0,0.0)
:Sending Trackball (ACTION_MOVE): 0:(2.0,3.0)
:Sending Trackball (ACTION_MOVE): 0:(-2.0,0.0)
:Sending Trackball (ACTION_MOVE): 0:(1.0,4.0)
:Sending Key (ACTION_DOWN): 51    // KEYCODE_W
:Sending Key (ACTION_UP): 51    // KEYCODE_W
Sleeping for 500 milliseconds
:Sending Trackball (ACTION_MOVE): 0:(-4.0,3.0)
:Sending Trackball (ACTION_MOVE): 0:(-3.0,-1.0)
:Sending Trackball (ACTION_MOVE): 0:(-2.0,-5.0)
:Sending Trackball (ACTION_MOVE): 0:(-5.0,2.0)
:Sending Trackball (ACTION_MOVE): 0:(-5.0,-4.0)
:Sending Trackball (ACTION_MOVE): 0:(-2.0,-4.0)
:Sending Trackball (ACTION_MOVE): 0:(4.0,2.0)
:Sending Trackball (ACTION_MOVE): 0:(-3.0,0.0)
:Sending Trackball (ACTION_MOVE): 0:(-3.0,1.0)
:Sending Trackball (ACTION_MOVE): 0:(-1.0,3.0)
:Sending Key (ACTION_DOWN): 82    // KEYCODE_MENU
:Sending Key (ACTION_UP): 82    // KEYCODE_MENU
Sleeping for 500 milliseconds
:Sending Touch (ACTION_DOWN): 0:(795.0,1882.0)
:Sending Touch (ACTION_UP): 0:(803.8578,1882.3163)
Sleeping for 500 milliseconds
:Sending Key (ACTION_DOWN): 23    // KEYCODE_DPAD_CENTER
:Sending Key (ACTION_UP): 23    // KEYCODE_DPAD_CENTER
Sleeping for 500 milliseconds
:Sending Trackball (ACTION_MOVE): 0:(2.0,-1.0)
:Sending Trackball (ACTION_MOVE): 0:(3.0,2.0)
:Sending Trackball (ACTION_MOVE): 0:(1.0,3.0)
:Sending Trackball (ACTION_MOVE): 0:(-2.0,0.0)
:Sending Trackball (ACTION_MOVE): 0:(1.0,1.0)
:Sending Trackball (ACTION_MOVE): 0:(-2.0,3.0)
:Sending Trackball (ACTION_MOVE): 0:(3.0,-1.0)
:Sending Trackball (ACTION_MOVE): 0:(-2.0,-4.0)
:Sending Trackball (ACTION_MOVE): 0:(1.0,0.0)
:Sending Trackball (ACTION_MOVE): 0:(1.0,-5.0)
:Sending Touch (ACTION_DOWN): 0:(924.0,610.0)
:Sending Touch (ACTION_POINTER_DOWN 1): 0:(902.9656,611.0385) 1:(276.0,269.0)
:Sending Touch (ACTION_MOVE): 0:(892.867,611.2765) 1:(289.32706,263.8133)
:Sending Touch (ACTION_MOVE): 0:(884.244,616.5802) 1:(307.56345,260.944)
:Sending Touch (ACTION_POINTER_UP 1): 0:(879.16785,622.13904) 1:(319.62036,259.21582)
:Sending Touch (ACTION_UP): 0:(873.27246,626.63416)
Sleeping for 500 milliseconds
:Sending Trackball (ACTION_MOVE): 0:(3.0,2.0)
:Sending Trackball (ACTION_MOVE): 0:(-3.0,0.0)
:Sending Trackball (ACTION_MOVE): 0:(-4.0,-4.0)
:Sending Trackball (ACTION_MOVE): 0:(0.0,0.0)
:Sending Trackball (ACTION_MOVE): 0:(2.0,0.0)
:Sending Trackball (ACTION_MOVE): 0:(-2.0,1.0)
:Sending Trackball (ACTION_MOVE): 0:(-1.0,4.0)
:Sending Trackball (ACTION_MOVE): 0:(4.0,-1.0)
:Sending Trackball (ACTION_MOVE): 0:(-4.0,-3.0)
:Sending Trackball (ACTION_MOVE): 0:(2.0,2.0)
:Sending Key (ACTION_DOWN): 21    // KEYCODE_DPAD_LEFT
:Sending Key (ACTION_UP): 21    // KEYCODE_DPAD_LEFT
Sleeping for 500 milliseconds
:Sending Trackball (ACTION_MOVE): 0:(-3.0,-2.0)
:Sending Trackball (ACTION_MOVE): 0:(0.0,0.0)
:Sending Trackball (ACTION_MOVE): 0:(4.0,-2.0)
:Sending Trackball (ACTION_MOVE): 0:(-3.0,-4.0)
:Sending Trackball (ACTION_MOVE): 0:(-1.0,-3.0)
:Sending Trackball (ACTION_MOVE): 0:(-1.0,1.0)
:Sending Trackball (ACTION_MOVE): 0:(-1.0,-3.0)
:Sending Trackball (ACTION_MOVE): 0:(-1.0,2.0)
:Sending Trackball (ACTION_MOVE): 0:(-4.0,0.0)
:Sending Trackball (ACTION_MOVE): 0:(2.0,4.0)
    //[calendar_time:2022-09-19 11:44:20.026  system_uptime:1106758]
    // Sending event #200
:Sending Trackball (ACTION_MOVE): 0:(-4.0,-4.0)
:Sending Trackball (ACTION_MOVE): 0:(-1.0,-2.0)
:Sending Trackball (ACTION_MOVE): 0:(-3.0,3.0)
:Sending Trackball (ACTION_MOVE): 0:(-3.0,-2.0)
:Sending Trackball (ACTION_MOVE): 0:(-1.0,4.0)
:Sending Trackball (ACTION_MOVE): 0:(3.0,3.0)
:Sending Trackball (ACTION_MOVE): 0:(-5.0,2.0)
:Sending Trackball (ACTION_MOVE): 0:(4.0,-2.0)
:Sending Trackball (ACTION_MOVE): 0:(-2.0,-5.0)
:Sending Trackball (ACTION_MOVE): 0:(3.0,-5.0)
:Sending Key (ACTION_DOWN): 39    // KEYCODE_K
:Sending Key (ACTION_UP): 39    // KEYCODE_K
Sleeping for 500 milliseconds
:Sending Trackball (ACTION_MOVE): 0:(-3.0,-1.0)
:Sending Trackball (ACTION_MOVE): 0:(0.0,1.0)
:Sending Trackball (ACTION_MOVE): 0:(-3.0,-3.0)
:Sending Trackball (ACTION_MOVE): 0:(-5.0,-3.0)
:Sending Trackball (ACTION_MOVE): 0:(-5.0,2.0)
:Sending Trackball (ACTION_MOVE): 0:(3.0,3.0)
:Sending Trackball (ACTION_MOVE): 0:(2.0,-2.0)
:Sending Trackball (ACTION_MOVE): 0:(-5.0,4.0)
:Sending Trackball (ACTION_MOVE): 0:(-3.0,1.0)
:Sending Trackball (ACTION_MOVE): 0:(4.0,-1.0)
:Sending Key (ACTION_DOWN): 23    // KEYCODE_DPAD_CENTER
:Sending Key (ACTION_UP): 23    // KEYCODE_DPAD_CENTER
Sleeping for 500 milliseconds
:Sending Touch (ACTION_DOWN): 0:(712.0,478.0)
:Sending Touch (ACTION_MOVE): 0:(720.83734,486.38525)
:Sending Touch (ACTION_MOVE): 0:(726.6388,487.9811)
:Sending Touch (ACTION_MOVE): 0:(727.94116,494.77094)
:Sending Touch (ACTION_MOVE): 0:(731.663,496.06253)
:Sending Touch (ACTION_UP): 0:(734.3313,501.7826)
Sleeping for 500 milliseconds
:Sending Touch (ACTION_DOWN): 0:(19.0,678.0)
:Sending Touch (ACTION_MOVE): 0:(18.589842,682.1771)
:Sending Touch (ACTION_MOVE): 0:(17.739185,693.07166)
:Sending Touch (ACTION_MOVE): 0:(17.711147,705.8458)
:Sending Touch (ACTION_MOVE): 0:(16.842497,709.4355)
:Sending Touch (ACTION_MOVE): 0:(16.477068,714.6102)
:Sending Touch (ACTION_MOVE): 0:(16.4398,721.48975)
:Sending Touch (ACTION_MOVE): 0:(15.2461815,728.8502)
:Sending Touch (ACTION_MOVE): 0:(14.980681,729.4226)
:Sending Touch (ACTION_MOVE): 0:(13.922458,740.4428)
:Sending Touch (ACTION_UP): 0:(13.58338,741.82526)
Sleeping for 500 milliseconds
:Sending Trackball (ACTION_MOVE): 0:(-1.0,0.0)
:Sending Trackball (ACTION_MOVE): 0:(-1.0,-2.0)
:Sending Trackball (ACTION_MOVE): 0:(-1.0,-2.0)
:Sending Trackball (ACTION_MOVE): 0:(4.0,1.0)
:Sending Trackball (ACTION_MOVE): 0:(-3.0,-5.0)
:Sending Trackball (ACTION_MOVE): 0:(-3.0,-2.0)
:Sending Trackball (ACTION_MOVE): 0:(-4.0,1.0)
:Sending Trackball (ACTION_MOVE): 0:(-4.0,3.0)
:Sending Trackball (ACTION_MOVE): 0:(2.0,1.0)
:Sending Trackball (ACTION_MOVE): 0:(-1.0,2.0)
:Sending Trackball (ACTION_DOWN): 0:(0.0,0.0)
:Sending Trackball (ACTION_UP): 0:(0.0,0.0)
Sleeping for 500 milliseconds
:Sending Key (ACTION_DOWN): 22    // KEYCODE_DPAD_RIGHT
:Sending Key (ACTION_UP): 22    // KEYCODE_DPAD_RIGHT
Sleeping for 500 milliseconds
:Sending Key (ACTION_DOWN): 19    // KEYCODE_DPAD_UP
:Sending Key (ACTION_UP): 19    // KEYCODE_DPAD_UP
Sleeping for 500 milliseconds
:Sending Touch (ACTION_DOWN): 0:(194.0,1593.0)
:Sending Touch (ACTION_UP): 0:(194.48819,1591.9025)
Sleeping for 500 milliseconds
:Sending Key (ACTION_DOWN): 21    // KEYCODE_DPAD_LEFT
:Sending Key (ACTION_UP): 21    // KEYCODE_DPAD_LEFT
Sleeping for 500 milliseconds
:Sending Key (ACTION_DOWN): 155    // KEYCODE_NUMPAD_MULTIPLY
:Sending Key (ACTION_UP): 155    // KEYCODE_NUMPAD_MULTIPLY
Sleeping for 500 milliseconds
:Sending Touch (ACTION_DOWN): 0:(621.0,1571.0)
:Sending Touch (ACTION_MOVE): 0:(603.8273,1575.4016)
:Sending Touch (ACTION_MOVE): 0:(594.857,1586.5724)
:Sending Touch (ACTION_MOVE): 0:(579.13074,1597.9104)
:Sending Touch (ACTION_MOVE): 0:(558.9284,1599.1897)
:Sending Touch (ACTION_MOVE): 0:(558.4564,1614.1451)
:Sending Touch (ACTION_MOVE): 0:(544.91547,1624.3512)
:Sending Touch (ACTION_MOVE): 0:(542.6251,1629.875)
:Sending Touch (ACTION_UP): 0:(523.13336,1630.1218)
Sleeping for 500 milliseconds
:Sending Touch (ACTION_DOWN): 0:(41.0,767.0)
:Sending Touch (ACTION_UP): 0:(35.641346,765.6317)
Sleeping for 500 milliseconds
:Sending Trackball (ACTION_MOVE): 0:(-1.0,-5.0)
:Sending Trackball (ACTION_MOVE): 0:(4.0,1.0)
:Sending Trackball (ACTION_MOVE): 0:(3.0,-2.0)
:Sending Trackball (ACTION_MOVE): 0:(-3.0,-5.0)
:Sending Trackball (ACTION_MOVE): 0:(2.0,-1.0)
:Sending Trackball (ACTION_MOVE): 0:(-5.0,0.0)
:Sending Trackball (ACTION_MOVE): 0:(-5.0,0.0)
:Sending Trackball (ACTION_MOVE): 0:(3.0,-1.0)
:Sending Trackball (ACTION_MOVE): 0:(-4.0,4.0)
:Sending Trackball (ACTION_MOVE): 0:(-5.0,3.0)
:Sending Touch (ACTION_DOWN): 0:(844.0,1120.0)
:Sending Touch (ACTION_UP): 0:(857.48206,1132.6813)
Sleeping for 500 milliseconds
:Sending Trackball (ACTION_MOVE): 0:(-3.0,0.0)
:Sending Trackball (ACTION_MOVE): 0:(4.0,3.0)
:Sending Trackball (ACTION_MOVE): 0:(-3.0,-2.0)
:Sending Trackball (ACTION_MOVE): 0:(-3.0,-4.0)
:Sending Trackball (ACTION_MOVE): 0:(1.0,-4.0)
:Sending Trackball (ACTION_MOVE): 0:(-3.0,1.0)
:Sending Trackball (ACTION_MOVE): 0:(-1.0,-2.0)
:Sending Trackball (ACTION_MOVE): 0:(-1.0,-5.0)
:Sending Trackball (ACTION_MOVE): 0:(0.0,-4.0)
:Sending Trackball (ACTION_MOVE): 0:(1.0,4.0)
:Sending Trackball (ACTION_DOWN): 0:(0.0,0.0)
:Sending Trackball (ACTION_UP): 0:(0.0,0.0)
Sleeping for 500 milliseconds
:Sending Trackball (ACTION_MOVE): 0:(2.0,-4.0)
:Sending Trackball (ACTION_MOVE): 0:(-4.0,2.0)
    //[calendar_time:2022-09-19 11:44:27.130  system_uptime:1113862]
    // Sending event #300
:Sending Trackball (ACTION_MOVE): 0:(-2.0,-4.0)
:Sending Trackball (ACTION_MOVE): 0:(1.0,1.0)
:Sending Trackball (ACTION_MOVE): 0:(-3.0,-5.0)
:Sending Trackball (ACTION_MOVE): 0:(2.0,-3.0)
:Sending Trackball (ACTION_MOVE): 0:(0.0,0.0)
:Sending Trackball (ACTION_MOVE): 0:(3.0,-5.0)
:Sending Trackball (ACTION_MOVE): 0:(0.0,4.0)
:Sending Trackball (ACTION_MOVE): 0:(-5.0,-1.0)
:Sending Key (ACTION_DOWN): 23    // KEYCODE_DPAD_CENTER
:Sending Key (ACTION_UP): 23    // KEYCODE_DPAD_CENTER
Sleeping for 500 milliseconds
:Sending Key (ACTION_DOWN): 216    // KEYCODE_YEN
:Sending Key (ACTION_UP): 216    // KEYCODE_YEN
Sleeping for 500 milliseconds
:Sending Key (ACTION_DOWN): 82    // KEYCODE_MENU
:Sending Key (ACTION_UP): 82    // KEYCODE_MENU
Sleeping for 500 milliseconds
:Sending Touch (ACTION_DOWN): 0:(538.0,1609.0)
:Sending Touch (ACTION_MOVE): 0:(532.3019,1593.2266)
:Sending Touch (ACTION_MOVE): 0:(525.7112,1590.0674)
:Sending Touch (ACTION_MOVE): 0:(525.2449,1574.1744)
:Sending Touch (ACTION_MOVE): 0:(524.63245,1555.8442)
:Sending Touch (ACTION_MOVE): 0:(519.6476,1533.3473)
:Sending Touch (ACTION_MOVE): 0:(517.224,1517.9244)
:Sending Touch (ACTION_UP): 0:(513.47003,1495.5656)
Sleeping for 500 milliseconds
:Sending Touch (ACTION_DOWN): 0:(958.0,1629.0)
:Sending Touch (ACTION_UP): 0:(947.7218,1628.7634)
Sleeping for 500 milliseconds
:Sending Touch (ACTION_DOWN): 0:(938.0,1192.0)
:Sending Touch (ACTION_UP): 0:(934.52246,1206.1993)
Sleeping for 500 milliseconds
:Sending Key (ACTION_DOWN): 19    // KEYCODE_DPAD_UP
:Sending Key (ACTION_UP): 19    // KEYCODE_DPAD_UP
Sleeping for 500 milliseconds
:Sending Touch (ACTION_DOWN): 0:(614.0,361.0)
:Sending Touch (ACTION_MOVE): 0:(616.30707,360.7226)
:Sending Touch (ACTION_MOVE): 0:(618.35126,356.47556)
:Sending Touch (ACTION_MOVE): 0:(622.87634,350.38953)
:Sending Touch (ACTION_MOVE): 0:(628.9984,349.97595)
:Sending Touch (ACTION_MOVE): 0:(633.86194,345.2668)
:Sending Touch (ACTION_MOVE): 0:(638.30225,345.1735)
:Sending Touch (ACTION_MOVE): 0:(639.95966,338.49612)
:Sending Touch (ACTION_MOVE): 0:(643.6119,331.97287)
:Sending Touch (ACTION_MOVE): 0:(649.9393,325.6666)
:Sending Touch (ACTION_UP): 0:(652.5414,323.7304)
Sleeping for 500 milliseconds
:Sending Touch (ACTION_DOWN): 0:(391.0,1639.0)
:Sending Touch (ACTION_MOVE): 0:(405.00632,1642.9896)
:Sending Touch (ACTION_MOVE): 0:(414.94705,1653.2963)
:Sending Touch (ACTION_MOVE): 0:(420.86902,1657.2106)
:Sending Touch (ACTION_MOVE): 0:(435.31387,1658.5077)
:Sending Touch (ACTION_MOVE): 0:(445.55347,1665.48)
:Sending Touch (ACTION_MOVE): 0:(453.86703,1665.5834)
:Sending Touch (ACTION_MOVE): 0:(466.6963,1670.0277)
:Sending Touch (ACTION_MOVE): 0:(481.2071,1678.1909)
:Sending Touch (ACTION_MOVE): 0:(484.53067,1685.9137)
:Sending Touch (ACTION_UP): 0:(487.89465,1688.7865)
Sleeping for 500 milliseconds
:Sending Key (ACTION_DOWN): 115    // KEYCODE_CAPS_LOCK
:Sending Key (ACTION_UP): 115    // KEYCODE_CAPS_LOCK
Sleeping for 500 milliseconds
:Sending Key (ACTION_DOWN): 82    // KEYCODE_MENU
:Sending Key (ACTION_UP): 82    // KEYCODE_MENU
Sleeping for 500 milliseconds
:Sending Key (ACTION_DOWN): 21    // KEYCODE_DPAD_LEFT
:Sending Key (ACTION_UP): 21    // KEYCODE_DPAD_LEFT
Sleeping for 500 milliseconds
:Sending Trackball (ACTION_MOVE): 0:(4.0,-4.0)
:Sending Trackball (ACTION_MOVE): 0:(-4.0,-5.0)
:Sending Trackball (ACTION_MOVE): 0:(-2.0,-3.0)
:Sending Trackball (ACTION_MOVE): 0:(3.0,-1.0)
:Sending Trackball (ACTION_MOVE): 0:(2.0,1.0)
:Sending Trackball (ACTION_MOVE): 0:(2.0,2.0)
:Sending Trackball (ACTION_MOVE): 0:(-5.0,4.0)
:Sending Trackball (ACTION_MOVE): 0:(-1.0,-1.0)
:Sending Trackball (ACTION_MOVE): 0:(-3.0,-1.0)
:Sending Trackball (ACTION_MOVE): 0:(3.0,-2.0)
:Sending Key (ACTION_DOWN): 4    // KEYCODE_BACK
:Sending Key (ACTION_UP): 4    // KEYCODE_BACK
Sleeping for 500 milliseconds
:Sending Touch (ACTION_DOWN): 0:(939.0,747.0)
:Sending Touch (ACTION_MOVE): 0:(934.7444,746.40454)
:Sending Touch (ACTION_MOVE): 0:(927.22296,738.71735)
:Sending Touch (ACTION_UP): 0:(924.9682,730.78815)
Sleeping for 500 milliseconds
:Sending Key (ACTION_DOWN): 82    // KEYCODE_MENU
:Sending Key (ACTION_UP): 82    // KEYCODE_MENU
Sleeping for 500 milliseconds
:Sending Key (ACTION_DOWN): 23    // KEYCODE_DPAD_CENTER
:Sending Key (ACTION_UP): 23    // KEYCODE_DPAD_CENTER
Sleeping for 500 milliseconds
:Sending Touch (ACTION_DOWN): 0:(1012.0,408.0)
:Sending Touch (ACTION_MOVE): 0:(1015.61304,406.22037)
:Sending Touch (ACTION_MOVE): 0:(1018.0932,396.03915)
:Sending Touch (ACTION_MOVE): 0:(1019.5497,385.40637)
:Sending Touch (ACTION_MOVE): 0:(1025.1378,380.1494)
:Sending Touch (ACTION_MOVE): 0:(1029.4691,370.9034)
:Sending Touch (ACTION_MOVE): 0:(1031.9103,368.36456)
:Sending Touch (ACTION_MOVE): 0:(1034.4246,359.5316)
:Sending Touch (ACTION_MOVE): 0:(1035.9836,350.95807)
:Sending Touch (ACTION_UP): 0:(1042.2036,342.71835)
Sleeping for 500 milliseconds
:Sending Touch (ACTION_DOWN): 0:(600.0,5.0)
:Sending Touch (ACTION_UP): 0:(600.03424,18.08886)
Sleeping for 500 milliseconds
:Sending Touch (ACTION_DOWN): 0:(549.0,168.0)
:Sending Touch (ACTION_UP): 0:(548.34515,163.55322)
Sleeping for 500 milliseconds
:Sending Key (ACTION_DOWN): 98    // KEYCODE_BUTTON_C
:Sending Key (ACTION_UP): 98    // KEYCODE_BUTTON_C
Sleeping for 500 milliseconds
:Switch: #Intent;action=android.intent.action.MAIN;category=android.intent.category.LAUNCHER;launchFlags=0x10200000;component=com.litatom.app/com.lit.app.ui.SplashActivity;end
    // Allowing start of Intent { act=android.intent.action.MAIN cat=[android.intent.category.LAUNCHER] cmp=com.litatom.app/com.lit.app.ui.SplashActivity } in package com.litatom.app
Sleeping for 500 milliseconds
:Sending Touch (ACTION_DOWN): 0:(1033.0,1474.0)
:Sending Touch (ACTION_UP): 0:(1021.9512,1472.7148)
Sleeping for 500 milliseconds
:Sending Key (ACTION_DOWN): 105    // KEYCODE_BUTTON_R2
:Sending Key (ACTION_UP): 105    // KEYCODE_BUTTON_R2
Sleeping for 500 milliseconds
:Sending Key (ACTION_DOWN): 82    // KEYCODE_MENU
:Sending Key (ACTION_UP): 82    // KEYCODE_MENU
Sleeping for 500 milliseconds
:Sending Touch (ACTION_DOWN): 0:(290.0,590.0)
    //[calendar_time:2022-09-19 11:44:39.268  system_uptime:1126000]
    // Sending event #400
:Sending Touch (ACTION_MOVE): 0:(290.0028,593.55383)
:Sending Touch (ACTION_MOVE): 0:(290.1303,596.52155)
:Sending Touch (ACTION_MOVE): 0:(290.29495,600.08044)
:Sending Touch (ACTION_UP): 0:(290.53708,608.7559)
Sleeping for 500 milliseconds
:Sending Key (ACTION_DOWN): 20    // KEYCODE_DPAD_DOWN
:Sending Key (ACTION_UP): 20    // KEYCODE_DPAD_DOWN
Sleeping for 500 milliseconds
:Sending Touch (ACTION_DOWN): 0:(169.0,1098.0)
:Sending Touch (ACTION_MOVE): 0:(167.59283,1094.9636)
:Sending Touch (ACTION_MOVE): 0:(162.11566,1093.5038)
:Sending Touch (ACTION_MOVE): 0:(156.0484,1092.6478)
:Sending Touch (ACTION_MOVE): 0:(150.42511,1089.2964)
:Sending Touch (ACTION_MOVE): 0:(146.33066,1087.5503)
:Sending Touch (ACTION_MOVE): 0:(143.68172,1084.2042)
:Sending Touch (ACTION_MOVE): 0:(140.75734,1081.0331)
:Sending Touch (ACTION_MOVE): 0:(135.86142,1077.4845)
:Sending Touch (ACTION_UP): 0:(129.5944,1073.7435)
Sleeping for 500 milliseconds
:Sending Touch (ACTION_DOWN): 0:(401.0,832.0)
:Sending Touch (ACTION_MOVE): 0:(394.61865,830.1444)
:Sending Touch (ACTION_UP): 0:(394.0214,823.2547)
Sleeping for 500 milliseconds
:Sending Trackball (ACTION_MOVE): 0:(-5.0,-1.0)
:Sending Trackball (ACTION_MOVE): 0:(4.0,4.0)
:Sending Trackball (ACTION_MOVE): 0:(-3.0,-2.0)
:Sending Trackball (ACTION_MOVE): 0:(0.0,-3.0)
:Sending Trackball (ACTION_MOVE): 0:(0.0,1.0)
:Sending Trackball (ACTION_MOVE): 0:(-3.0,2.0)
:Sending Trackball (ACTION_MOVE): 0:(-5.0,-2.0)
:Sending Trackball (ACTION_MOVE): 0:(2.0,4.0)
:Sending Trackball (ACTION_MOVE): 0:(-4.0,-1.0)
:Sending Trackball (ACTION_MOVE): 0:(3.0,4.0)
:Sending Trackball (ACTION_MOVE): 0:(2.0,-5.0)
:Sending Trackball (ACTION_MOVE): 0:(-3.0,-1.0)
:Sending Trackball (ACTION_MOVE): 0:(-4.0,-3.0)
:Sending Trackball (ACTION_MOVE): 0:(2.0,3.0)
:Sending Trackball (ACTION_MOVE): 0:(4.0,-4.0)
:Sending Trackball (ACTION_MOVE): 0:(3.0,1.0)
:Sending Trackball (ACTION_MOVE): 0:(-1.0,-5.0)
:Sending Trackball (ACTION_MOVE): 0:(1.0,0.0)
:Sending Trackball (ACTION_MOVE): 0:(-4.0,2.0)
:Sending Trackball (ACTION_MOVE): 0:(4.0,-4.0)
:Sending Trackball (ACTION_MOVE): 0:(-2.0,-2.0)
:Sending Trackball (ACTION_MOVE): 0:(2.0,-5.0)
:Sending Trackball (ACTION_MOVE): 0:(-5.0,2.0)
:Sending Trackball (ACTION_MOVE): 0:(0.0,-1.0)
:Sending Trackball (ACTION_MOVE): 0:(-4.0,-1.0)
:Sending Trackball (ACTION_MOVE): 0:(-4.0,3.0)
:Sending Trackball (ACTION_MOVE): 0:(-4.0,1.0)
:Sending Trackball (ACTION_MOVE): 0:(-4.0,-3.0)
:Sending Trackball (ACTION_MOVE): 0:(-3.0,4.0)
:Sending Trackball (ACTION_MOVE): 0:(3.0,-2.0)
:Sending Trackball (ACTION_DOWN): 0:(0.0,0.0)
:Sending Trackball (ACTION_UP): 0:(0.0,0.0)
Sleeping for 500 milliseconds
:Sending Touch (ACTION_DOWN): 0:(320.0,1449.0)
:Sending Touch (ACTION_MOVE): 0:(320.8649,1450.2247)
:Sending Touch (ACTION_MOVE): 0:(321.47983,1454.3682)
:Sending Touch (ACTION_MOVE): 0:(323.62952,1459.101)
:Sending Touch (ACTION_UP): 0:(324.99512,1459.2751)
Sleeping for 500 milliseconds
:Sending Key (ACTION_DOWN): 23    // KEYCODE_DPAD_CENTER
:Sending Key (ACTION_UP): 23    // KEYCODE_DPAD_CENTER
Sleeping for 500 milliseconds
:Sending Touch (ACTION_DOWN): 0:(340.0,160.0)
:Sending Touch (ACTION_UP): 0:(345.57047,169.66696)
Sleeping for 500 milliseconds
:Sending Trackball (ACTION_MOVE): 0:(-4.0,-4.0)
:Sending Trackball (ACTION_MOVE): 0:(-3.0,-5.0)
:Sending Trackball (ACTION_MOVE): 0:(-3.0,1.0)
:Sending Trackball (ACTION_MOVE): 0:(-2.0,0.0)
:Sending Trackball (ACTION_MOVE): 0:(4.0,-3.0)
:Sending Trackball (ACTION_MOVE): 0:(3.0,0.0)
:Sending Trackball (ACTION_MOVE): 0:(1.0,-4.0)
:Sending Trackball (ACTION_MOVE): 0:(4.0,0.0)
:Sending Trackball (ACTION_MOVE): 0:(-3.0,0.0)
:Sending Trackball (ACTION_MOVE): 0:(2.0,-3.0)
:Sending Trackball (ACTION_MOVE): 0:(-2.0,-2.0)
:Sending Trackball (ACTION_MOVE): 0:(0.0,-3.0)
:Sending Trackball (ACTION_MOVE): 0:(-3.0,3.0)
:Sending Trackball (ACTION_MOVE): 0:(-4.0,-2.0)
:Sending Trackball (ACTION_MOVE): 0:(-1.0,4.0)
:Sending Trackball (ACTION_MOVE): 0:(-3.0,-2.0)
:Sending Trackball (ACTION_MOVE): 0:(2.0,0.0)
:Sending Trackball (ACTION_MOVE): 0:(3.0,1.0)
:Sending Trackball (ACTION_MOVE): 0:(-3.0,3.0)
:Sending Trackball (ACTION_MOVE): 0:(-5.0,1.0)
:Sending Trackball (ACTION_MOVE): 0:(1.0,3.0)
:Sending Trackball (ACTION_MOVE): 0:(-3.0,-3.0)
:Sending Trackball (ACTION_MOVE): 0:(-3.0,-2.0)
:Sending Trackball (ACTION_MOVE): 0:(3.0,-4.0)
:Sending Trackball (ACTION_MOVE): 0:(-4.0,-3.0)
:Sending Trackball (ACTION_MOVE): 0:(0.0,4.0)
:Sending Trackball (ACTION_MOVE): 0:(-3.0,-2.0)
:Sending Trackball (ACTION_MOVE): 0:(-1.0,-1.0)
:Sending Trackball (ACTION_MOVE): 0:(-4.0,1.0)
:Sending Trackball (ACTION_MOVE): 0:(1.0,-2.0)
:Sending Touch (ACTION_DOWN): 0:(969.0,1186.0)
:Sending Touch (ACTION_UP): 0:(958.09186,1186.2013)
Sleeping for 500 milliseconds
:Sending Key (ACTION_DOWN): 257    // KEYCODE_TV_MEDIA_CONTEXT_MENU
:Sending Key (ACTION_UP): 257    // KEYCODE_TV_MEDIA_CONTEXT_MENU
Sleeping for 500 milliseconds
:Sending Touch (ACTION_DOWN): 0:(270.0,7.0)
:Sending Touch (ACTION_MOVE): 0:(274.75705,0.0)
:Sending Touch (ACTION_MOVE): 0:(276.0044,0.0)
:Sending Touch (ACTION_MOVE): 0:(281.80435,0.0)
:Sending Touch (ACTION_MOVE): 0:(284.93805,0.0)
:Sending Touch (ACTION_MOVE): 0:(290.28268,0.0)
Events injected: 500
:Sending rotation degree=0, persist=false
:Dropped: keys=0 pointers=0 trackballs=0 flips=0 rotations=0
## Network stats: elapsed time=43076ms (0ms mobile, 0ms wifi, 43076ms not connected)
// Monkey finished
