:Monkey: seed=1663657010163 count=50000
:AllowPackage: com.litatom.app
:IncludeCategory: android.intent.category.LAUNCHER
:IncludeCategory: android.intent.category.MONKEY
// Selecting main activities from category android.intent.category.LAUNCHER
//   - NOT USING main activity com.google.android.apps.chrome.Main (from package com.android.chrome)
//   - NOT USING main activity com.android.contacts.activities.PeopleActivity (from package com.android.contacts)
//   - NOT USING main activity com.android.gallery3d.app.GalleryActivity (from package com.android.gallery3d)
//   - NOT USING main activity com.android.settings.Settings (from package com.android.settings)
//   - NOT USING main activity com.cyanogenmod.filemanager.activities.NavigationActivity (from package com.cyanogenmod.filemanager)
//   - NOT USING main activity com.android.documentsui.LauncherActivity (from package com.android.documentsui)
//   - NOT USING main activity com.android.flysilkworm.app.activity.FrameworkActivity (from package com.android.flysilkworm)
//   - NOT USING main activity ldmnq.ldapp.MainActivity (from package com.android.googleinstaller)
//   + Using main activity com.lit.app.ui.SplashActivity (from package com.litatom.app)
// Selecting main activities from category android.intent.category.MONKEY
//   - NOT USING main activity com.android.launcher3.Launcher (from package com.android.launcher3)
//   - NOT USING main activity com.android.settings.Settings$RunningServicesActivity (from package com.android.settings)
//   - NOT USING main activity com.android.settings.Settings$StorageUseActivity (from package com.android.settings)
// Seeded: 1663657010163
// Event percentages:
//   0: 15.0%
//   1: 10.0%
//   2: 2.0%
//   3: 15.0%
//   4: -0.0%
//   5: -0.0%
//   6: 25.0%
//   7: 15.0%
//   8: 2.0%
//   9: 2.0%
//   10: 1.0%
//   11: 13.0%
:Switch: #Intent;action=android.intent.action.MAIN;category=android.intent.category.LAUNCHER;launchFlags=0x10200000;component=com.litatom.app/com.lit.app.ui.SplashActivity;end
    // Allowing start of Intent { act=android.intent.action.MAIN cat=[android.intent.category.LAUNCHER] cmp=com.litatom.app/com.lit.app.ui.SplashActivity } in package com.litatom.app
Sleeping for 500 milliseconds
:Sending Touch (ACTION_DOWN): 0:(866.0,255.0)
:Sending Touch (ACTION_MOVE): 0:(867.21564,242.45535)
:Sending Touch (ACTION_MOVE): 0:(869.006,238.33488)
:Sending Touch (ACTION_MOVE): 0:(870.5109,230.87881)
:Sending Touch (ACTION_UP): 0:(872.16833,227.18828)
Sleeping for 500 milliseconds
:Sending Key (ACTION_DOWN): 21    // KEYCODE_DPAD_LEFT
:Sending Key (ACTION_UP): 21    // KEYCODE_DPAD_LEFT
Sleeping for 500 milliseconds
    // Allowing start of Intent { act=android.intent.action.MAIN cat=[android.intent.category.LAUNCHER] cmp=com.litatom.app/com.lit.app.ui.SplashActivity } in package com.litatom.app
:Sending Trackball (ACTION_MOVE): 0:(1.0,-3.0)
:Sending Trackball (ACTION_MOVE): 0:(0.0,2.0)
:Sending Trackball (ACTION_MOVE): 0:(0.0,-4.0)
:Sending Trackball (ACTION_MOVE): 0:(-4.0,-1.0)
:Sending Trackball (ACTION_MOVE): 0:(-1.0,2.0)
:Sending Trackball (ACTION_MOVE): 0:(4.0,-4.0)
:Sending Trackball (ACTION_MOVE): 0:(1.0,-5.0)
:Sending Trackball (ACTION_MOVE): 0:(-3.0,4.0)
:Sending Trackball (ACTION_MOVE): 0:(1.0,4.0)
:Sending Trackball (ACTION_MOVE): 0:(-2.0,2.0)
:Sending Trackball (ACTION_DOWN): 0:(0.0,0.0)
:Sending Trackball (ACTION_UP): 0:(0.0,0.0)
Sleeping for 500 milliseconds
:Sending Key (ACTION_DOWN): 22    // KEYCODE_DPAD_RIGHT
:Sending Key (ACTION_UP): 22    // KEYCODE_DPAD_RIGHT
Sleeping for 500 milliseconds
:Sending Key (ACTION_DOWN): 82    // KEYCODE_MENU
:Sending Key (ACTION_UP): 82    // KEYCODE_MENU
Sleeping for 500 milliseconds
:Sending Key (ACTION_DOWN): 19    // KEYCODE_DPAD_UP
:Sending Key (ACTION_UP): 19    // KEYCODE_DPAD_UP
Sleeping for 500 milliseconds
:Sending Key (ACTION_DOWN): 22    // KEYCODE_DPAD_RIGHT
:Sending Key (ACTION_UP): 22    // KEYCODE_DPAD_RIGHT
Sleeping for 500 milliseconds
:Sending Key (ACTION_DOWN): 19    // KEYCODE_DPAD_UP
:Sending Key (ACTION_UP): 19    // KEYCODE_DPAD_UP
Sleeping for 500 milliseconds
:Sending Key (ACTION_DOWN): 82    // KEYCODE_MENU
:Sending Key (ACTION_UP): 82    // KEYCODE_MENU
Sleeping for 500 milliseconds
:Sending Key (ACTION_DOWN): 82    // KEYCODE_MENU
:Sending Key (ACTION_UP): 82    // KEYCODE_MENU
Sleeping for 500 milliseconds
:Sending Key (ACTION_DOWN): 20    // KEYCODE_DPAD_DOWN
:Sending Key (ACTION_UP): 20    // KEYCODE_DPAD_DOWN
Sleeping for 500 milliseconds
:Sending Touch (ACTION_DOWN): 0:(941.0,994.0)
:Sending Touch (ACTION_MOVE): 0:(944.0608,1000.71)
:Sending Touch (ACTION_MOVE): 0:(947.54126,1006.6299)
:Sending Touch (ACTION_MOVE): 0:(949.80804,1014.5897)
:Sending Touch (ACTION_MOVE): 0:(950.4419,1028.2076)
:Sending Touch (ACTION_MOVE): 0:(953.7563,1041.3446)
:Sending Touch (ACTION_MOVE): 0:(954.5601,1057.6675)
:Sending Touch (ACTION_UP): 0:(955.92444,1072.0859)
Sleeping for 500 milliseconds
:Sending Key (ACTION_DOWN): 22    // KEYCODE_DPAD_RIGHT
:Sending Key (ACTION_UP): 22    // KEYCODE_DPAD_RIGHT
Sleeping for 500 milliseconds
    // Allowing start of Intent { cmp=com.litatom.app/com.lit.app.ui.me.UserDetailActivity } in package com.litatom.app
:Sending Key (ACTION_DOWN): 39    // KEYCODE_K
:Sending Key (ACTION_UP): 39    // KEYCODE_K
Sleeping for 500 milliseconds
:Switch: #Intent;action=android.intent.action.MAIN;category=android.intent.category.LAUNCHER;launchFlags=0x10200000;component=com.litatom.app/com.lit.app.ui.SplashActivity;end
    // Allowing start of Intent { act=android.intent.action.MAIN cat=[android.intent.category.LAUNCHER] cmp=com.litatom.app/com.lit.app.ui.SplashActivity } in package com.litatom.app
Sleeping for 500 milliseconds
:Sending Key (ACTION_DOWN): 169    // KEYCODE_ZOOM_OUT
:Sending Key (ACTION_UP): 169    // KEYCODE_ZOOM_OUT
Sleeping for 500 milliseconds
:Sending Key (ACTION_DOWN): 103    // KEYCODE_BUTTON_R1
:Sending Key (ACTION_UP): 103    // KEYCODE_BUTTON_R1
Sleeping for 500 milliseconds
:Sending Touch (ACTION_DOWN): 0:(905.0,793.0)
:Sending Touch (ACTION_MOVE): 0:(907.37213,787.2617)
:Sending Touch (ACTION_MOVE): 0:(907.8791,781.01855)
:Sending Touch (ACTION_MOVE): 0:(910.27356,780.4485)
:Sending Touch (ACTION_MOVE): 0:(910.9347,774.0986)
:Sending Touch (ACTION_MOVE): 0:(913.67694,757.09235)
:Sending Touch (ACTION_MOVE): 0:(913.9224,748.2933)
:Sending Touch (ACTION_UP): 0:(916.6598,747.49194)
Sleeping for 500 milliseconds
    // Allowing start of Intent { cmp=com.litatom.app/com.lit.app.ui.chat.ChatActivity } in package com.litatom.app
:Sending Key (ACTION_DOWN): 21    // KEYCODE_DPAD_LEFT
:Sending Key (ACTION_UP): 21    // KEYCODE_DPAD_LEFT
Sleeping for 500 milliseconds
:Sending Key (ACTION_DOWN): 20    // KEYCODE_DPAD_DOWN
:Sending Key (ACTION_UP): 20    // KEYCODE_DPAD_DOWN
Sleeping for 500 milliseconds
:Sending Touch (ACTION_DOWN): 0:(397.0,1271.0)
:Sending Touch (ACTION_UP): 0:(394.21793,1285.0795)
Sleeping for 500 milliseconds
    // Allowing start of Intent { cmp=com.litatom.app/com.lit.app.ui.feed.DetailsActivity } in package com.litatom.app
:Sending Key (ACTION_DOWN): 20    // KEYCODE_DPAD_DOWN
:Sending Key (ACTION_UP): 20    // KEYCODE_DPAD_DOWN
Sleeping for 500 milliseconds
:Sending Key (ACTION_DOWN): 163    // KEYCODE_NUMPAD_RIGHT_PAREN
:Sending Key (ACTION_UP): 163    // KEYCODE_NUMPAD_RIGHT_PAREN
Sleeping for 500 milliseconds
:Sending Key (ACTION_DOWN): 20    // KEYCODE_DPAD_DOWN
:Sending Key (ACTION_UP): 20    // KEYCODE_DPAD_DOWN
Sleeping for 500 milliseconds
:Sending Touch (ACTION_DOWN): 0:(621.0,1609.0)
:Sending Touch (ACTION_UP): 0:(621.05646,1609.5288)
Sleeping for 500 milliseconds
    // Allowing start of Intent { cmp=com.litatom.app/com.lit.app.party.PartyChatActivity } in package com.litatom.app
:Sending Key (ACTION_DOWN): 22    // KEYCODE_DPAD_RIGHT
:Sending Key (ACTION_UP): 22    // KEYCODE_DPAD_RIGHT
Sleeping for 500 milliseconds
:Sending Key (ACTION_DOWN): 21    // KEYCODE_DPAD_LEFT
:Sending Key (ACTION_UP): 21    // KEYCODE_DPAD_LEFT
Sleeping for 500 milliseconds
:Sending Flip keyboardOpen=false
Sleeping for 500 milliseconds
:Sending Key (ACTION_DOWN): 23    // KEYCODE_DPAD_CENTER
:Sending Key (ACTION_UP): 23    // KEYCODE_DPAD_CENTER
Sleeping for 500 milliseconds
:Sending Key (ACTION_DOWN): 20    // KEYCODE_DPAD_DOWN
:Sending Key (ACTION_UP): 20    // KEYCODE_DPAD_DOWN
Sleeping for 500 milliseconds
:Sending Trackball (ACTION_MOVE): 0:(3.0,-3.0)
:Sending Trackball (ACTION_MOVE): 0:(-1.0,-5.0)
:Sending Trackball (ACTION_MOVE): 0:(2.0,1.0)
:Sending Trackball (ACTION_MOVE): 0:(2.0,2.0)
:Sending Trackball (ACTION_MOVE): 0:(2.0,-1.0)
:Sending Trackball (ACTION_MOVE): 0:(-2.0,1.0)
:Sending Trackball (ACTION_MOVE): 0:(2.0,-1.0)
:Sending Trackball (ACTION_MOVE): 0:(3.0,0.0)
:Sending Trackball (ACTION_MOVE): 0:(4.0,-5.0)
:Sending Trackball (ACTION_MOVE): 0:(-3.0,4.0)
:Sending Trackball (ACTION_MOVE): 0:(3.0,-1.0)
:Sending Trackball (ACTION_MOVE): 0:(4.0,4.0)
:Sending Trackball (ACTION_MOVE): 0:(-1.0,-3.0)
:Sending Trackball (ACTION_MOVE): 0:(-4.0,4.0)
:Sending Trackball (ACTION_MOVE): 0:(4.0,1.0)
:Sending Trackball (ACTION_MOVE): 0:(-5.0,-1.0)
    //[calendar_time:2022-09-19 17:16:10.894  system_uptime:1839730]
    // Sending event #100
:Sending Trackball (ACTION_MOVE): 0:(-4.0,2.0)
:Sending Trackball (ACTION_MOVE): 0:(3.0,1.0)
:Sending Trackball (ACTION_MOVE): 0:(4.0,-3.0)
:Sending Trackball (ACTION_MOVE): 0:(-2.0,3.0)
:Sending Touch (ACTION_DOWN): 0:(872.0,1834.0)
:Sending Touch (ACTION_MOVE): 0:(887.06586,1836.0226)
:Sending Touch (ACTION_MOVE): 0:(893.70746,1846.7871)
:Sending Touch (ACTION_UP): 0:(901.2794,1857.7831)
Sleeping for 500 milliseconds
:Sending Key (ACTION_DOWN): 23    // KEYCODE_DPAD_CENTER
:Sending Key (ACTION_UP): 23    // KEYCODE_DPAD_CENTER
Sleeping for 500 milliseconds
:Sending Key (ACTION_DOWN): 20    // KEYCODE_DPAD_DOWN
:Sending Key (ACTION_UP): 20    // KEYCODE_DPAD_DOWN
Sleeping for 500 milliseconds
:Sending Key (ACTION_DOWN): 19    // KEYCODE_DPAD_UP
:Sending Key (ACTION_UP): 19    // KEYCODE_DPAD_UP
Sleeping for 500 milliseconds
:Sending Trackball (ACTION_MOVE): 0:(-1.0,2.0)
:Sending Trackball (ACTION_MOVE): 0:(1.0,-2.0)
:Sending Trackball (ACTION_MOVE): 0:(-5.0,3.0)
:Sending Trackball (ACTION_MOVE): 0:(-1.0,4.0)
:Sending Trackball (ACTION_MOVE): 0:(3.0,1.0)
:Sending Trackball (ACTION_MOVE): 0:(0.0,3.0)
:Sending Trackball (ACTION_MOVE): 0:(3.0,0.0)
:Sending Trackball (ACTION_MOVE): 0:(-4.0,0.0)
:Sending Trackball (ACTION_MOVE): 0:(-4.0,2.0)
:Sending Trackball (ACTION_MOVE): 0:(1.0,2.0)
:Sending Key (ACTION_DOWN): 82    // KEYCODE_MENU
:Sending Key (ACTION_UP): 82    // KEYCODE_MENU
Sleeping for 500 milliseconds
:Sending Key (ACTION_DOWN): 23    // KEYCODE_DPAD_CENTER
:Sending Key (ACTION_UP): 23    // KEYCODE_DPAD_CENTER
Sleeping for 500 milliseconds
:Sending Key (ACTION_DOWN): 82    // KEYCODE_MENU
:Sending Key (ACTION_UP): 82    // KEYCODE_MENU
Sleeping for 500 milliseconds
:Sending Key (ACTION_DOWN): 238    // KEYCODE_TV_SATELLITE_BS
:Sending Key (ACTION_UP): 238    // KEYCODE_TV_SATELLITE_BS
Sleeping for 500 milliseconds
