:Monkey: seed=1663750730500 count=50000
:AllowPackage: com.litatom.app
:IncludeCategory: android.intent.category.LAUNCHER
:IncludeCategory: android.intent.category.MONKEY
// Selecting main activities from category android.intent.category.LAUNCHER
//   - NOT USING main activity com.google.android.apps.chrome.Main (from package com.android.chrome)
//   - NOT USING main activity com.android.contacts.activities.PeopleActivity (from package com.android.contacts)
//   - NOT USING main activity com.android.gallery3d.app.GalleryActivity (from package com.android.gallery3d)
//   - NOT USING main activity com.android.settings.Settings (from package com.android.settings)
//   - NOT USING main activity com.cyanogenmod.filemanager.activities.NavigationActivity (from package com.cyanogenmod.filemanager)
//   - NOT USING main activity com.android.documentsui.LauncherActivity (from package com.android.documentsui)
//   - NOT USING main activity com.android.flysilkworm.app.activity.FrameworkActivity (from package com.android.flysilkworm)
//   - NOT USING main activity ldmnq.ldapp.MainActivity (from package com.android.googleinstaller)
//   + Using main activity com.lit.app.ui.SplashActivity (from package com.litatom.app)
// Selecting main activities from category android.intent.category.MONKEY
//   - NOT USING main activity com.android.launcher3.Launcher (from package com.android.launcher3)
//   - NOT USING main activity com.android.settings.Settings$RunningServicesActivity (from package com.android.settings)
//   - NOT USING main activity com.android.settings.Settings$StorageUseActivity (from package com.android.settings)
// Seeded: 1663750730500
// Event percentages:
//   0: 15.0%
//   1: 10.0%
//   2: 2.0%
//   3: 15.0%
//   4: -0.0%
//   5: -0.0%
//   6: 25.0%
//   7: 15.0%
//   8: 2.0%
//   9: 2.0%
//   10: 1.0%
//   11: 13.0%
:Switch: #Intent;action=android.intent.action.MAIN;category=android.intent.category.LAUNCHER;launchFlags=0x10200000;component=com.litatom.app/com.lit.app.ui.SplashActivity;end
    // Allowing start of Intent { act=android.intent.action.MAIN cat=[android.intent.category.LAUNCHER] cmp=com.litatom.app/com.lit.app.ui.SplashActivity } in package com.litatom.app
Sleeping for 500 milliseconds
:Sending Touch (ACTION_DOWN): 0:(457.0,194.0)
:Sending Touch (ACTION_UP): 0:(460.2289,194.14386)
Sleeping for 500 milliseconds
:Sending Touch (ACTION_DOWN): 0:(345.0,932.0)
:Sending Touch (ACTION_UP): 0:(342.076,953.579)
Sleeping for 500 milliseconds
:Sending Key (ACTION_DOWN): 82    // KEYCODE_MENU
:Sending Key (ACTION_UP): 82    // KEYCODE_MENU
Sleeping for 500 milliseconds
:Sending Key (ACTION_DOWN): 82    // KEYCODE_MENU
:Sending Key (ACTION_UP): 82    // KEYCODE_MENU
Sleeping for 500 milliseconds
:Sending Key (ACTION_DOWN): 23    // KEYCODE_DPAD_CENTER
:Sending Key (ACTION_UP): 23    // KEYCODE_DPAD_CENTER
Sleeping for 500 milliseconds
:Sending Key (ACTION_DOWN): 19    // KEYCODE_DPAD_UP
:Sending Key (ACTION_UP): 19    // KEYCODE_DPAD_UP
Sleeping for 500 milliseconds
:Sending Touch (ACTION_DOWN): 0:(874.0,649.0)
:Sending Touch (ACTION_UP): 0:(858.0711,649.67096)
Sleeping for 500 milliseconds
:Sending Key (ACTION_DOWN): 82    // KEYCODE_MENU
:Sending Key (ACTION_UP): 82    // KEYCODE_MENU
Sleeping for 500 milliseconds
:Sending Key (ACTION_DOWN): 24    // KEYCODE_VOLUME_UP
:Sending Key (ACTION_UP): 24    // KEYCODE_VOLUME_UP
Sleeping for 500 milliseconds
:Sending Key (ACTION_DOWN): 20    // KEYCODE_DPAD_DOWN
:Sending Key (ACTION_UP): 20    // KEYCODE_DPAD_DOWN
Sleeping for 500 milliseconds
:Sending Touch (ACTION_DOWN): 0:(516.0,1251.0)
:Sending Touch (ACTION_MOVE): 0:(535.46814,1247.9796)
:Sending Touch (ACTION_UP): 0:(536.6115,1233.6132)
Sleeping for 500 milliseconds
:Sending Touch (ACTION_DOWN): 0:(574.0,235.0)
:Sending Touch (ACTION_UP): 0:(568.08405,235.67935)
Sleeping for 500 milliseconds
:Sending Key (ACTION_DOWN): 19    // KEYCODE_DPAD_UP
:Sending Key (ACTION_UP): 19    // KEYCODE_DPAD_UP
Sleeping for 500 milliseconds
:Sending Key (ACTION_DOWN): 19    // KEYCODE_DPAD_UP
:Sending Key (ACTION_UP): 19    // KEYCODE_DPAD_UP
Sleeping for 500 milliseconds
:Sending Key (ACTION_DOWN): 90    // KEYCODE_MEDIA_FAST_FORWARD
:Sending Key (ACTION_UP): 90    // KEYCODE_MEDIA_FAST_FORWARD
Sleeping for 500 milliseconds
:Sending Key (ACTION_DOWN): 21    // KEYCODE_DPAD_LEFT
:Sending Key (ACTION_UP): 21    // KEYCODE_DPAD_LEFT
Sleeping for 500 milliseconds
:Sending Touch (ACTION_DOWN): 0:(1038.0,975.0)
:Sending Touch (ACTION_UP): 0:(1038.064,970.65796)
Sleeping for 500 milliseconds
:Sending Key (ACTION_DOWN): 22    // KEYCODE_DPAD_RIGHT
:Sending Key (ACTION_UP): 22    // KEYCODE_DPAD_RIGHT
Sleeping for 500 milliseconds
:Sending Key (ACTION_DOWN): 82    // KEYCODE_MENU
:Sending Key (ACTION_UP): 82    // KEYCODE_MENU
Sleeping for 500 milliseconds
:Sending Touch (ACTION_DOWN): 0:(216.0,864.0)
:Sending Touch (ACTION_MOVE): 0:(214.53276,859.0505)
:Sending Touch (ACTION_MOVE): 0:(212.54535,853.5637)
:Sending Touch (ACTION_UP): 0:(212.51045,849.8921)
Sleeping for 500 milliseconds
:Sending Trackball (ACTION_MOVE): 0:(2.0,3.0)
:Sending Trackball (ACTION_MOVE): 0:(-1.0,-5.0)
:Sending Trackball (ACTION_MOVE): 0:(0.0,2.0)
:Sending Trackball (ACTION_MOVE): 0:(-5.0,0.0)
:Sending Trackball (ACTION_MOVE): 0:(-5.0,-1.0)
:Sending Trackball (ACTION_MOVE): 0:(-3.0,-3.0)
:Sending Trackball (ACTION_MOVE): 0:(-1.0,-4.0)
:Sending Trackball (ACTION_MOVE): 0:(4.0,-2.0)
:Sending Trackball (ACTION_MOVE): 0:(1.0,1.0)
:Sending Trackball (ACTION_MOVE): 0:(4.0,-4.0)
:Sending Key (ACTION_DOWN): 23    // KEYCODE_DPAD_CENTER
:Sending Key (ACTION_UP): 23    // KEYCODE_DPAD_CENTER
Sleeping for 500 milliseconds
:Sending Key (ACTION_DOWN): 227    // KEYCODE_11
:Sending Key (ACTION_UP): 227    // KEYCODE_11
Sleeping for 500 milliseconds
:Sending Key (ACTION_DOWN): 4    // KEYCODE_BACK
:Sending Key (ACTION_UP): 4    // KEYCODE_BACK
Sleeping for 500 milliseconds
:Sending Trackball (ACTION_MOVE): 0:(1.0,-4.0)
:Sending Trackball (ACTION_MOVE): 0:(3.0,-4.0)
:Sending Trackball (ACTION_MOVE): 0:(-1.0,1.0)
:Sending Trackball (ACTION_MOVE): 0:(0.0,2.0)
:Sending Trackball (ACTION_MOVE): 0:(-4.0,-5.0)
:Sending Trackball (ACTION_MOVE): 0:(1.0,1.0)
:Sending Trackball (ACTION_MOVE): 0:(-5.0,-4.0)
:Sending Trackball (ACTION_MOVE): 0:(-3.0,1.0)
:Sending Trackball (ACTION_MOVE): 0:(-4.0,-1.0)
:Sending Trackball (ACTION_MOVE): 0:(-2.0,1.0)
:Sending Trackball (ACTION_MOVE): 0:(-3.0,0.0)
:Sending Trackball (ACTION_MOVE): 0:(1.0,2.0)
:Sending Trackball (ACTION_MOVE): 0:(4.0,-1.0)
:Sending Trackball (ACTION_MOVE): 0:(2.0,-3.0)
:Sending Trackball (ACTION_MOVE): 0:(2.0,4.0)
:Sending Trackball (ACTION_MOVE): 0:(-5.0,-3.0)
:Sending Trackball (ACTION_MOVE): 0:(0.0,-2.0)
:Sending Trackball (ACTION_MOVE): 0:(0.0,3.0)
:Sending Trackball (ACTION_MOVE): 0:(4.0,-1.0)
:Sending Trackball (ACTION_MOVE): 0:(4.0,2.0)
:Sending Key (ACTION_DOWN): 82    // KEYCODE_MENU
:Sending Key (ACTION_UP): 82    // KEYCODE_MENU
Sleeping for 500 milliseconds
:Sending Key (ACTION_DOWN): 82    // KEYCODE_MENU
:Sending Key (ACTION_UP): 82    // KEYCODE_MENU
Sleeping for 500 milliseconds
:Sending Key (ACTION_DOWN): 19    // KEYCODE_DPAD_UP
:Sending Key (ACTION_UP): 19    // KEYCODE_DPAD_UP
Sleeping for 500 milliseconds
:Sending Touch (ACTION_DOWN): 0:(1020.0,1505.0)
:Sending Touch (ACTION_MOVE): 0:(1012.4502,1520.6853)
:Sending Touch (ACTION_MOVE): 0:(1008.98846,1534.3905)
:Sending Touch (ACTION_MOVE): 0:(1006.2794,1549.8027)
:Sending Touch (ACTION_MOVE): 0:(1004.3798,1556.2703)
:Sending Touch (ACTION_MOVE): 0:(996.4675,1570.0415)
:Sending Touch (ACTION_MOVE): 0:(986.17194,1579.4979)
:Sending Touch (ACTION_MOVE): 0:(977.1597,1591.0973)
:Sending Touch (ACTION_MOVE): 0:(974.6793,1604.4742)
:Sending Touch (ACTION_UP): 0:(971.18445,1617.1473)
Sleeping for 500 milliseconds
:Sending Key (ACTION_DOWN): 82    // KEYCODE_MENU
:Sending Key (ACTION_UP): 82    // KEYCODE_MENU
Sleeping for 500 milliseconds
:Sending Key (ACTION_DOWN): 22    // KEYCODE_DPAD_RIGHT
:Sending Key (ACTION_UP): 22    // KEYCODE_DPAD_RIGHT
    //[calendar_time:2022-09-19 16:11:27.182  system_uptime:17133915]
    // Sending event #100
Sleeping for 500 milliseconds
    //[calendar_time:2022-09-19 16:11:27.684  system_uptime:17134416]
    // Sending event #100
:Sending Key (ACTION_DOWN): 82    // KEYCODE_MENU
:Sending Key (ACTION_UP): 82    // KEYCODE_MENU
Sleeping for 500 milliseconds
:Sending Key (ACTION_DOWN): 21    // KEYCODE_DPAD_LEFT
:Sending Key (ACTION_UP): 21    // KEYCODE_DPAD_LEFT
Sleeping for 500 milliseconds
:Sending Touch (ACTION_DOWN): 0:(644.0,788.0)
:Sending Touch (ACTION_MOVE): 0:(641.7928,777.3747)
:Sending Touch (ACTION_MOVE): 0:(639.39966,764.9424)
:Sending Touch (ACTION_MOVE): 0:(634.2974,751.7083)
:Sending Touch (ACTION_MOVE): 0:(632.5578,748.339)
:Sending Touch (ACTION_MOVE): 0:(622.63947,747.0689)
:Sending Touch (ACTION_MOVE): 0:(613.1919,738.5568)
:Sending Touch (ACTION_UP): 0:(605.44775,734.3839)
Sleeping for 500 milliseconds
:Sending Key (ACTION_DOWN): 23    // KEYCODE_DPAD_CENTER
:Sending Key (ACTION_UP): 23    // KEYCODE_DPAD_CENTER
Sleeping for 500 milliseconds
:Sending Touch (ACTION_DOWN): 0:(786.0,1619.0)
:Sending Touch (ACTION_UP): 0:(795.67444,1624.535)
Sleeping for 500 milliseconds
:Sending Touch (ACTION_DOWN): 0:(474.0,330.0)
:Sending Touch (ACTION_MOVE): 0:(473.0451,326.86353)
:Sending Touch (ACTION_MOVE): 0:(469.47214,324.81726)
:Sending Touch (ACTION_MOVE): 0:(466.45416,324.7645)
:Sending Touch (ACTION_MOVE): 0:(465.62766,318.11832)
:Sending Touch (ACTION_UP): 0:(462.08014,316.99872)
Sleeping for 500 milliseconds
:Sending Trackball (ACTION_MOVE): 0:(-5.0,-3.0)
:Sending Trackball (ACTION_MOVE): 0:(-1.0,-5.0)
:Sending Trackball (ACTION_MOVE): 0:(-2.0,-5.0)
:Sending Trackball (ACTION_MOVE): 0:(3.0,-2.0)
:Sending Trackball (ACTION_MOVE): 0:(-1.0,2.0)
:Sending Trackball (ACTION_MOVE): 0:(-3.0,-1.0)
:Sending Trackball (ACTION_MOVE): 0:(-4.0,0.0)
:Sending Trackball (ACTION_MOVE): 0:(-4.0,2.0)
:Sending Trackball (ACTION_MOVE): 0:(-1.0,4.0)
:Sending Trackball (ACTION_MOVE): 0:(-3.0,-1.0)
:Sending Key (ACTION_DOWN): 21    // KEYCODE_DPAD_LEFT
:Sending Key (ACTION_UP): 21    // KEYCODE_DPAD_LEFT
Sleeping for 500 milliseconds
:Sending Touch (ACTION_DOWN): 0:(840.0,1733.0)
:Sending Touch (ACTION_UP): 0:(838.6787,1717.7277)
Sleeping for 500 milliseconds
:Sending Touch (ACTION_DOWN): 0:(150.0,1612.0)
:Sending Touch (ACTION_UP): 0:(157.1533,1625.773)
Sleeping for 500 milliseconds
:Sending Key (ACTION_DOWN): 20    // KEYCODE_DPAD_DOWN
:Sending Key (ACTION_UP): 20    // KEYCODE_DPAD_DOWN
Sleeping for 500 milliseconds
:Sending Key (ACTION_DOWN): 23    // KEYCODE_DPAD_CENTER
:Sending Key (ACTION_UP): 23    // KEYCODE_DPAD_CENTER
Sleeping for 500 milliseconds
:Sending Key (ACTION_DOWN): 67    // KEYCODE_DEL
:Sending Key (ACTION_UP): 67    // KEYCODE_DEL
Sleeping for 500 milliseconds
:Sending Key (ACTION_DOWN): 20    // KEYCODE_DPAD_DOWN
:Sending Key (ACTION_UP): 20    // KEYCODE_DPAD_DOWN
Sleeping for 500 milliseconds
:Sending Trackball (ACTION_MOVE): 0:(-2.0,1.0)
:Sending Trackball (ACTION_MOVE): 0:(2.0,0.0)
:Sending Trackball (ACTION_MOVE): 0:(-1.0,1.0)
:Sending Trackball (ACTION_MOVE): 0:(-3.0,-4.0)
:Sending Trackball (ACTION_MOVE): 0:(3.0,-1.0)
:Sending Trackball (ACTION_MOVE): 0:(0.0,0.0)
:Sending Trackball (ACTION_MOVE): 0:(-1.0,4.0)
:Sending Trackball (ACTION_MOVE): 0:(-1.0,-4.0)
:Sending Trackball (ACTION_MOVE): 0:(1.0,-3.0)
:Sending Trackball (ACTION_MOVE): 0:(1.0,3.0)
:Sending Key (ACTION_DOWN): 22    // KEYCODE_DPAD_RIGHT
:Sending Key (ACTION_UP): 22    // KEYCODE_DPAD_RIGHT
Sleeping for 500 milliseconds
:Sending Touch (ACTION_DOWN): 0:(1022.0,1379.0)
:Sending Touch (ACTION_UP): 0:(1032.371,1379.6976)
Sleeping for 500 milliseconds
:Sending Key (ACTION_DOWN): 123    // KEYCODE_MOVE_END
:Sending Key (ACTION_UP): 123    // KEYCODE_MOVE_END
Sleeping for 500 milliseconds
:Sending Touch (ACTION_DOWN): 0:(912.0,1543.0)
:Sending Touch (ACTION_MOVE): 0:(913.4155,1543.2856)
:Sending Touch (ACTION_UP): 0:(917.079,1543.3318)
Sleeping for 500 milliseconds
:Sending Touch (ACTION_DOWN): 0:(942.0,1915.0)
:Sending Touch (ACTION_MOVE): 0:(943.20807,1916.2338)
:Sending Touch (ACTION_MOVE): 0:(944.7436,1916.7369)
:Sending Touch (ACTION_MOVE): 0:(946.20514,1920.0)
:Sending Touch (ACTION_MOVE): 0:(947.9414,1920.0)
:Sending Touch (ACTION_UP): 0:(948.73895,1920.0)
Sleeping for 500 milliseconds
:Sending Key (ACTION_DOWN): 138    // KEYCODE_F8
:Sending Key (ACTION_UP): 138    // KEYCODE_F8
Sleeping for 500 milliseconds
:Sending Key (ACTION_DOWN): 262    // KEYCODE_NAVIGATE_IN
:Sending Key (ACTION_UP): 262    // KEYCODE_NAVIGATE_IN
Sleeping for 500 milliseconds
:Sending Touch (ACTION_DOWN): 0:(859.0,30.0)
:Sending Touch (ACTION_UP): 0:(860.22253,28.305174)
Sleeping for 500 milliseconds
:Sending Key (ACTION_DOWN): 20    // KEYCODE_DPAD_DOWN
:Sending Key (ACTION_UP): 20    // KEYCODE_DPAD_DOWN
Sleeping for 500 milliseconds
:Switch: #Intent;action=android.intent.action.MAIN;category=android.intent.category.LAUNCHER;launchFlags=0x10200000;component=com.litatom.app/com.lit.app.ui.SplashActivity;end
    // Allowing start of Intent { act=android.intent.action.MAIN cat=[android.intent.category.LAUNCHER] cmp=com.litatom.app/com.lit.app.ui.SplashActivity } in package com.litatom.app
Sleeping for 500 milliseconds
:Sending Key (ACTION_DOWN): 21    // KEYCODE_DPAD_LEFT
:Sending Key (ACTION_UP): 21    // KEYCODE_DPAD_LEFT
Sleeping for 500 milliseconds
:Sending Trackball (ACTION_MOVE): 0:(-4.0,2.0)
:Sending Trackball (ACTION_MOVE): 0:(1.0,-1.0)
:Sending Trackball (ACTION_MOVE): 0:(-5.0,4.0)
:Sending Trackball (ACTION_MOVE): 0:(-5.0,1.0)
:Sending Trackball (ACTION_MOVE): 0:(-4.0,-4.0)
:Sending Trackball (ACTION_MOVE): 0:(-1.0,0.0)
:Sending Trackball (ACTION_MOVE): 0:(4.0,0.0)
:Sending Trackball (ACTION_MOVE): 0:(-1.0,-1.0)
:Sending Trackball (ACTION_MOVE): 0:(0.0,2.0)
:Sending Trackball (ACTION_MOVE): 0:(-3.0,4.0)
:Sending Trackball (ACTION_DOWN): 0:(0.0,0.0)
:Sending Trackball (ACTION_UP): 0:(0.0,0.0)
Sleeping for 500 milliseconds
:Sending Touch (ACTION_DOWN): 0:(405.0,1369.0)
:Sending Touch (ACTION_UP): 0:(400.34183,1363.2809)
Sleeping for 500 milliseconds
:Sending Touch (ACTION_DOWN): 0:(985.0,1540.0)
:Sending Touch (ACTION_POINTER_DOWN 1): 0:(982.357,1541.1155) 1:(904.0,1425.0)
:Sending Touch (ACTION_MOVE): 0:(977.9653,1542.9893) 1:(903.9959,1433.0188)
:Sending Touch (ACTION_MOVE): 0:(974.7574,1544.3987) 1:(901.74774,1443.4772)
    //[calendar_time:2022-09-19 16:11:41.110  system_uptime:17147842]
    // Sending event #200
:Sending Touch (ACTION_MOVE): 0:(974.66315,1547.9387) 1:(897.5609,1456.1992)
:Sending Touch (ACTION_MOVE): 0:(970.38385,1550.8187) 1:(891.99133,1459.4176)
:Sending Touch (ACTION_MOVE): 0:(966.70154,1551.1058) 1:(889.9431,1460.0558)
:Sending Touch (ACTION_MOVE): 0:(963.63635,1552.5922) 1:(885.34656,1469.387)
:Sending Touch (ACTION_POINTER_UP 1): 0:(961.2862,1557.929) 1:(879.6163,1472.0428)
:Sending Touch (ACTION_UP): 0:(957.00916,1561.0371)
Sleeping for 500 milliseconds
:Sending Touch (ACTION_DOWN): 0:(922.0,1251.0)
:Sending Touch (ACTION_MOVE): 0:(916.47894,1252.6656)
:Sending Touch (ACTION_MOVE): 0:(908.12946,1253.9504)
:Sending Touch (ACTION_MOVE): 0:(902.8183,1254.3115)
:Sending Touch (ACTION_MOVE): 0:(897.8865,1263.8696)
:Sending Touch (ACTION_MOVE): 0:(889.6815,1271.0192)
:Sending Touch (ACTION_MOVE): 0:(889.41034,1277.4938)
:Sending Touch (ACTION_MOVE): 0:(887.47156,1279.6045)
:Sending Touch (ACTION_MOVE): 0:(879.444,1279.7592)
:Sending Touch (ACTION_UP): 0:(875.6378,1281.3835)
Sleeping for 500 milliseconds
:Sending Key (ACTION_DOWN): 19    // KEYCODE_DPAD_UP
:Sending Key (ACTION_UP): 19    // KEYCODE_DPAD_UP
Sleeping for 500 milliseconds
:Sending Key (ACTION_DOWN): 23    // KEYCODE_DPAD_CENTER
:Sending Key (ACTION_UP): 23    // KEYCODE_DPAD_CENTER
Sleeping for 500 milliseconds
:Sending Touch (ACTION_DOWN): 0:(257.0,1267.0)
:Sending Touch (ACTION_UP): 0:(264.01468,1265.1465)
Sleeping for 500 milliseconds
:Sending Key (ACTION_DOWN): 138    // KEYCODE_F8
:Sending Key (ACTION_UP): 138    // KEYCODE_F8
Sleeping for 500 milliseconds
:Sending Touch (ACTION_DOWN): 0:(975.0,733.0)
:Sending Touch (ACTION_MOVE): 0:(982.2885,726.89667)
:Sending Touch (ACTION_MOVE): 0:(985.9405,721.0187)
:Sending Touch (ACTION_MOVE): 0:(989.946,716.03253)
:Sending Touch (ACTION_MOVE): 0:(998.58966,714.2387)
:Sending Touch (ACTION_MOVE): 0:(1001.8988,708.0766)
:Sending Touch (ACTION_MOVE): 0:(1009.1831,705.6045)
:Sending Touch (ACTION_MOVE): 0:(1016.6904,703.0755)
:Sending Touch (ACTION_UP): 0:(1022.48254,701.6596)
Sleeping for 500 milliseconds
:Sending Key (ACTION_DOWN): 22    // KEYCODE_DPAD_RIGHT
:Sending Key (ACTION_UP): 22    // KEYCODE_DPAD_RIGHT
Sleeping for 500 milliseconds
:Sending Key (ACTION_DOWN): 23    // KEYCODE_DPAD_CENTER
:Sending Key (ACTION_UP): 23    // KEYCODE_DPAD_CENTER
Sleeping for 500 milliseconds
:Sending Touch (ACTION_DOWN): 0:(370.0,1691.0)
:Sending Touch (ACTION_UP): 0:(374.48752,1690.6992)
Sleeping for 500 milliseconds
:Sending Trackball (ACTION_MOVE): 0:(4.0,-2.0)
:Sending Trackball (ACTION_MOVE): 0:(4.0,3.0)
:Sending Trackball (ACTION_MOVE): 0:(2.0,-1.0)
:Sending Trackball (ACTION_MOVE): 0:(2.0,-1.0)
:Sending Trackball (ACTION_MOVE): 0:(-5.0,-5.0)
:Sending Trackball (ACTION_MOVE): 0:(1.0,-1.0)
:Sending Trackball (ACTION_MOVE): 0:(1.0,-4.0)
:Sending Trackball (ACTION_MOVE): 0:(0.0,-2.0)
:Sending Trackball (ACTION_MOVE): 0:(2.0,1.0)
:Sending Trackball (ACTION_MOVE): 0:(2.0,2.0)
:Sending Key (ACTION_DOWN): 82    // KEYCODE_MENU
:Sending Key (ACTION_UP): 82    // KEYCODE_MENU
Sleeping for 500 milliseconds
:Sending Trackball (ACTION_MOVE): 0:(-5.0,1.0)
:Sending Trackball (ACTION_MOVE): 0:(3.0,-5.0)
:Sending Trackball (ACTION_MOVE): 0:(-3.0,-4.0)
:Sending Trackball (ACTION_MOVE): 0:(-2.0,-5.0)
:Sending Trackball (ACTION_MOVE): 0:(-3.0,-3.0)
:Sending Trackball (ACTION_MOVE): 0:(-2.0,-5.0)
:Sending Trackball (ACTION_MOVE): 0:(-3.0,2.0)
:Sending Trackball (ACTION_MOVE): 0:(-3.0,4.0)
:Sending Trackball (ACTION_MOVE): 0:(2.0,0.0)
:Sending Trackball (ACTION_MOVE): 0:(3.0,-1.0)
:Sending Key (ACTION_DOWN): 82    // KEYCODE_MENU
:Sending Key (ACTION_UP): 82    // KEYCODE_MENU
Sleeping for 500 milliseconds
:Sending Touch (ACTION_DOWN): 0:(361.0,753.0)
:Sending Touch (ACTION_MOVE): 0:(379.78653,753.2641)
:Sending Touch (ACTION_MOVE): 0:(397.898,753.50574)
:Sending Touch (ACTION_MOVE): 0:(414.11798,753.5219)
:Sending Touch (ACTION_UP): 0:(430.15778,755.2625)
Sleeping for 500 milliseconds
:Sending Key (ACTION_DOWN): 82    // KEYCODE_MENU
    // Allowing start of Intent { act=android.intent.action.MAIN cat=[android.intent.category.LAUNCHER] cmp=com.litatom.app/com.lit.app.ui.SplashActivity } in package com.litatom.app
:Sending Key (ACTION_UP): 82    // KEYCODE_MENU
Sleeping for 500 milliseconds
:Sending Touch (ACTION_DOWN): 0:(403.0,1496.0)
:Sending Touch (ACTION_UP): 0:(400.90442,1473.9015)
Sleeping for 500 milliseconds
:Sending Key (ACTION_DOWN): 22    // KEYCODE_DPAD_RIGHT
:Sending Key (ACTION_UP): 22    // KEYCODE_DPAD_RIGHT
Sleeping for 500 milliseconds
:Sending Key (ACTION_DOWN): 20    // KEYCODE_DPAD_DOWN
:Sending Key (ACTION_UP): 20    // KEYCODE_DPAD_DOWN
Sleeping for 500 milliseconds
:Sending Key (ACTION_DOWN): 22    // KEYCODE_DPAD_RIGHT
:Sending Key (ACTION_UP): 22    // KEYCODE_DPAD_RIGHT
Sleeping for 500 milliseconds
:Sending Key (ACTION_DOWN): 22    // KEYCODE_DPAD_RIGHT
:Sending Key (ACTION_UP): 22    // KEYCODE_DPAD_RIGHT
Sleeping for 500 milliseconds
:Sending Flip keyboardOpen=false
Sleeping for 500 milliseconds
:Sending Key (ACTION_DOWN): 102    // KEYCODE_BUTTON_L1
:Sending Key (ACTION_UP): 102    // KEYCODE_BUTTON_L1
Sleeping for 500 milliseconds
:Sending Key (ACTION_DOWN): 20    // KEYCODE_DPAD_DOWN
:Sending Key (ACTION_UP): 20    // KEYCODE_DPAD_DOWN
Sleeping for 500 milliseconds
:Sending Key (ACTION_DOWN): 19    // KEYCODE_DPAD_UP
:Sending Key (ACTION_UP): 19    // KEYCODE_DPAD_UP
Sleeping for 500 milliseconds
:Sending Key (ACTION_DOWN): 22    // KEYCODE_DPAD_RIGHT
:Sending Key (ACTION_UP): 22    // KEYCODE_DPAD_RIGHT
Sleeping for 500 milliseconds
:Sending Key (ACTION_DOWN): 23    // KEYCODE_DPAD_CENTER
:Sending Key (ACTION_UP): 23    // KEYCODE_DPAD_CENTER
Sleeping for 500 milliseconds
:Sending Key (ACTION_DOWN): 21    // KEYCODE_DPAD_LEFT
:Sending Key (ACTION_UP): 21    // KEYCODE_DPAD_LEFT
Sleeping for 500 milliseconds
:Sending Key (ACTION_DOWN): 132    // KEYCODE_F2
:Sending Key (ACTION_UP): 132    // KEYCODE_F2
Sleeping for 500 milliseconds
:Sending Key (ACTION_DOWN): 198    // KEYCODE_BUTTON_11
:Sending Key (ACTION_UP): 198    // KEYCODE_BUTTON_11
Sleeping for 500 milliseconds
:Sending Trackball (ACTION_MOVE): 0:(-3.0,-1.0)
:Sending Trackball (ACTION_MOVE): 0:(2.0,-2.0)
:Sending Trackball (ACTION_MOVE): 0:(-3.0,4.0)
    //[calendar_time:2022-09-19 16:11:55.663  system_uptime:17162395]
    // Sending event #300
:Sending Trackball (ACTION_MOVE): 0:(2.0,3.0)
:Sending Trackball (ACTION_MOVE): 0:(-5.0,-3.0)
:Sending Trackball (ACTION_MOVE): 0:(-4.0,4.0)
:Sending Trackball (ACTION_MOVE): 0:(3.0,-5.0)
:Sending Trackball (ACTION_MOVE): 0:(-1.0,-5.0)
:Sending Trackball (ACTION_MOVE): 0:(4.0,-5.0)
:Sending Trackball (ACTION_MOVE): 0:(4.0,-3.0)
:Sending Key (ACTION_DOWN): 21    // KEYCODE_DPAD_LEFT
:Sending Key (ACTION_UP): 21    // KEYCODE_DPAD_LEFT
Sleeping for 500 milliseconds
:Sending Key (ACTION_DOWN): 20    // KEYCODE_DPAD_DOWN
:Sending Key (ACTION_UP): 20    // KEYCODE_DPAD_DOWN
Sleeping for 500 milliseconds
:Sending Key (ACTION_DOWN): 20    // KEYCODE_DPAD_DOWN
:Sending Key (ACTION_UP): 20    // KEYCODE_DPAD_DOWN
Sleeping for 500 milliseconds
:Sending Key (ACTION_DOWN): 183    // KEYCODE_PROG_RED
:Sending Key (ACTION_UP): 183    // KEYCODE_PROG_RED
Sleeping for 500 milliseconds
:Sending Key (ACTION_DOWN): 107    // KEYCODE_BUTTON_THUMBR
:Sending Key (ACTION_UP): 107    // KEYCODE_BUTTON_THUMBR
Sleeping for 500 milliseconds
:Sending Touch (ACTION_DOWN): 0:(817.0,221.0)
:Sending Touch (ACTION_MOVE): 0:(817.60284,221.3299)
:Sending Touch (ACTION_MOVE): 0:(819.0954,222.17738)
:Sending Touch (ACTION_MOVE): 0:(827.1756,224.56104)
:Sending Touch (ACTION_MOVE): 0:(830.2488,224.96283)
:Sending Touch (ACTION_MOVE): 0:(833.43353,226.2511)
:Sending Touch (ACTION_MOVE): 0:(840.6831,230.31133)
:Sending Touch (ACTION_MOVE): 0:(846.38135,234.38792)
:Sending Touch (ACTION_MOVE): 0:(854.8277,236.00066)
:Sending Touch (ACTION_MOVE): 0:(855.5924,238.82588)
:Sending Touch (ACTION_UP): 0:(858.3482,239.37946)
Sleeping for 500 milliseconds
:Sending Key (ACTION_DOWN): 22    // KEYCODE_DPAD_RIGHT
:Sending Key (ACTION_UP): 22    // KEYCODE_DPAD_RIGHT
Sleeping for 500 milliseconds
:Sending Touch (ACTION_DOWN): 0:(557.0,1623.0)
:Sending Touch (ACTION_POINTER_DOWN 1): 0:(556.83014,1628.3306) 1:(295.0,855.0)
:Sending Touch (ACTION_MOVE): 0:(541.61304,1641.0548) 1:(280.5941,843.70654)
:Sending Touch (ACTION_MOVE): 0:(524.83813,1643.3798) 1:(274.50168,837.72253)
:Sending Touch (ACTION_MOVE): 0:(524.2327,1655.8777) 1:(269.86423,832.57947)
:Sending Touch (ACTION_MOVE): 0:(517.8399,1662.1086) 1:(261.62787,826.0026)
:Sending Touch (ACTION_MOVE): 0:(503.98373,1672.0394) 1:(256.50656,819.6802)
:Sending Touch (ACTION_MOVE): 0:(495.3293,1675.4053) 1:(242.75139,809.47296)
:Sending Touch (ACTION_MOVE): 0:(478.91046,1684.1655) 1:(241.58774,806.1899)
:Sending Touch (ACTION_MOVE): 0:(463.95514,1685.7533) 1:(230.46866,794.035)
:Sending Touch (ACTION_POINTER_UP 1): 0:(454.04987,1685.9055) 1:(226.98302,793.931)
:Sending Touch (ACTION_UP): 0:(444.53912,1695.8762)
Sleeping for 500 milliseconds
:Sending Touch (ACTION_DOWN): 0:(202.0,206.0)
:Sending Touch (ACTION_UP): 0:(200.19354,201.15102)
Sleeping for 500 milliseconds
:Sending Touch (ACTION_DOWN): 0:(655.0,1747.0)
:Sending Touch (ACTION_UP): 0:(656.31494,1743.9807)
Sleeping for 500 milliseconds
:Sending Key (ACTION_DOWN): 82    // KEYCODE_MENU
:Sending Key (ACTION_UP): 82    // KEYCODE_MENU
Sleeping for 500 milliseconds
:Sending Key (ACTION_DOWN): 22    // KEYCODE_DPAD_RIGHT
:Sending Key (ACTION_UP): 22    // KEYCODE_DPAD_RIGHT
Sleeping for 500 milliseconds
:Sending Key (ACTION_DOWN): 22    // KEYCODE_DPAD_RIGHT
:Sending Key (ACTION_UP): 22    // KEYCODE_DPAD_RIGHT
Sleeping for 500 milliseconds
:Sending Trackball (ACTION_MOVE): 0:(4.0,-1.0)
:Sending Trackball (ACTION_MOVE): 0:(3.0,1.0)
:Sending Trackball (ACTION_MOVE): 0:(1.0,-3.0)
:Sending Trackball (ACTION_MOVE): 0:(-2.0,-3.0)
:Sending Trackball (ACTION_MOVE): 0:(-1.0,-2.0)
:Sending Trackball (ACTION_MOVE): 0:(-3.0,0.0)
:Sending Trackball (ACTION_MOVE): 0:(-5.0,2.0)
:Sending Trackball (ACTION_MOVE): 0:(3.0,0.0)
:Sending Trackball (ACTION_MOVE): 0:(2.0,-2.0)
:Sending Trackball (ACTION_MOVE): 0:(4.0,-1.0)
:Sending Trackball (ACTION_DOWN): 0:(0.0,0.0)
:Sending Trackball (ACTION_UP): 0:(0.0,0.0)
Sleeping for 500 milliseconds
:Sending Key (ACTION_DOWN): 22    // KEYCODE_DPAD_RIGHT
:Sending Key (ACTION_UP): 22    // KEYCODE_DPAD_RIGHT
Sleeping for 500 milliseconds
:Sending Touch (ACTION_DOWN): 0:(570.0,1459.0)
:Sending Touch (ACTION_UP): 0:(554.2099,1459.8262)
Sleeping for 500 milliseconds
    // Allowing start of Intent { cmp=com.litatom.app/com.lit.app.ui.me.UserDetailActivity } in package com.litatom.app
:Sending Trackball (ACTION_MOVE): 0:(1.0,2.0)
:Sending Trackball (ACTION_MOVE): 0:(1.0,1.0)
:Sending Trackball (ACTION_MOVE): 0:(0.0,-2.0)
:Sending Trackball (ACTION_MOVE): 0:(1.0,3.0)
:Sending Trackball (ACTION_MOVE): 0:(2.0,0.0)
:Sending Trackball (ACTION_MOVE): 0:(0.0,-4.0)
:Sending Trackball (ACTION_MOVE): 0:(2.0,-2.0)
:Sending Trackball (ACTION_MOVE): 0:(-4.0,-4.0)
:Sending Trackball (ACTION_MOVE): 0:(-2.0,2.0)
:Sending Trackball (ACTION_MOVE): 0:(0.0,-1.0)
:Sending Trackball (ACTION_MOVE): 0:(1.0,-2.0)
:Sending Trackball (ACTION_MOVE): 0:(-5.0,2.0)
:Sending Trackball (ACTION_MOVE): 0:(-3.0,4.0)
:Sending Trackball (ACTION_MOVE): 0:(-5.0,-3.0)
:Sending Trackball (ACTION_MOVE): 0:(3.0,-5.0)
:Sending Trackball (ACTION_MOVE): 0:(-3.0,-2.0)
:Sending Trackball (ACTION_MOVE): 0:(2.0,-3.0)
:Sending Trackball (ACTION_MOVE): 0:(1.0,0.0)
:Sending Trackball (ACTION_MOVE): 0:(2.0,4.0)
:Sending Trackball (ACTION_MOVE): 0:(2.0,4.0)
:Sending Touch (ACTION_DOWN): 0:(885.0,31.0)
:Sending Touch (ACTION_UP): 0:(882.9829,28.970114)
Sleeping for 500 milliseconds
:Sending Key (ACTION_DOWN): 82    // KEYCODE_MENU
:Sending Key (ACTION_UP): 82    // KEYCODE_MENU
Sleeping for 500 milliseconds
:Sending Key (ACTION_DOWN): 20    // KEYCODE_DPAD_DOWN
:Sending Key (ACTION_UP): 20    // KEYCODE_DPAD_DOWN
Sleeping for 500 milliseconds
:Sending Key (ACTION_DOWN): 21    // KEYCODE_DPAD_LEFT
:Sending Key (ACTION_UP): 21    // KEYCODE_DPAD_LEFT
Sleeping for 500 milliseconds
:Sending Key (ACTION_DOWN): 3    // KEYCODE_HOME
:Sending Key (ACTION_UP): 3    // KEYCODE_HOME
    // Rejecting start of Intent { act=android.intent.action.MAIN cat=[android.intent.category.HOME] cmp=com.android.launcher3/.Launcher } in package com.android.launcher3
Sleeping for 500 milliseconds
:Sending Trackball (ACTION_MOVE): 0:(-5.0,2.0)
:Sending Trackball (ACTION_MOVE): 0:(-2.0,-5.0)
    //[calendar_time:2022-09-19 16:12:06.667  system_uptime:17173399]
    // Sending event #400
:Sending Trackball (ACTION_MOVE): 0:(-2.0,1.0)
:Sending Trackball (ACTION_MOVE): 0:(1.0,-1.0)
:Sending Trackball (ACTION_MOVE): 0:(2.0,1.0)
:Sending Trackball (ACTION_MOVE): 0:(1.0,3.0)
:Sending Trackball (ACTION_MOVE): 0:(-5.0,0.0)
:Sending Trackball (ACTION_MOVE): 0:(-3.0,3.0)
:Sending Trackball (ACTION_MOVE): 0:(0.0,-3.0)
:Sending Trackball (ACTION_MOVE): 0:(0.0,2.0)
:Sending Key (ACTION_DOWN): 265    // KEYCODE_STEM_1
:Sending Key (ACTION_UP): 265    // KEYCODE_STEM_1
Sleeping for 500 milliseconds
    // Allowing start of Intent { cmp=com.litatom.app/com.lit.app.party.PartyChatActivity } in package com.litatom.app
:Sending Touch (ACTION_DOWN): 0:(180.0,728.0)
:Sending Touch (ACTION_MOVE): 0:(196.15504,726.14307)
:Sending Touch (ACTION_MOVE): 0:(203.05109,716.8094)
:Sending Touch (ACTION_MOVE): 0:(213.70622,714.5752)
:Sending Touch (ACTION_MOVE): 0:(222.5728,712.8414)
:Sending Touch (ACTION_MOVE): 0:(227.61232,709.24133)
:Sending Touch (ACTION_MOVE): 0:(229.44757,702.1809)
:Sending Touch (ACTION_UP): 0:(235.97224,693.64386)
Sleeping for 500 milliseconds
:Sending Key (ACTION_DOWN): 20    // KEYCODE_DPAD_DOWN
:Sending Key (ACTION_UP): 20    // KEYCODE_DPAD_DOWN
Sleeping for 500 milliseconds
:Sending Key (ACTION_DOWN): 82    // KEYCODE_MENU
:Sending Key (ACTION_UP): 82    // KEYCODE_MENU
Sleeping for 500 milliseconds
:Sending Touch (ACTION_DOWN): 0:(1061.0,1268.0)
:Sending Touch (ACTION_MOVE): 0:(1041.5018,1267.12)
:Sending Touch (ACTION_MOVE): 0:(1038.022,1266.4762)
:Sending Touch (ACTION_MOVE): 0:(1032.1802,1266.2327)
:Sending Touch (ACTION_MOVE): 0:(1031.342,1263.0261)
:Sending Touch (ACTION_UP): 0:(1024.5261,1262.2836)
Sleeping for 500 milliseconds
    // Allowing start of Intent { cmp=com.litatom.app/com.lit.app.ui.me.UserDetailActivity } in package com.litatom.app
:Sending Trackball (ACTION_MOVE): 0:(0.0,-4.0)
:Sending Trackball (ACTION_MOVE): 0:(-3.0,4.0)
:Sending Trackball (ACTION_MOVE): 0:(-2.0,-1.0)
:Sending Trackball (ACTION_MOVE): 0:(-2.0,-5.0)
:Sending Trackball (ACTION_MOVE): 0:(-3.0,4.0)
:Sending Trackball (ACTION_MOVE): 0:(-5.0,-2.0)
:Sending Trackball (ACTION_MOVE): 0:(1.0,-4.0)
:Sending Trackball (ACTION_MOVE): 0:(2.0,3.0)
:Sending Trackball (ACTION_MOVE): 0:(-2.0,3.0)
:Sending Trackball (ACTION_MOVE): 0:(3.0,-2.0)
:Sending Touch (ACTION_DOWN): 0:(730.0,969.0)
:Sending Touch (ACTION_UP): 0:(717.4983,972.3982)
Sleeping for 500 milliseconds
:Sending Key (ACTION_DOWN): 20    // KEYCODE_DPAD_DOWN
:Sending Key (ACTION_UP): 20    // KEYCODE_DPAD_DOWN
Sleeping for 500 milliseconds
:Sending Trackball (ACTION_MOVE): 0:(-5.0,2.0)
:Sending Trackball (ACTION_MOVE): 0:(-1.0,-3.0)
:Sending Trackball (ACTION_MOVE): 0:(2.0,0.0)
:Sending Trackball (ACTION_MOVE): 0:(-2.0,-4.0)
:Sending Trackball (ACTION_MOVE): 0:(4.0,-1.0)
:Sending Trackball (ACTION_MOVE): 0:(-2.0,3.0)
:Sending Trackball (ACTION_MOVE): 0:(-3.0,-4.0)
:Sending Trackball (ACTION_MOVE): 0:(4.0,-3.0)
:Sending Trackball (ACTION_MOVE): 0:(-4.0,3.0)
:Sending Trackball (ACTION_MOVE): 0:(-3.0,1.0)
:Sending Touch (ACTION_DOWN): 0:(264.0,1805.0)
:Sending Touch (ACTION_UP): 0:(260.0475,1814.9062)
Sleeping for 500 milliseconds
:Sending Key (ACTION_DOWN): 82    // KEYCODE_MENU
:Sending Key (ACTION_UP): 82    // KEYCODE_MENU
    // Allowing start of Intent { cmp=com.litatom.app/com.lit.app.ui.chat.ChatActivity } in package com.litatom.app
Sleeping for 500 milliseconds
:Sending Key (ACTION_DOWN): 218    // KEYCODE_KANA
:Sending Key (ACTION_UP): 218    // KEYCODE_KANA
Sleeping for 500 milliseconds
:Sending Trackball (ACTION_MOVE): 0:(-3.0,-1.0)
:Sending Trackball (ACTION_MOVE): 0:(-1.0,-5.0)
:Sending Trackball (ACTION_MOVE): 0:(-5.0,4.0)
:Sending Trackball (ACTION_MOVE): 0:(-3.0,-5.0)
:Sending Trackball (ACTION_MOVE): 0:(2.0,2.0)
:Sending Trackball (ACTION_MOVE): 0:(2.0,1.0)
:Sending Trackball (ACTION_MOVE): 0:(3.0,-3.0)
:Sending Trackball (ACTION_MOVE): 0:(3.0,-5.0)
:Sending Trackball (ACTION_MOVE): 0:(1.0,-3.0)
:Sending Trackball (ACTION_MOVE): 0:(-3.0,-5.0)
:Sending Key (ACTION_DOWN): 20    // KEYCODE_DPAD_DOWN
:Sending Key (ACTION_UP): 20    // KEYCODE_DPAD_DOWN
Sleeping for 500 milliseconds
    // Allowing start of Intent { cmp=com.litatom.app/com.lit.app.ui.feed.DetailsActivity } in package com.litatom.app
    // Allowing start of Intent { cmp=com.litatom.app/com.lit.app.party.PartyChatActivity } in package com.litatom.app
:Sending Key (ACTION_DOWN): 19    // KEYCODE_DPAD_UP
:Sending Key (ACTION_UP): 19    // KEYCODE_DPAD_UP
Sleeping for 500 milliseconds
:Sending Flip keyboardOpen=true
Sleeping for 500 milliseconds
:Sending Key (ACTION_DOWN): 19    // KEYCODE_DPAD_UP
:Sending Key (ACTION_UP): 19    // KEYCODE_DPAD_UP
Sleeping for 500 milliseconds
    // Allowing start of Intent { act=android.intent.action.MAIN cat=[android.intent.category.LAUNCHER] cmp=com.litatom.app/com.lit.app.ui.SplashActivity } in package com.litatom.app
:Sending Touch (ACTION_DOWN): 0:(1032.0,1488.0)
:Sending Touch (ACTION_UP): 0:(1036.5396,1486.9984)
Sleeping for 500 milliseconds
:Sending Key (ACTION_DOWN): 23    // KEYCODE_DPAD_CENTER
:Sending Key (ACTION_UP): 23    // KEYCODE_DPAD_CENTER
Sleeping for 500 milliseconds
:Sending Key (ACTION_DOWN): 82    // KEYCODE_MENU
:Sending Key (ACTION_UP): 82    // KEYCODE_MENU
Sleeping for 500 milliseconds
:Sending Key (ACTION_DOWN): 193    // KEYCODE_BUTTON_6
:Sending Key (ACTION_UP): 193    // KEYCODE_BUTTON_6
Sleeping for 500 milliseconds
:Sending Key (ACTION_DOWN): 23    // KEYCODE_DPAD_CENTER
:Sending Key (ACTION_UP): 23    // KEYCODE_DPAD_CENTER
Sleeping for 500 milliseconds
:Sending Key (ACTION_DOWN): 21    // KEYCODE_DPAD_LEFT
:Sending Key (ACTION_UP): 21    // KEYCODE_DPAD_LEFT
Sleeping for 500 milliseconds
:Sending Key (ACTION_DOWN): 21    // KEYCODE_DPAD_LEFT
:Sending Key (ACTION_UP): 21    // KEYCODE_DPAD_LEFT
Sleeping for 500 milliseconds
:Sending Touch (ACTION_DOWN): 0:(198.0,776.0)
:Sending Touch (ACTION_UP): 0:(195.6104,790.37555)
Sleeping for 500 milliseconds
:Sending Key (ACTION_DOWN): 23    // KEYCODE_DPAD_CENTER
:Sending Key (ACTION_UP): 23    // KEYCODE_DPAD_CENTER
Sleeping for 500 milliseconds
:Sending Key (ACTION_DOWN): 19    // KEYCODE_DPAD_UP
:Sending Key (ACTION_UP): 19    // KEYCODE_DPAD_UP
Sleeping for 500 milliseconds
:Sending Touch (ACTION_DOWN): 0:(428.0,1884.0)
:Sending Touch (ACTION_MOVE): 0:(428.87845,1899.0513)
:Sending Touch (ACTION_MOVE): 0:(429.2735,1913.1893)
:Sending Touch (ACTION_MOVE): 0:(430.2724,1920.0)
:Sending Touch (ACTION_MOVE): 0:(430.88824,1920.0)
    //[calendar_time:2022-09-19 16:12:19.804  system_uptime:17186537]
    // Sending event #500
:Sending Touch (ACTION_UP): 0:(431.19296,1920.0)
Sleeping for 500 milliseconds
:Sending Trackball (ACTION_MOVE): 0:(-3.0,0.0)
:Sending Trackball (ACTION_MOVE): 0:(0.0,0.0)
:Sending Trackball (ACTION_MOVE): 0:(-4.0,1.0)
:Sending Trackball (ACTION_MOVE): 0:(3.0,-3.0)
:Sending Trackball (ACTION_MOVE): 0:(4.0,2.0)
:Sending Trackball (ACTION_MOVE): 0:(4.0,-2.0)
:Sending Trackball (ACTION_MOVE): 0:(-3.0,-2.0)
:Sending Trackball (ACTION_MOVE): 0:(2.0,2.0)
:Sending Trackball (ACTION_MOVE): 0:(-2.0,-1.0)
:Sending Trackball (ACTION_MOVE): 0:(0.0,2.0)
:Sending Key (ACTION_DOWN): 24    // KEYCODE_VOLUME_UP
:Sending Key (ACTION_UP): 24    // KEYCODE_VOLUME_UP
Sleeping for 500 milliseconds
:Sending Touch (ACTION_DOWN): 0:(556.0,1417.0)
:Sending Touch (ACTION_POINTER_DOWN 1): 0:(540.13696,1401.887) 1:(702.0,377.0)
:Sending Touch (ACTION_MOVE): 0:(523.8479,1387.4878) 1:(710.79346,368.4122)
:Sending Touch (ACTION_POINTER_UP 1): 0:(522.6234,1386.8141) 1:(715.3745,358.84662)
:Sending Touch (ACTION_UP): 0:(511.8555,1368.2563)
Sleeping for 500 milliseconds
:Sending Key (ACTION_DOWN): 21    // KEYCODE_DPAD_LEFT
:Sending Key (ACTION_UP): 21    // KEYCODE_DPAD_LEFT
Sleeping for 500 milliseconds
:Sending Key (ACTION_DOWN): 21    // KEYCODE_DPAD_LEFT
:Sending Key (ACTION_UP): 21    // KEYCODE_DPAD_LEFT
Sleeping for 500 milliseconds
:Sending Key (ACTION_DOWN): 25    // KEYCODE_VOLUME_DOWN
:Sending Key (ACTION_UP): 25    // KEYCODE_VOLUME_DOWN
Sleeping for 500 milliseconds
:Sending Key (ACTION_DOWN): 150    // KEYCODE_NUMPAD_6
:Sending Key (ACTION_UP): 150    // KEYCODE_NUMPAD_6
Sleeping for 500 milliseconds
:Sending Key (ACTION_DOWN): 22    // KEYCODE_DPAD_RIGHT
:Sending Key (ACTION_UP): 22    // KEYCODE_DPAD_RIGHT
Sleeping for 500 milliseconds
:Sending Touch (ACTION_DOWN): 0:(518.0,153.0)
:Sending Touch (ACTION_UP): 0:(517.2947,149.02365)
Sleeping for 500 milliseconds
:Sending Touch (ACTION_DOWN): 0:(68.0,170.0)
:Sending Touch (ACTION_MOVE): 0:(82.8313,161.92589)
:Sending Touch (ACTION_MOVE): 0:(95.37007,149.25487)
:Sending Touch (ACTION_MOVE): 0:(102.22993,138.37645)
:Sending Touch (ACTION_MOVE): 0:(112.96303,131.27684)
:Sending Touch (ACTION_MOVE): 0:(114.019554,115.12772)
:Sending Touch (ACTION_MOVE): 0:(123.45269,99.834175)
:Sending Touch (ACTION_MOVE): 0:(127.99093,80.93117)
:Sending Touch (ACTION_UP): 0:(143.2562,65.29702)
Sleeping for 500 milliseconds
    // activityResuming(com.litatom.app)
    // activityResuming(com.litatom.app)
    // activityResuming(com.litatom.app)
:Sending Key (ACTION_DOWN): 23    // KEYCODE_DPAD_CENTER
:Sending Key (ACTION_UP): 23    // KEYCODE_DPAD_CENTER
Sleeping for 500 milliseconds
:Sending Touch (ACTION_DOWN): 0:(727.0,1415.0)
:Sending Touch (ACTION_UP): 0:(719.73126,1435.7703)
Sleeping for 500 milliseconds
:Sending Key (ACTION_DOWN): 19    // KEYCODE_DPAD_UP
:Sending Key (ACTION_UP): 19    // KEYCODE_DPAD_UP
Sleeping for 500 milliseconds
:Sending Trackball (ACTION_MOVE): 0:(-1.0,4.0)
:Sending Trackball (ACTION_MOVE): 0:(-3.0,-4.0)
:Sending Trackball (ACTION_MOVE): 0:(-2.0,3.0)
:Sending Trackball (ACTION_MOVE): 0:(-2.0,3.0)
:Sending Trackball (ACTION_MOVE): 0:(3.0,-4.0)
:Sending Trackball (ACTION_MOVE): 0:(-5.0,-3.0)
:Sending Trackball (ACTION_MOVE): 0:(-3.0,-2.0)
:Sending Trackball (ACTION_MOVE): 0:(3.0,3.0)
:Sending Trackball (ACTION_MOVE): 0:(1.0,-5.0)
:Sending Trackball (ACTION_MOVE): 0:(2.0,4.0)
:Sending Key (ACTION_DOWN): 82    // KEYCODE_MENU
:Sending Key (ACTION_UP): 82    // KEYCODE_MENU
Sleeping for 500 milliseconds
:Sending Key (ACTION_DOWN): 20    // KEYCODE_DPAD_DOWN
:Sending Key (ACTION_UP): 20    // KEYCODE_DPAD_DOWN
Sleeping for 500 milliseconds
    // activityResuming(com.litatom.app)
:Sending Key (ACTION_DOWN): 23    // KEYCODE_DPAD_CENTER
:Sending Key (ACTION_UP): 23    // KEYCODE_DPAD_CENTER
Sleeping for 500 milliseconds
:Sending Key (ACTION_DOWN): 22    // KEYCODE_DPAD_RIGHT
:Sending Key (ACTION_UP): 22    // KEYCODE_DPAD_RIGHT
Sleeping for 500 milliseconds
:Switch: #Intent;action=android.intent.action.MAIN;category=android.intent.category.LAUNCHER;launchFlags=0x10200000;component=com.litatom.app/com.lit.app.ui.SplashActivity;end
    // Allowing start of Intent { act=android.intent.action.MAIN cat=[android.intent.category.LAUNCHER] cmp=com.litatom.app/com.lit.app.ui.SplashActivity } in package com.litatom.app
Sleeping for 500 milliseconds
:Sending Key (ACTION_DOWN): 95    // KEYCODE_SWITCH_CHARSET
:Sending Key (ACTION_UP): 95    // KEYCODE_SWITCH_CHARSET
Sleeping for 500 milliseconds
    // Allowing start of Intent { cmp=com.litatom.app/com.lit.app.party.PartyChatActivity } in package com.litatom.app
:Sending Key (ACTION_DOWN): 143    // KEYCODE_NUM_LOCK
:Sending Key (ACTION_UP): 143    // KEYCODE_NUM_LOCK
Sleeping for 500 milliseconds
:Sending Touch (ACTION_DOWN): 0:(231.0,1394.0)
:Sending Touch (ACTION_UP): 0:(230.97731,1402.2786)
Sleeping for 500 milliseconds
:Sending Key (ACTION_DOWN): 23    // KEYCODE_DPAD_CENTER
:Sending Key (ACTION_UP): 23    // KEYCODE_DPAD_CENTER
Sleeping for 500 milliseconds
:Sending Key (ACTION_DOWN): 182    // KEYCODE_AVR_INPUT
:Sending Key (ACTION_UP): 182    // KEYCODE_AVR_INPUT
Sleeping for 500 milliseconds
:Sending Key (ACTION_DOWN): 20    // KEYCODE_DPAD_DOWN
:Sending Key (ACTION_UP): 20    // KEYCODE_DPAD_DOWN
Sleeping for 500 milliseconds
:Sending Key (ACTION_DOWN): 20    // KEYCODE_DPAD_DOWN
:Sending Key (ACTION_UP): 20    // KEYCODE_DPAD_DOWN
Sleeping for 500 milliseconds
:Sending Key (ACTION_DOWN): 4    // KEYCODE_BACK
:Sending Key (ACTION_UP): 4    // KEYCODE_BACK
Sleeping for 500 milliseconds
:Sending Touch (ACTION_DOWN): 0:(634.0,1823.0)
:Sending Touch (ACTION_UP): 0:(646.73645,1806.8925)
Sleeping for 500 milliseconds
:Sending Touch (ACTION_DOWN): 0:(81.0,1176.0)
:Sending Touch (ACTION_MOVE): 0:(76.79411,1197.862)
:Sending Touch (ACTION_MOVE): 0:(68.943634,1220.4136)
:Sending Touch (ACTION_MOVE): 0:(66.08818,1223.3551)
:Sending Touch (ACTION_MOVE): 0:(62.9484,1224.1165)
:Sending Touch (ACTION_MOVE): 0:(55.661297,1237.64)
:Sending Touch (ACTION_MOVE): 0:(55.603806,1250.8383)
:Sending Touch (ACTION_UP): 0:(46.961746,1260.307)
Sleeping for 500 milliseconds
:Sending Key (ACTION_DOWN): 101    // KEYCODE_BUTTON_Z
:Sending Key (ACTION_UP): 101    // KEYCODE_BUTTON_Z
Sleeping for 500 milliseconds
:Sending Key (ACTION_DOWN): 22    // KEYCODE_DPAD_RIGHT
:Sending Key (ACTION_UP): 22    // KEYCODE_DPAD_RIGHT
Sleeping for 500 milliseconds
:Sending Touch (ACTION_DOWN): 0:(646.0,756.0)
:Sending Touch (ACTION_UP): 0:(640.9253,757.09814)
Sleeping for 500 milliseconds
:Sending Touch (ACTION_DOWN): 0:(472.0,540.0)
:Sending Touch (ACTION_UP): 0:(484.70312,552.9047)
Sleeping for 500 milliseconds
:Sending Key (ACTION_DOWN): 23    // KEYCODE_DPAD_CENTER
:Sending Key (ACTION_UP): 23    // KEYCODE_DPAD_CENTER
    //[calendar_time:2022-09-19 16:12:36.527  system_uptime:17203260]
    // Sending event #600
Sleeping for 500 milliseconds
    //[calendar_time:2022-09-19 16:12:37.028  system_uptime:17203760]
    // Sending event #600
:Sending Trackball (ACTION_MOVE): 0:(2.0,-2.0)
:Sending Trackball (ACTION_MOVE): 0:(-2.0,2.0)
:Sending Trackball (ACTION_MOVE): 0:(2.0,-2.0)
:Sending Trackball (ACTION_MOVE): 0:(2.0,4.0)
:Sending Trackball (ACTION_MOVE): 0:(-1.0,-3.0)
:Sending Trackball (ACTION_MOVE): 0:(2.0,2.0)
:Sending Trackball (ACTION_MOVE): 0:(3.0,4.0)
:Sending Trackball (ACTION_MOVE): 0:(2.0,0.0)
:Sending Trackball (ACTION_MOVE): 0:(2.0,3.0)
:Sending Trackball (ACTION_MOVE): 0:(1.0,-5.0)
:Sending Key (ACTION_DOWN): 19    // KEYCODE_DPAD_UP
:Sending Key (ACTION_UP): 19    // KEYCODE_DPAD_UP
Sleeping for 500 milliseconds
:Sending Key (ACTION_DOWN): 20    // KEYCODE_DPAD_DOWN
:Sending Key (ACTION_UP): 20    // KEYCODE_DPAD_DOWN
Sleeping for 500 milliseconds
:Sending Key (ACTION_DOWN): 3    // KEYCODE_HOME
:Sending Key (ACTION_UP): 3    // KEYCODE_HOME
    // Rejecting start of Intent { act=android.intent.action.MAIN cat=[android.intent.category.HOME] cmp=com.android.launcher3/.Launcher } in package com.android.launcher3
Sleeping for 500 milliseconds
:Sending Key (ACTION_DOWN): 10    // KEYCODE_3
:Sending Key (ACTION_UP): 10    // KEYCODE_3
Sleeping for 500 milliseconds
:Sending Key (ACTION_DOWN): 23    // KEYCODE_DPAD_CENTER
:Sending Key (ACTION_UP): 23    // KEYCODE_DPAD_CENTER
Sleeping for 500 milliseconds
:Sending Trackball (ACTION_MOVE): 0:(-5.0,-5.0)
:Sending Trackball (ACTION_MOVE): 0:(-3.0,-1.0)
:Sending Trackball (ACTION_MOVE): 0:(-4.0,0.0)
:Sending Trackball (ACTION_MOVE): 0:(-1.0,1.0)
:Sending Trackball (ACTION_MOVE): 0:(4.0,-1.0)
:Sending Trackball (ACTION_MOVE): 0:(4.0,2.0)
:Sending Trackball (ACTION_MOVE): 0:(-4.0,-1.0)
:Sending Trackball (ACTION_MOVE): 0:(-4.0,4.0)
:Sending Trackball (ACTION_MOVE): 0:(-4.0,1.0)
:Sending Trackball (ACTION_MOVE): 0:(0.0,2.0)
:Sending Touch (ACTION_DOWN): 0:(278.0,834.0)
:Sending Touch (ACTION_UP): 0:(279.38144,830.71783)
Sleeping for 500 milliseconds
:Sending Key (ACTION_DOWN): 21    // KEYCODE_DPAD_LEFT
:Sending Key (ACTION_UP): 21    // KEYCODE_DPAD_LEFT
Sleeping for 500 milliseconds
:Sending Touch (ACTION_DOWN): 0:(767.0,613.0)
:Sending Touch (ACTION_UP): 0:(779.0816,605.80634)
Sleeping for 500 milliseconds
:Sending Touch (ACTION_DOWN): 0:(32.0,1916.0)
:Sending Touch (ACTION_UP): 0:(22.997833,1919.5247)
Sleeping for 500 milliseconds
:Sending Key (ACTION_DOWN): 20    // KEYCODE_DPAD_DOWN
:Sending Key (ACTION_UP): 20    // KEYCODE_DPAD_DOWN
Sleeping for 500 milliseconds
:Sending Key (ACTION_DOWN): 121    // KEYCODE_BREAK
:Sending Key (ACTION_UP): 121    // KEYCODE_BREAK
Sleeping for 500 milliseconds
:Sending Key (ACTION_DOWN): 23    // KEYCODE_DPAD_CENTER
:Sending Key (ACTION_UP): 23    // KEYCODE_DPAD_CENTER
Sleeping for 500 milliseconds
:Sending Touch (ACTION_DOWN): 0:(1006.0,1719.0)
:Sending Touch (ACTION_UP): 0:(1005.4978,1708.0437)
Sleeping for 500 milliseconds
:Sending Touch (ACTION_DOWN): 0:(160.0,1640.0)
:Sending Touch (ACTION_UP): 0:(162.69656,1635.0381)
Sleeping for 500 milliseconds
:Sending Touch (ACTION_DOWN): 0:(971.0,1353.0)
:Sending Touch (ACTION_UP): 0:(954.6388,1349.5514)
Sleeping for 500 milliseconds
:Sending Touch (ACTION_DOWN): 0:(993.0,65.0)
:Sending Touch (ACTION_UP): 0:(1016.9376,58.61526)
Sleeping for 500 milliseconds
:Sending Trackball (ACTION_MOVE): 0:(2.0,3.0)
:Sending Trackball (ACTION_MOVE): 0:(-5.0,-2.0)
:Sending Trackball (ACTION_MOVE): 0:(-5.0,1.0)
:Sending Trackball (ACTION_MOVE): 0:(1.0,-3.0)
:Sending Trackball (ACTION_MOVE): 0:(1.0,-1.0)
:Sending Trackball (ACTION_MOVE): 0:(1.0,1.0)
:Sending Trackball (ACTION_MOVE): 0:(-2.0,-1.0)
:Sending Trackball (ACTION_MOVE): 0:(0.0,-4.0)
:Sending Trackball (ACTION_MOVE): 0:(-2.0,-1.0)
:Sending Trackball (ACTION_MOVE): 0:(3.0,1.0)
:Switch: #Intent;action=android.intent.action.MAIN;category=android.intent.category.LAUNCHER;launchFlags=0x10200000;component=com.litatom.app/com.lit.app.ui.SplashActivity;end
    // Allowing start of Intent { act=android.intent.action.MAIN cat=[android.intent.category.LAUNCHER] cmp=com.litatom.app/com.lit.app.ui.SplashActivity } in package com.litatom.app
Sleeping for 500 milliseconds
:Sending Key (ACTION_DOWN): 20    // KEYCODE_DPAD_DOWN
:Sending Key (ACTION_UP): 20    // KEYCODE_DPAD_DOWN
Sleeping for 500 milliseconds
:Sending Touch (ACTION_DOWN): 0:(792.0,282.0)
:Sending Touch (ACTION_UP): 0:(802.5651,284.8365)
Sleeping for 500 milliseconds
:Sending Key (ACTION_DOWN): 19    // KEYCODE_DPAD_UP
:Sending Key (ACTION_UP): 19    // KEYCODE_DPAD_UP
Sleeping for 500 milliseconds
:Sending Key (ACTION_DOWN): 21    // KEYCODE_DPAD_LEFT
:Sending Key (ACTION_UP): 21    // KEYCODE_DPAD_LEFT
Sleeping for 500 milliseconds
:Sending Key (ACTION_DOWN): 82    // KEYCODE_MENU
:Sending Key (ACTION_UP): 82    // KEYCODE_MENU
Sleeping for 500 milliseconds
:Sending Touch (ACTION_DOWN): 0:(309.0,1672.0)
:Sending Touch (ACTION_MOVE): 0:(312.39,1673.4818)
:Sending Touch (ACTION_MOVE): 0:(318.67624,1680.6372)
:Sending Touch (ACTION_MOVE): 0:(331.3977,1688.1942)
:Sending Touch (ACTION_MOVE): 0:(354.73187,1691.3043)
:Sending Touch (ACTION_MOVE): 0:(379.17877,1696.2299)
:Sending Touch (ACTION_MOVE): 0:(398.18488,1702.6172)
:Sending Touch (ACTION_UP): 0:(403.80783,1710.9742)
Sleeping for 500 milliseconds
:Sending Touch (ACTION_DOWN): 0:(33.0,1145.0)
:Sending Touch (ACTION_UP): 0:(47.73666,1145.8517)
Sleeping for 500 milliseconds
:Sending Key (ACTION_DOWN): 22    // KEYCODE_DPAD_RIGHT
:Sending Key (ACTION_UP): 22    // KEYCODE_DPAD_RIGHT
Sleeping for 500 milliseconds
:Sending Touch (ACTION_DOWN): 0:(423.0,1079.0)
:Sending Touch (ACTION_MOVE): 0:(411.9578,1073.3988)
:Sending Touch (ACTION_UP): 0:(410.32693,1058.3319)
Sleeping for 500 milliseconds
:Sending Key (ACTION_DOWN): 261    // KEYCODE_NAVIGATE_NEXT
:Sending Key (ACTION_UP): 261    // KEYCODE_NAVIGATE_NEXT
Sleeping for 500 milliseconds
:Sending Key (ACTION_DOWN): 19    // KEYCODE_DPAD_UP
:Sending Key (ACTION_UP): 19    // KEYCODE_DPAD_UP
Sleeping for 500 milliseconds
:Sending Touch (ACTION_DOWN): 0:(1028.0,96.0)
:Sending Touch (ACTION_UP): 0:(1045.9491,89.930885)
Sleeping for 500 milliseconds
:Sending Touch (ACTION_DOWN): 0:(713.0,1177.0)
:Sending Touch (ACTION_UP): 0:(713.0509,1176.9579)
Sleeping for 500 milliseconds
:Sending Touch (ACTION_DOWN): 0:(431.0,891.0)
:Sending Touch (ACTION_UP): 0:(428.98663,877.27496)
Sleeping for 500 milliseconds
:Sending Touch (ACTION_DOWN): 0:(365.0,1592.0)
:Sending Touch (ACTION_UP): 0:(377.5811,1589.155)
    //[calendar_time:2022-09-19 16:12:52.766  system_uptime:17219498]
    // Sending event #700
Sleeping for 500 milliseconds
    //[calendar_time:2022-09-19 16:12:53.266  system_uptime:17219999]
    // Sending event #700
:Sending Key (ACTION_DOWN): 208    // KEYCODE_CALENDAR
:Sending Key (ACTION_UP): 208    // KEYCODE_CALENDAR
Sleeping for 500 milliseconds
:Sending Key (ACTION_DOWN): 11    // KEYCODE_4
:Sending Key (ACTION_UP): 11    // KEYCODE_4
Sleeping for 500 milliseconds
:Switch: #Intent;action=android.intent.action.MAIN;category=android.intent.category.LAUNCHER;launchFlags=0x10200000;component=com.litatom.app/com.lit.app.ui.SplashActivity;end
    // Allowing start of Intent { act=android.intent.action.MAIN cat=[android.intent.category.LAUNCHER] cmp=com.litatom.app/com.lit.app.ui.SplashActivity } in package com.litatom.app
Sleeping for 500 milliseconds
:Sending Key (ACTION_DOWN): 82    // KEYCODE_MENU
:Sending Key (ACTION_UP): 82    // KEYCODE_MENU
Sleeping for 500 milliseconds
:Sending Key (ACTION_DOWN): 19    // KEYCODE_DPAD_UP
:Sending Key (ACTION_UP): 19    // KEYCODE_DPAD_UP
Sleeping for 500 milliseconds
    // Rejecting start of Intent { cmp=com.android.systemui/.recents.RecentsActivity } in package com.android.systemui
:Sending Key (ACTION_DOWN): 19    // KEYCODE_DPAD_UP
:Sending Key (ACTION_UP): 19    // KEYCODE_DPAD_UP
Sleeping for 500 milliseconds
:Sending Key (ACTION_DOWN): 21    // KEYCODE_DPAD_LEFT
:Sending Key (ACTION_UP): 21    // KEYCODE_DPAD_LEFT
Sleeping for 500 milliseconds
:Sending Trackball (ACTION_MOVE): 0:(4.0,4.0)
:Sending Trackball (ACTION_MOVE): 0:(-5.0,-3.0)
:Sending Trackball (ACTION_MOVE): 0:(0.0,-4.0)
:Sending Trackball (ACTION_MOVE): 0:(-3.0,-3.0)
:Sending Trackball (ACTION_MOVE): 0:(2.0,-4.0)
:Sending Trackball (ACTION_MOVE): 0:(-4.0,1.0)
:Sending Trackball (ACTION_MOVE): 0:(2.0,-3.0)
:Sending Trackball (ACTION_MOVE): 0:(2.0,-2.0)
:Sending Trackball (ACTION_MOVE): 0:(-3.0,3.0)
:Sending Trackball (ACTION_MOVE): 0:(4.0,4.0)
:Sending Key (ACTION_DOWN): 23    // KEYCODE_DPAD_CENTER
:Sending Key (ACTION_UP): 23    // KEYCODE_DPAD_CENTER
Sleeping for 500 milliseconds
:Sending Touch (ACTION_DOWN): 0:(286.0,1776.0)
:Sending Touch (ACTION_UP): 0:(289.33765,1773.6626)
Sleeping for 500 milliseconds
:Sending Key (ACTION_DOWN): 82    // KEYCODE_MENU
:Sending Key (ACTION_UP): 82    // KEYCODE_MENU
Sleeping for 500 milliseconds
:Sending Key (ACTION_DOWN): 23    // KEYCODE_DPAD_CENTER
:Sending Key (ACTION_UP): 23    // KEYCODE_DPAD_CENTER
Sleeping for 500 milliseconds
:Sending Key (ACTION_DOWN): 78    // KEYCODE_NUM
:Sending Key (ACTION_UP): 78    // KEYCODE_NUM
Sleeping for 500 milliseconds
:Sending Touch (ACTION_DOWN): 0:(432.0,284.0)
:Sending Touch (ACTION_UP): 0:(432.4704,280.77673)
Sleeping for 500 milliseconds
:Sending Key (ACTION_DOWN): 21    // KEYCODE_DPAD_LEFT
:Sending Key (ACTION_UP): 21    // KEYCODE_DPAD_LEFT
Sleeping for 500 milliseconds
:Sending Touch (ACTION_DOWN): 0:(326.0,1720.0)
:Sending Touch (ACTION_UP): 0:(322.66864,1721.5729)
Sleeping for 500 milliseconds
:Sending Touch (ACTION_DOWN): 0:(529.0,197.0)
:Sending Touch (ACTION_UP): 0:(529.0434,207.46327)
Sleeping for 500 milliseconds
:Sending Key (ACTION_DOWN): 3    // KEYCODE_HOME
:Sending Key (ACTION_UP): 3    // KEYCODE_HOME
    // Rejecting start of Intent { act=android.intent.action.MAIN cat=[android.intent.category.HOME] cmp=com.android.launcher3/.Launcher } in package com.android.launcher3
Sleeping for 500 milliseconds
:Sending Key (ACTION_DOWN): 22    // KEYCODE_DPAD_RIGHT
:Sending Key (ACTION_UP): 22    // KEYCODE_DPAD_RIGHT
Sleeping for 500 milliseconds
:Sending Key (ACTION_DOWN): 20    // KEYCODE_DPAD_DOWN
:Sending Key (ACTION_UP): 20    // KEYCODE_DPAD_DOWN
Sleeping for 500 milliseconds
:Sending Key (ACTION_DOWN): 82    // KEYCODE_MENU
:Sending Key (ACTION_UP): 82    // KEYCODE_MENU
Sleeping for 500 milliseconds
:Sending Touch (ACTION_DOWN): 0:(916.0,1398.0)
:Sending Touch (ACTION_MOVE): 0:(911.7443,1397.9948)
:Sending Touch (ACTION_MOVE): 0:(907.99115,1397.8716)
:Sending Touch (ACTION_MOVE): 0:(904.6352,1397.8301)
:Sending Touch (ACTION_MOVE): 0:(901.6633,1397.756)
:Sending Touch (ACTION_MOVE): 0:(896.99274,1397.6958)
:Sending Touch (ACTION_UP): 0:(896.6424,1397.6854)
Sleeping for 500 milliseconds
:Sending Key (ACTION_DOWN): 19    // KEYCODE_DPAD_UP
:Sending Key (ACTION_UP): 19    // KEYCODE_DPAD_UP
Sleeping for 500 milliseconds
:Sending Key (ACTION_DOWN): 20    // KEYCODE_DPAD_DOWN
:Sending Key (ACTION_UP): 20    // KEYCODE_DPAD_DOWN
Sleeping for 500 milliseconds
:Sending Trackball (ACTION_MOVE): 0:(-1.0,1.0)
:Sending Trackball (ACTION_MOVE): 0:(2.0,-3.0)
:Sending Trackball (ACTION_MOVE): 0:(1.0,-5.0)
:Sending Trackball (ACTION_MOVE): 0:(0.0,0.0)
:Sending Trackball (ACTION_MOVE): 0:(-4.0,4.0)
:Sending Trackball (ACTION_MOVE): 0:(3.0,2.0)
:Sending Trackball (ACTION_MOVE): 0:(3.0,-3.0)
:Sending Trackball (ACTION_MOVE): 0:(4.0,-1.0)
:Sending Trackball (ACTION_MOVE): 0:(1.0,-4.0)
:Sending Trackball (ACTION_MOVE): 0:(3.0,3.0)
:Sending Trackball (ACTION_MOVE): 0:(-3.0,4.0)
:Sending Trackball (ACTION_MOVE): 0:(-3.0,4.0)
:Sending Trackball (ACTION_MOVE): 0:(4.0,2.0)
:Sending Trackball (ACTION_MOVE): 0:(-1.0,2.0)
:Sending Trackball (ACTION_MOVE): 0:(-2.0,2.0)
:Sending Trackball (ACTION_MOVE): 0:(-2.0,1.0)
:Sending Trackball (ACTION_MOVE): 0:(1.0,-4.0)
:Sending Trackball (ACTION_MOVE): 0:(-5.0,3.0)
:Sending Trackball (ACTION_MOVE): 0:(2.0,4.0)
:Sending Trackball (ACTION_MOVE): 0:(4.0,1.0)
:Sending Touch (ACTION_DOWN): 0:(414.0,1624.0)
:Sending Touch (ACTION_UP): 0:(411.98633,1637.8096)
Sleeping for 500 milliseconds
:Sending Key (ACTION_DOWN): 21    // KEYCODE_DPAD_LEFT
:Sending Key (ACTION_UP): 21    // KEYCODE_DPAD_LEFT
Sleeping for 500 milliseconds
:Sending Key (ACTION_DOWN): 208    // KEYCODE_CALENDAR
:Sending Key (ACTION_UP): 208    // KEYCODE_CALENDAR
Sleeping for 500 milliseconds
:Sending Key (ACTION_DOWN): 139    // KEYCODE_F9
:Sending Key (ACTION_UP): 139    // KEYCODE_F9
Sleeping for 500 milliseconds
:Sending Key (ACTION_DOWN): 19    // KEYCODE_DPAD_UP
:Sending Key (ACTION_UP): 19    // KEYCODE_DPAD_UP
Sleeping for 500 milliseconds
    // activityResuming(com.litatom.app)
:Sending Key (ACTION_DOWN): 21    // KEYCODE_DPAD_LEFT
:Sending Key (ACTION_UP): 21    // KEYCODE_DPAD_LEFT
Sleeping for 500 milliseconds
:Sending Trackball (ACTION_MOVE): 0:(0.0,2.0)
:Sending Trackball (ACTION_MOVE): 0:(0.0,-4.0)
:Sending Trackball (ACTION_MOVE): 0:(2.0,0.0)
:Sending Trackball (ACTION_MOVE): 0:(0.0,-4.0)
:Sending Trackball (ACTION_MOVE): 0:(-2.0,-2.0)
:Sending Trackball (ACTION_MOVE): 0:(4.0,1.0)
:Sending Trackball (ACTION_MOVE): 0:(0.0,2.0)
:Sending Trackball (ACTION_MOVE): 0:(-1.0,-5.0)
    //[calendar_time:2022-09-19 16:13:08.097  system_uptime:17234829]
    // Sending event #800
:Sending Trackball (ACTION_MOVE): 0:(-1.0,1.0)
:Sending Trackball (ACTION_MOVE): 0:(-2.0,2.0)
:Sending Trackball (ACTION_MOVE): 0:(1.0,2.0)
:Sending Trackball (ACTION_MOVE): 0:(-4.0,-3.0)
:Sending Trackball (ACTION_MOVE): 0:(-3.0,-1.0)
:Sending Trackball (ACTION_MOVE): 0:(-1.0,0.0)
:Sending Trackball (ACTION_MOVE): 0:(-1.0,1.0)
:Sending Trackball (ACTION_MOVE): 0:(1.0,0.0)
:Sending Trackball (ACTION_MOVE): 0:(-3.0,2.0)
:Sending Trackball (ACTION_MOVE): 0:(-3.0,3.0)
:Sending Trackball (ACTION_MOVE): 0:(4.0,-1.0)
:Sending Trackball (ACTION_MOVE): 0:(4.0,-5.0)
:Sending Key (ACTION_DOWN): 122    // KEYCODE_MOVE_HOME
:Sending Key (ACTION_UP): 122    // KEYCODE_MOVE_HOME
Sleeping for 500 milliseconds
:Sending Touch (ACTION_DOWN): 0:(859.0,1840.0)
:Sending Touch (ACTION_UP): 0:(858.99744,1826.4386)
Sleeping for 500 milliseconds
    // Allowing start of Intent { cmp=com.litatom.app/com.lit.app.ui.chat.ChatActivity } in package com.litatom.app
:Sending Key (ACTION_DOWN): 23    // KEYCODE_DPAD_CENTER
:Sending Key (ACTION_UP): 23    // KEYCODE_DPAD_CENTER
Sleeping for 500 milliseconds
:Sending Trackball (ACTION_MOVE): 0:(-2.0,-4.0)
:Sending Trackball (ACTION_MOVE): 0:(-5.0,-2.0)
:Sending Trackball (ACTION_MOVE): 0:(1.0,1.0)
:Sending Trackball (ACTION_MOVE): 0:(-1.0,-2.0)
:Sending Trackball (ACTION_MOVE): 0:(1.0,-5.0)
:Sending Trackball (ACTION_MOVE): 0:(3.0,-5.0)
:Sending Trackball (ACTION_MOVE): 0:(1.0,4.0)
:Sending Trackball (ACTION_MOVE): 0:(2.0,-5.0)
:Sending Trackball (ACTION_MOVE): 0:(-3.0,0.0)
:Sending Trackball (ACTION_MOVE): 0:(4.0,3.0)
:Sending Key (ACTION_DOWN): 23    // KEYCODE_DPAD_CENTER
:Sending Key (ACTION_UP): 23    // KEYCODE_DPAD_CENTER
Sleeping for 500 milliseconds
:Sending Key (ACTION_DOWN): 19    // KEYCODE_DPAD_UP
:Sending Key (ACTION_UP): 19    // KEYCODE_DPAD_UP
Sleeping for 500 milliseconds
:Sending Key (ACTION_DOWN): 23    // KEYCODE_DPAD_CENTER
:Sending Key (ACTION_UP): 23    // KEYCODE_DPAD_CENTER
Sleeping for 500 milliseconds
:Sending Touch (ACTION_DOWN): 0:(859.0,1777.0)
:Sending Touch (ACTION_MOVE): 0:(862.3029,1778.7)
:Sending Touch (ACTION_MOVE): 0:(869.88727,1780.5024)
:Sending Touch (ACTION_MOVE): 0:(876.13556,1783.3662)
:Sending Touch (ACTION_MOVE): 0:(881.98584,1785.9935)
:Sending Touch (ACTION_MOVE): 0:(884.5551,1790.2108)
:Sending Touch (ACTION_MOVE): 0:(884.9901,1793.3224)
:Sending Touch (ACTION_UP): 0:(890.0451,1795.8407)
Sleeping for 500 milliseconds
:Sending Key (ACTION_DOWN): 21    // KEYCODE_DPAD_LEFT
:Sending Key (ACTION_UP): 21    // KEYCODE_DPAD_LEFT
Sleeping for 500 milliseconds
:Sending Touch (ACTION_DOWN): 0:(829.0,1478.0)
:Sending Touch (ACTION_UP): 0:(832.93866,1481.9474)
Sleeping for 500 milliseconds
:Sending Key (ACTION_DOWN): 20    // KEYCODE_DPAD_DOWN
:Sending Key (ACTION_UP): 20    // KEYCODE_DPAD_DOWN
Sleeping for 500 milliseconds
:Sending Key (ACTION_DOWN): 19    // KEYCODE_DPAD_UP
:Sending Key (ACTION_UP): 19    // KEYCODE_DPAD_UP
Sleeping for 500 milliseconds
:Sending Key (ACTION_DOWN): 20    // KEYCODE_DPAD_DOWN
:Sending Key (ACTION_UP): 20    // KEYCODE_DPAD_DOWN
Sleeping for 500 milliseconds
:Sending Key (ACTION_DOWN): 22    // KEYCODE_DPAD_RIGHT
:Sending Key (ACTION_UP): 22    // KEYCODE_DPAD_RIGHT
Sleeping for 500 milliseconds
:Sending Key (ACTION_DOWN): 125    // KEYCODE_FORWARD
:Sending Key (ACTION_UP): 125    // KEYCODE_FORWARD
Sleeping for 500 milliseconds
    // activityResuming(com.litatom.app)
:Sending Key (ACTION_DOWN): 37    // KEYCODE_I
:Sending Key (ACTION_UP): 37    // KEYCODE_I
Sleeping for 500 milliseconds
:Sending Trackball (ACTION_MOVE): 0:(-1.0,-3.0)
:Sending Trackball (ACTION_MOVE): 0:(-4.0,1.0)
:Sending Trackball (ACTION_MOVE): 0:(2.0,-5.0)
:Sending Trackball (ACTION_MOVE): 0:(2.0,-2.0)
:Sending Trackball (ACTION_MOVE): 0:(-3.0,0.0)
:Sending Trackball (ACTION_MOVE): 0:(0.0,0.0)
:Sending Trackball (ACTION_MOVE): 0:(-3.0,4.0)
:Sending Trackball (ACTION_MOVE): 0:(4.0,-1.0)
:Sending Trackball (ACTION_MOVE): 0:(-2.0,-2.0)
:Sending Trackball (ACTION_MOVE): 0:(-1.0,2.0)
:Sending Key (ACTION_DOWN): 215    // KEYCODE_KATAKANA_HIRAGANA
:Sending Key (ACTION_UP): 215    // KEYCODE_KATAKANA_HIRAGANA
Sleeping for 500 milliseconds
:Sending Key (ACTION_DOWN): 206    // KEYCODE_3D_MODE
:Sending Key (ACTION_UP): 206    // KEYCODE_3D_MODE
Sleeping for 500 milliseconds
    // Allowing start of Intent { act=android.intent.action.MAIN cat=[android.intent.category.LAUNCHER] cmp=com.litatom.app/com.lit.app.ui.SplashActivity } in package com.litatom.app
:Sending Touch (ACTION_DOWN): 0:(310.0,1387.0)
:Sending Touch (ACTION_MOVE): 0:(312.61838,1384.2809)
:Sending Touch (ACTION_MOVE): 0:(315.0781,1378.5826)
:Sending Touch (ACTION_MOVE): 0:(315.28738,1375.2106)
:Sending Touch (ACTION_MOVE): 0:(317.11157,1373.1597)
:Sending Touch (ACTION_MOVE): 0:(320.24115,1369.9409)
:Sending Touch (ACTION_MOVE): 0:(321.6897,1363.1067)
:Sending Touch (ACTION_MOVE): 0:(323.9006,1359.1781)
:Sending Touch (ACTION_MOVE): 0:(325.236,1352.4537)
:Sending Touch (ACTION_UP): 0:(328.1868,1349.8479)
Sleeping for 500 milliseconds
:Sending Key (ACTION_DOWN): 19    // KEYCODE_DPAD_UP
:Sending Key (ACTION_UP): 19    // KEYCODE_DPAD_UP
Sleeping for 500 milliseconds
:Sending Touch (ACTION_DOWN): 0:(301.0,1789.0)
:Sending Touch (ACTION_POINTER_DOWN 1): 0:(300.7674,1772.0546) 1:(650.0,754.0)
:Sending Touch (ACTION_MOVE): 0:(300.59103,1768.7681) 1:(643.4621,758.99615)
:Sending Touch (ACTION_MOVE): 0:(297.26697,1753.2429) 1:(632.4627,767.1863)
:Sending Touch (ACTION_MOVE): 0:(293.17468,1751.5717) 1:(613.88586,772.0413)
:Sending Touch (ACTION_MOVE): 0:(286.7047,1738.1907) 1:(597.2026,778.1403)
:Sending Touch (ACTION_MOVE): 0:(279.7345,1726.6945) 1:(590.1993,786.1155)
:Sending Touch (ACTION_POINTER_UP 1): 0:(278.79977,1709.5964) 1:(588.3727,795.96454)
:Sending Touch (ACTION_UP): 0:(277.03397,1700.8356)
Sleeping for 500 milliseconds
:Sending Key (ACTION_DOWN): 23    // KEYCODE_DPAD_CENTER
:Sending Key (ACTION_UP): 23    // KEYCODE_DPAD_CENTER
Sleeping for 500 milliseconds
:Sending Key (ACTION_DOWN): 19    // KEYCODE_DPAD_UP
:Sending Key (ACTION_UP): 19    // KEYCODE_DPAD_UP
Sleeping for 500 milliseconds
:Sending Touch (ACTION_DOWN): 0:(724.0,718.0)
:Sending Touch (ACTION_MOVE): 0:(726.1846,715.2634)
:Sending Touch (ACTION_MOVE): 0:(728.0323,710.8217)
    //[calendar_time:2022-09-19 16:13:19.577  system_uptime:17246309]
    // Sending event #900
:Sending Touch (ACTION_MOVE): 0:(729.36475,706.4616)
:Sending Touch (ACTION_MOVE): 0:(733.6417,697.5726)
:Sending Touch (ACTION_MOVE): 0:(739.30725,695.0738)
:Sending Touch (ACTION_UP): 0:(742.6283,694.1497)
Sleeping for 500 milliseconds
:Sending Key (ACTION_DOWN): 22    // KEYCODE_DPAD_RIGHT
:Sending Key (ACTION_UP): 22    // KEYCODE_DPAD_RIGHT
Sleeping for 500 milliseconds
:Sending Key (ACTION_DOWN): 226    // KEYCODE_MEDIA_TOP_MENU
:Sending Key (ACTION_UP): 226    // KEYCODE_MEDIA_TOP_MENU
Sleeping for 500 milliseconds
:Sending Key (ACTION_DOWN): 22    // KEYCODE_DPAD_RIGHT
:Sending Key (ACTION_UP): 22    // KEYCODE_DPAD_RIGHT
Sleeping for 500 milliseconds
    // Allowing start of Intent { act=android.intent.action.MAIN cat=[android.intent.category.LAUNCHER] cmp=com.litatom.app/com.lit.app.ui.SplashActivity } in package com.litatom.app
:Sending Key (ACTION_DOWN): 82    // KEYCODE_MENU
:Sending Key (ACTION_UP): 82    // KEYCODE_MENU
Sleeping for 500 milliseconds
:Sending Trackball (ACTION_MOVE): 0:(-5.0,0.0)
:Sending Trackball (ACTION_MOVE): 0:(-2.0,-1.0)
:Sending Trackball (ACTION_MOVE): 0:(3.0,-2.0)
:Sending Trackball (ACTION_MOVE): 0:(4.0,1.0)
:Sending Trackball (ACTION_MOVE): 0:(2.0,4.0)
:Sending Trackball (ACTION_MOVE): 0:(0.0,-4.0)
:Sending Trackball (ACTION_MOVE): 0:(2.0,1.0)
:Sending Trackball (ACTION_MOVE): 0:(2.0,3.0)
:Sending Trackball (ACTION_MOVE): 0:(0.0,-1.0)
:Sending Trackball (ACTION_MOVE): 0:(1.0,1.0)
:Sending Key (ACTION_DOWN): 82    // KEYCODE_MENU
:Sending Key (ACTION_UP): 82    // KEYCODE_MENU
Sleeping for 500 milliseconds
:Sending Key (ACTION_DOWN): 23    // KEYCODE_DPAD_CENTER
:Sending Key (ACTION_UP): 23    // KEYCODE_DPAD_CENTER
Sleeping for 500 milliseconds
:Sending Key (ACTION_DOWN): 22    // KEYCODE_DPAD_RIGHT
:Sending Key (ACTION_UP): 22    // KEYCODE_DPAD_RIGHT
Sleeping for 500 milliseconds
:Sending Key (ACTION_DOWN): 22    // KEYCODE_DPAD_RIGHT
:Sending Key (ACTION_UP): 22    // KEYCODE_DPAD_RIGHT
Sleeping for 500 milliseconds
:Sending Key (ACTION_DOWN): 21    // KEYCODE_DPAD_LEFT
:Sending Key (ACTION_UP): 21    // KEYCODE_DPAD_LEFT
Sleeping for 500 milliseconds
:Switch: #Intent;action=android.intent.action.MAIN;category=android.intent.category.LAUNCHER;launchFlags=0x10200000;component=com.litatom.app/com.lit.app.ui.SplashActivity;end
    // Allowing start of Intent { act=android.intent.action.MAIN cat=[android.intent.category.LAUNCHER] cmp=com.litatom.app/com.lit.app.ui.SplashActivity } in package com.litatom.app
Sleeping for 500 milliseconds
:Sending Key (ACTION_DOWN): 19    // KEYCODE_DPAD_UP
:Sending Key (ACTION_UP): 19    // KEYCODE_DPAD_UP
Sleeping for 500 milliseconds
:Sending Trackball (ACTION_MOVE): 0:(-4.0,-2.0)
:Sending Trackball (ACTION_MOVE): 0:(1.0,-4.0)
:Sending Trackball (ACTION_MOVE): 0:(-3.0,-5.0)
:Sending Trackball (ACTION_MOVE): 0:(-5.0,3.0)
:Sending Trackball (ACTION_MOVE): 0:(-1.0,1.0)
:Sending Trackball (ACTION_MOVE): 0:(3.0,-5.0)
:Sending Trackball (ACTION_MOVE): 0:(-4.0,-1.0)
:Sending Trackball (ACTION_MOVE): 0:(2.0,1.0)
:Sending Trackball (ACTION_MOVE): 0:(0.0,-4.0)
:Sending Trackball (ACTION_MOVE): 0:(4.0,-2.0)
:Sending Touch (ACTION_DOWN): 0:(233.0,1837.0)
:Sending Touch (ACTION_MOVE): 0:(229.98653,1839.3813)
:Sending Touch (ACTION_MOVE): 0:(226.07689,1842.2225)
:Sending Touch (ACTION_MOVE): 0:(224.3688,1847.8739)
:Sending Touch (ACTION_UP): 0:(222.81105,1855.7883)
Sleeping for 500 milliseconds
:Sending Key (ACTION_DOWN): 19    // KEYCODE_DPAD_UP
:Sending Key (ACTION_UP): 19    // KEYCODE_DPAD_UP
Sleeping for 500 milliseconds
:Sending Trackball (ACTION_MOVE): 0:(-4.0,1.0)
:Sending Trackball (ACTION_MOVE): 0:(3.0,-5.0)
:Sending Trackball (ACTION_MOVE): 0:(-3.0,3.0)
:Sending Trackball (ACTION_MOVE): 0:(4.0,0.0)
:Sending Trackball (ACTION_MOVE): 0:(1.0,0.0)
:Sending Trackball (ACTION_MOVE): 0:(4.0,-3.0)
:Sending Trackball (ACTION_MOVE): 0:(2.0,-4.0)
:Sending Trackball (ACTION_MOVE): 0:(3.0,-4.0)
:Sending Trackball (ACTION_MOVE): 0:(-2.0,1.0)
:Sending Trackball (ACTION_MOVE): 0:(3.0,2.0)
:Sending Trackball (ACTION_MOVE): 0:(-5.0,1.0)
:Sending Trackball (ACTION_MOVE): 0:(3.0,-2.0)
:Sending Trackball (ACTION_MOVE): 0:(4.0,-1.0)
:Sending Trackball (ACTION_MOVE): 0:(3.0,4.0)
:Sending Trackball (ACTION_MOVE): 0:(3.0,3.0)
:Sending Trackball (ACTION_MOVE): 0:(-2.0,4.0)
:Sending Trackball (ACTION_MOVE): 0:(2.0,2.0)
:Sending Trackball (ACTION_MOVE): 0:(-2.0,-3.0)
:Sending Trackball (ACTION_MOVE): 0:(-5.0,-4.0)
:Sending Trackball (ACTION_MOVE): 0:(2.0,0.0)
:Sending Touch (ACTION_DOWN): 0:(430.0,1767.0)
:Sending Touch (ACTION_MOVE): 0:(435.70142,1772.4028)
:Sending Touch (ACTION_MOVE): 0:(438.54382,1790.2753)
:Sending Touch (ACTION_MOVE): 0:(448.47134,1800.0768)
:Sending Touch (ACTION_MOVE): 0:(459.9261,1815.9634)
:Sending Touch (ACTION_MOVE): 0:(466.99573,1821.808)
:Sending Touch (ACTION_UP): 0:(478.16876,1834.1973)
Sleeping for 500 milliseconds
:Sending Key (ACTION_DOWN): 21    // KEYCODE_DPAD_LEFT
:Sending Key (ACTION_UP): 21    // KEYCODE_DPAD_LEFT
Sleeping for 500 milliseconds
:Sending Key (ACTION_DOWN): 23    // KEYCODE_DPAD_CENTER
:Sending Key (ACTION_UP): 23    // KEYCODE_DPAD_CENTER
Sleeping for 500 milliseconds
:Sending Key (ACTION_DOWN): 192    // KEYCODE_BUTTON_5
:Sending Key (ACTION_UP): 192    // KEYCODE_BUTTON_5
Sleeping for 500 milliseconds
:Sending Key (ACTION_DOWN): 23    // KEYCODE_DPAD_CENTER
:Sending Key (ACTION_UP): 23    // KEYCODE_DPAD_CENTER
Sleeping for 500 milliseconds
:Sending Touch (ACTION_DOWN): 0:(726.0,532.0)
:Sending Touch (ACTION_UP): 0:(724.83514,529.3265)
Sleeping for 500 milliseconds
:Sending Touch (ACTION_DOWN): 0:(439.0,669.0)
:Sending Touch (ACTION_MOVE): 0:(435.93353,648.55237)
:Sending Touch (ACTION_MOVE): 0:(435.64557,641.2766)
:Sending Touch (ACTION_MOVE): 0:(428.13876,622.96106)
:Sending Touch (ACTION_UP): 0:(413.1913,603.22015)
Sleeping for 500 milliseconds
:Sending Touch (ACTION_DOWN): 0:(499.0,1297.0)
:Sending Touch (ACTION_MOVE): 0:(516.1347,1310.7819)
:Sending Touch (ACTION_UP): 0:(522.9106,1319.6582)
Sleeping for 500 milliseconds
:Sending Key (ACTION_DOWN): 211    // KEYCODE_ZENKAKU_HANKAKU
:Sending Key (ACTION_UP): 211    // KEYCODE_ZENKAKU_HANKAKU
Sleeping for 500 milliseconds
:Sending Key (ACTION_DOWN): 221    // KEYCODE_BRIGHTNESS_UP
    // Rejecting start of Intent { act=android.intent.action.SHOW_BRIGHTNESS_DIALOG cmp=com.android.systemui/.settings.BrightnessDialog } in package com.android.systemui
    //[calendar_time:2022-09-19 16:13:31.337  system_uptime:17258069]
    // Sending event #1000
:Sending Key (ACTION_UP): 221    // KEYCODE_BRIGHTNESS_UP
Sleeping for 500 milliseconds
:Sending Key (ACTION_DOWN): 19    // KEYCODE_DPAD_UP
:Sending Key (ACTION_UP): 19    // KEYCODE_DPAD_UP
Sleeping for 500 milliseconds
:Sending Key (ACTION_DOWN): 21    // KEYCODE_DPAD_LEFT
:Sending Key (ACTION_UP): 21    // KEYCODE_DPAD_LEFT
Sleeping for 500 milliseconds
:Sending Trackball (ACTION_MOVE): 0:(-1.0,3.0)
:Sending Trackball (ACTION_MOVE): 0:(-2.0,1.0)
:Sending Trackball (ACTION_MOVE): 0:(-5.0,-4.0)
:Sending Trackball (ACTION_MOVE): 0:(-2.0,1.0)
:Sending Trackball (ACTION_MOVE): 0:(0.0,-5.0)
:Sending Trackball (ACTION_MOVE): 0:(-4.0,-1.0)
:Sending Trackball (ACTION_MOVE): 0:(0.0,-3.0)
:Sending Trackball (ACTION_MOVE): 0:(2.0,4.0)
:Sending Trackball (ACTION_MOVE): 0:(-4.0,-1.0)
:Sending Trackball (ACTION_MOVE): 0:(-1.0,-2.0)
:Sending Trackball (ACTION_DOWN): 0:(0.0,0.0)
:Sending Trackball (ACTION_UP): 0:(0.0,0.0)
Sleeping for 500 milliseconds
:Sending Key (ACTION_DOWN): 20    // KEYCODE_DPAD_DOWN
:Sending Key (ACTION_UP): 20    // KEYCODE_DPAD_DOWN
Sleeping for 500 milliseconds
:Sending Touch (ACTION_DOWN): 0:(921.0,1128.0)
:Sending Touch (ACTION_UP): 0:(921.6496,1112.8859)
Sleeping for 500 milliseconds
